	                ;*********************************************************************************************************
	                ; 
	                ; Autogenerated by DizAssembler:
	                ;   https://github.com/codenjoyme/8080-emulator/blob/master/src/main/java/spec/assembler/DizAssembler.java
	                ; From: src/main/resources/lik/apps/tetris3/tetris3.rks
	                ; In test: DizAssemblerTest.testDizAssembly()
	                ; 
	                ;*********************************************************************************************************
	                
	                         CPU  8080
	                         .ORG 011A0h
	                lleni    EQU 07FB0h
	                loiic    EQU 07FB7h
	                lftte    EQU 08FE3h
	                lcvvd    EQU 0C42Dh
11A0	C3 00 29                 JMP lkevz
11A3	00 00 00 00              DB 000h, 000h, 000h, 000h, 0FFh, 030h, 001h, 000h, 000h, 000h
	. . .
11AB	00 00 

11AD	00 3C 00 00              DB 000h, 03Ch, 000h, 000h, 008h, 008h, 008h, 008h, 000h, 03Ch
	. . .
11B5	00 3C 

11B7	00 00 08 08              DB 000h, 000h, 008h, 008h, 008h, 008h, 000h, 01Ch, 004h, 000h
	. . .
11BF	04 00 

11C1	0C 08 08 00              DB 00Ch, 008h, 008h, 000h, 000h, 010h, 01Ch, 000h, 008h, 008h
	. . .
11C9	08 08 

11CB	18 00 00 1C              DB 018h, 000h, 000h, 01Ch, 010h, 000h, 010h, 010h, 018h, 000h
	. . .
11D3	18 00 

11D5	00 04 1C 00              DB 000h, 004h, 01Ch, 000h, 018h, 008h, 008h, 000h, 000h, 01Ch
	. . .
11DD	00 1C 

11DF	08 00 08 0C              DB 008h, 000h, 008h, 00Ch, 008h, 000h, 000h, 008h, 01Ch, 000h
	. . .
11E7	1C 00 

11E9	08 18 08 00              DB 008h, 018h, 008h, 000h, 000h, 00Ch, 018h, 000h, 008h, 00Ch
	. . .
11F1	08 0C 

11F3	04 00 00 0C              DB 004h, 000h, 000h, 00Ch, 018h, 000h, 008h, 00Ch, 004h, 000h
	. . .
11FB	04 00 

11FD	00 18 0C 00              DB 000h, 018h, 00Ch, 000h, 004h, 00Ch, 008h, 000h, 000h, 018h
	. . .
1205	00 18 

1207	0C 00 04 0C              DB 00Ch, 000h, 004h, 00Ch, 008h, 000h, 000h, 018h, 018h, 000h
	. . .
120F	18 00 

1211	00 18 18 00              DB 000h, 018h, 018h, 000h, 000h, 018h, 018h, 000h, 000h, 018h
	. . .
1219	00 18 

121B	18 00 FF C3              DB 018h, 000h, 0FFh, 0C3h, 0A5h, 099h, 099h, 0A5h, 0C3h, 0FFh
	. . .
1223	C3 FF 

1225	00 7E 7E 7E              DB 000h, 07Eh, 07Eh, 07Eh, 07Eh, 07Eh, 07Eh, 000h, 000h, 000h
	. . .
122D	00 00 

122F	00 18 18 00              DB 000h, 018h, 018h, 000h, 000h, 000h, 000h, 000h, 000h, 000h
	. . .
1237	00 00 

1239	00 00 00 00              DB 000h, 000h, 000h, 000h, 00Ch, 075h, 072h, 06Fh, 077h, 065h
	. . .
1241	77 65 

1243	6E 78 3A 0A              DB 06Eh, 078h, 03Ah, 00Ah, 00Dh, 073h, 074h, 072h, 06Fh, 06Bh
	. . .
124B	6F 6B 

124D	3A 0A 0D 66              DB 03Ah, 00Ah, 00Dh, 066h, 069h, 067h, 075h, 072h, 03Ah, 00Ah
	. . .
1255	3A 0A 

1257	0D 73 7E 65              DB 00Dh, 073h, 07Eh, 065h, 074h, 03Ah, 000h, 000h, 000h, 000h
	. . .
125F	00 00 

1261	00 00 00 00              DB 000h, 000h, 000h, 000h, 072h, 079h, 028h, 059h, 02Fh, 04Eh
	. . .
1269	2F 4E 

126B	29 3F 00 0A              DB 029h, 03Fh, 000h, 00Ah, 00Dh, 075h, 070h, 072h, 061h, 077h
	. . .
1273	61 77 

1275	6C 65 6E 69              DB 06Ch, 065h, 06Eh, 069h, 065h, 03Ah, 020h, 049h, 000h, 000h
	. . .
127D	00 00 

127F	00 00 00 00              DB 000h, 000h, 000h, 000h, 000h, 000h, 000h, 000h, 000h, 000h
	. . .
1287	00 00 

1289	00 00 00 00              DB 000h, 000h, 000h, 000h, 000h, 000h, 000h, 000h, 000h, 000h
	. . .
1291	00 00 

1293	00 00 00 00              DB 000h, 000h, 000h, 000h, 000h, 000h, 000h, 000h, 000h, 000h
	. . .
129B	00 00 

129D	00 00 00 00              DB 000h, 000h, 000h, 000h, 000h, 000h, 000h, 000h, 000h, 000h
	. . .
12A5	00 00 

12A7	00 00 00 00              DB 000h, 000h, 000h, 000h, 000h, 000h, 000h, 000h, 000h, 000h
	. . .
12AF	00 00 

12B1	71 28 30 2D              DB 071h, 028h, 030h, 02Dh, 06Fh, 07Eh, 069h, 073h, 074h, 06Bh
	. . .
12B9	74 6B 

12BB	61 20 74 61              DB 061h, 020h, 074h, 061h, 062h, 06Ch, 069h, 063h, 079h, 029h
	. . .
12C3	79 29 

12C5	3F 00 0A 0D              DB 03Fh, 000h, 00Ah, 00Dh, 075h, 072h, 06Fh, 077h, 065h, 06Eh
	. . .
12CD	65 6E 

12CF	78 28 30 2D              DB 078h, 028h, 030h, 02Dh, 046h, 029h, 03Fh, 000h, 00Ah, 00Dh
	. . .
12D7	0A 0D 

12D9	54 20 64 72              DB 054h, 020h, 064h, 072h, 065h, 062h, 065h, 07Ah, 067h, 061h
	. . .
12E1	67 61 

12E3	28 31 2D 37              DB 028h, 031h, 02Dh, 037h, 030h, 029h, 03Fh, 000h, 000h, 000h
	. . .
12EB	00 00 

12ED	00 00 FF FF              DB 000h, 000h, 0FFh, 0FFh, 0C3h, 000h, 000h, 0C3h, 000h, 000h
	. . .
12F5	00 00 

12F7	24 C9 25 C9              DB 024h, 0C9h, 025h, 0C9h, 0F5h, 07Dh, 0C6h, 008h, 06Fh, 0F1h
	. . .
12FF	6F F1 

1301	C9 F5 3E 08              DB 0C9h, 0F5h, 03Eh, 008h, 0CDh, 00Ch, 013h, 085h, 06Fh, 0F1h
	. . .
1309	6F F1 

130B	C9 C5 4F 78              DB 0C9h, 0C5h, 04Fh, 078h, 0FEh, 000h, 0CAh, 01Ah, 013h, 0AFh
	. . .
1313	13 AF 

1315	81 05 C2 15              DB 081h, 005h, 0C2h, 015h, 013h, 0C1h, 0C9h, 0D5h, 05Fh, 016h
	. . .
131D	5F 16 

131F	00 19 D1 C9              DB 000h, 019h, 0D1h, 0C9h, 0C5h, 0F5h, 047h, 07Dh, 090h, 06Fh
	. . .
1327	90 6F 

1329	7C DE 00 67              DB 07Ch, 0DEh, 000h, 067h, 078h, 0F1h, 0C1h, 0C9h, 0C5h, 0E5h
	. . .
1331	C5 E5 

1333	22 FC 8F 06              DB 022h, 0FCh, 08Fh, 006h, 004h, 00Eh, 07Fh, 0CDh, 037h, 0C0h
	. . .
133B	37 C0 

133D	05 C2 3A 13              DB 005h, 0C2h, 03Ah, 013h, 0E1h, 022h, 0FCh, 08Fh, 0C1h, 0C9h
	. . .
1345	C1 C9 

1347	21 08 1B CD              DB 021h, 008h, 01Bh, 0CDh, 031h, 013h, 03Ah, 0A3h, 011h, 0CDh
	. . .
134F	11 CD 

1351	06 24 C9 21              DB 006h, 024h, 0C9h, 021h, 01Ch, 01Bh, 0CDh, 031h, 013h, 02Ah
	. . .
1359	13 2A 

135B	5F 12 CD 03              DB 05Fh, 012h, 0CDh, 003h, 024h, 0C9h, 021h, 012h, 01Bh, 0CDh
	. . .
1363	1B CD 

1365	31 13 2A 88              DB 031h, 013h, 02Ah, 088h, 012h, 0CDh, 003h, 024h, 021h, 026h
	. . .
136D	21 26 

136F	1B CD 31 13              DB 01Bh, 0CDh, 031h, 013h, 02Ah, 0A4h, 011h, 0CDh, 003h, 024h
	. . .
1377	03 24 

1379	C9 7C FE 00              DB 0C9h, 07Ch, 0FEh, 000h, 0CAh, 090h, 013h, 0C5h, 0D5h, 0E5h
	. . .
1381	D5 E5 

1383	06 08 1A 77              DB 006h, 008h, 01Ah, 077h, 013h, 023h, 005h, 0C2h, 085h, 013h
	. . .
138B	85 13 

138D	E1 D1 C1 C9              DB 0E1h, 0D1h, 0C1h, 0C9h, 0C5h, 0EBh, 02Ah, 0A5h, 012h, 006h
	. . .
1395	12 06 

1397	08 7E 23 EB              DB 008h, 07Eh, 023h, 0EBh, 0A6h, 0C2h, 0A8h, 013h, 023h, 0EBh
	. . .
139F	23 EB 

13A1	05 C2 98 13              DB 005h, 0C2h, 098h, 013h, 0C1h, 0AFh, 0C9h, 0C1h, 037h, 0C9h
	. . .
13A9	37 C9 

13AB	06 08 C5 D5              DB 006h, 008h, 0C5h, 0D5h, 0E5h, 07Eh, 012h, 023h, 013h, 005h
	. . .
13B3	13 05 

13B5	C2 B0 13 E1              DB 0C2h, 0B0h, 013h, 0E1h, 0D1h, 0C1h, 0C9h, 03Eh, 082h, 032h
	. . .
13BD	82 32 

13BF	03 FF 3A 01              DB 003h, 0FFh, 03Ah, 001h, 0FFh, 0E6h, 008h, 0C2h, 012h, 014h
	. . .
13C7	12 14 

13C9	2A A7 11 CD              DB 02Ah, 0A7h, 011h, 0CDh, 042h, 014h, 03Eh, 091h, 032h, 003h
	. . .
13D1	32 03 

13D3	FF 3A 00 FF              DB 0FFh, 03Ah, 000h, 0FFh, 0FEh, 0F7h, 0CAh, 00Fh, 014h, 0FEh
	. . .
13DB	14 FE 

13DD	EF CA 0C 14              DB 0EFh, 0CAh, 00Ch, 014h, 0FEh, 0DFh, 0CAh, 009h, 014h, 0FEh
	. . .
13E5	14 FE 

13E7	BF CA 06 14              DB 0BFh, 0CAh, 006h, 014h, 0FEh, 07Fh, 0CAh, 003h, 014h, 03Ah
	. . .
13EF	14 3A 

13F1	02 FF FE 0D              DB 002h, 0FFh, 0FEh, 00Dh, 0C2h, 012h, 014h, 03Ah, 002h, 0FFh
	. . .
13F9	02 FF 

13FB	FE 07 C2 F8              DB 0FEh, 007h, 0C2h, 0F8h, 013h, 0C3h, 012h, 014h, 03Eh, 001h
	. . .
1403	3E 01 

1405	C9 3E 03 C9              DB 0C9h, 03Eh, 003h, 0C9h, 03Eh, 002h, 0C9h, 03Eh, 004h, 0C9h
	. . .
140D	04 C9 

140F	3E 05 C9 3E              DB 03Eh, 005h, 0C9h, 03Eh, 006h, 0C9h, 000h, 0C9h, 0E5h, 0C5h
	. . .
1417	E5 C5 

1419	2A A9 11 0E              DB 02Ah, 0A9h, 011h, 00Eh, 010h, 07Ch, 029h, 0E6h, 060h, 0EAh
	. . .
1421	60 EA 

1423	26 14 23 0D              DB 026h, 014h, 023h, 00Dh, 0C2h, 01Eh, 014h, 022h, 0A9h, 011h
	. . .
142B	A9 11 

142D	7D C1 E1 C9              DB 07Dh, 0C1h, 0E1h, 0C9h, 0CDh, 017h, 014h, 0E6h, 003h, 0C9h
	. . .
1435	03 C9 

1437	CD 17 14 E6              DB 0CDh, 017h, 014h, 0E6h, 007h, 0FEh, 007h, 0CAh, 037h, 014h
	. . .
143F	37 14 

1441	C9 F5 7D 00              DB 0C9h, 0F5h, 07Dh, 000h, 03Dh, 0C2h, 044h, 014h, 025h, 0C2h
	. . .
1449	25 C2 

144B	43 14 F1 C9              DB 043h, 014h, 0F1h, 0C9h, 021h, 05Eh, 012h, 011h, 0EFh, 012h
	. . .
1453	EF 12 

1455	36 00 23 CD              DB 036h, 000h, 023h, 0CDh, 027h, 0C4h, 0C2h, 055h, 014h, 021h
	. . .
145D	14 21 

145F	00 00 22 A4              DB 000h, 000h, 022h, 0A4h, 011h, 03Ah, 0A6h, 011h, 0E6h, 00Fh
	. . .
1467	E6 0F 

1469	3C 47 CD 17              DB 03Ch, 047h, 0CDh, 017h, 014h, 005h, 0C2h, 06Bh, 014h, 03Ah
	. . .
1471	14 3A 

1473	A7 11 32 AF              DB 0A7h, 011h, 032h, 0AFh, 012h, 032h, 0ABh, 012h, 03Eh, 001h
	. . .
147B	3E 01 

147D	32 B0 12 CD              DB 032h, 0B0h, 012h, 0CDh, 010h, 0C0h, 021h, 03Dh, 012h, 0CDh
	. . .
1485	12 CD 

1487	38 C4 CD 61              DB 038h, 0C4h, 0CDh, 061h, 013h, 006h, 01Fh, 011h, 01Dh, 012h
	. . .
148F	1D 12 

1491	21 00 B3 E5              DB 021h, 000h, 0B3h, 0E5h, 021h, 000h, 0A2h, 0CDh, 07Ah, 013h
	. . .
1499	7A 13 

149B	CD FB 12 E3              DB 0CDh, 0FBh, 012h, 0E3h, 0CDh, 07Ah, 013h, 0CDh, 0FBh, 012h
	. . .
14A3	FB 12 

14A5	E3 05 C2 98              DB 0E3h, 005h, 0C2h, 098h, 014h, 0E1h, 006h, 012h, 021h, 0F8h
	. . .
14AD	21 F8 

14AF	A2 CD 7A 13              DB 0A2h, 0CDh, 07Ah, 013h, 0CDh, 0F7h, 012h, 005h, 0C2h, 0B0h
	. . .
14B7	C2 B0 

14B9	14 C9 11 00              DB 014h, 0C9h, 011h, 000h, 0A3h, 021h, 0B1h, 012h, 00Eh, 01Fh
	. . .
14C1	0E 1F 

14C3	06 10 CD DA              DB 006h, 010h, 0CDh, 0DAh, 019h, 0EBh, 0D5h, 0CDh, 0F0h, 019h
	. . .
14CB	F0 19 

14CD	D2 D6 14 11              DB 0D2h, 0D6h, 014h, 011h, 025h, 012h, 0C3h, 0D9h, 014h, 011h
	. . .
14D5	14 11 

14D7	2D 12 CD 7A              DB 02Dh, 012h, 0CDh, 07Ah, 013h, 0CDh, 0F7h, 012h, 005h, 0C2h
	. . .
14DF	05 C2 

14E1	CA 14 7C D6              DB 0CAh, 014h, 07Ch, 0D6h, 010h, 067h, 0CDh, 0FBh, 012h, 0D1h
	. . .
14E9	12 D1 

14EB	EB 0D C2 C3              DB 0EBh, 00Dh, 0C2h, 0C3h, 014h, 0C9h, 0AFh, 032h, 083h, 012h
	. . .
14F3	83 12 

14F5	21 B1 12 22              DB 021h, 0B1h, 012h, 022h, 0A5h, 012h, 021h, 000h, 0A3h, 022h
	. . .
14FD	A3 22 

14FF	A7 12 3A 62              DB 0A7h, 012h, 03Ah, 062h, 012h, 032h, 081h, 012h, 02Ah, 063h
	. . .
1507	2A 63 

1509	12 22 7D 12              DB 012h, 022h, 07Dh, 012h, 011h, 06Dh, 012h, 0CDh, 0ADh, 019h
	. . .
1511	AD 19 

1513	21 6D 12 CD              DB 021h, 06Dh, 012h, 0CDh, 091h, 013h, 0DAh, 032h, 015h, 0CDh
	. . .
151B	15 CD 

151D	33 15 21 00              DB 033h, 015h, 021h, 000h, 000h, 022h, 08Dh, 012h, 022h, 08Fh
	. . .
1525	22 8F 

1527	12 22 91 12              DB 012h, 022h, 091h, 012h, 022h, 093h, 012h, 0CDh, 028h, 016h
	. . .
152F	28 16 

1531	AF C9 AF 32              DB 0AFh, 0C9h, 0AFh, 032h, 061h, 012h, 02Ah, 0A7h, 012h, 022h
	. . .
1539	12 22 

153B	A9 12 21 6D              DB 0A9h, 012h, 021h, 06Dh, 012h, 0AFh, 032h, 085h, 012h, 00Eh
	. . .
1543	12 0E 

1545	04 06 10 16              DB 004h, 006h, 010h, 016h, 000h, 0CDh, 0DAh, 019h, 0CDh, 0F0h
	. . .
154D	CD F0 

154F	19 DA 6A 15              DB 019h, 0DAh, 06Ah, 015h, 014h, 005h, 0C2h, 04Dh, 015h, 00Dh
	. . .
1557	15 0D 

1559	CA 7C 15 E5              DB 0CAh, 07Ch, 015h, 0E5h, 02Ah, 0A9h, 012h, 0CDh, 0FBh, 012h
	. . .
1561	FB 12 

1563	22 A9 12 E1              DB 022h, 0A9h, 012h, 0E1h, 0C3h, 046h, 015h, 0E5h, 03Ah, 085h
	. . .
156B	3A 85 

156D	12 3C 32 85              DB 012h, 03Ch, 032h, 085h, 012h, 02Ah, 0A9h, 012h, 07Ch, 082h
	. . .
1575	7C 82 

1577	67 E3 C3 53              DB 067h, 0E3h, 0C3h, 053h, 015h, 03Ah, 061h, 012h, 0A7h, 0C2h
	. . .
157F	A7 C2 

1581	9C 15 E1 22              DB 09Ch, 015h, 0E1h, 022h, 09Bh, 012h, 0E1h, 022h, 099h, 012h
	. . .
1589	99 12 

158B	E1 22 97 12              DB 0E1h, 022h, 097h, 012h, 0E1h, 022h, 095h, 012h, 03Ah, 085h
	. . .
1593	3A 85 

1595	12 FE 04 C2              DB 012h, 0FEh, 004h, 0C2h, 000h, 0C8h, 0C9h, 0E1h, 022h, 0A3h
	. . .
159D	22 A3 

159F	12 E1 22 A1              DB 012h, 0E1h, 022h, 0A1h, 012h, 0E1h, 022h, 09Fh, 012h, 0E1h
	. . .
15A7	12 E1 

15A9	22 9D 12 3A              DB 022h, 09Dh, 012h, 03Ah, 085h, 012h, 0FEh, 004h, 0C2h, 000h
	. . .
15B1	C2 00 

15B3	C8 C9 3E 01              DB 0C8h, 0C9h, 03Eh, 001h, 032h, 061h, 012h, 0E5h, 021h, 000h
	. . .
15BB	21 00 

15BD	B5 22 A9 12              DB 0B5h, 022h, 0A9h, 012h, 0E1h, 0C3h, 040h, 015h, 03Ah, 0ACh
	. . .
15C5	3A AC 

15C7	12 47 CD BC              DB 012h, 047h, 0CDh, 0BCh, 013h, 0FEh, 001h, 0FAh, 0D6h, 015h
	. . .
15CF	D6 15 

15D1	FE 06 FA E2              DB 0FEh, 006h, 0FAh, 0E2h, 015h, 02Ah, 0AFh, 012h, 0CDh, 042h
	. . .
15D9	CD 42 

15DB	14 05 C2 C9              DB 014h, 005h, 0C2h, 0C9h, 015h, 03Eh, 000h, 032h, 087h, 012h
	. . .
15E3	87 12 

15E5	11 2D 12 2A              DB 011h, 02Dh, 012h, 02Ah, 08Dh, 012h, 0CDh, 07Ah, 013h, 02Ah
	. . .
15ED	13 2A 

15EF	8F 12 CD 7A              DB 08Fh, 012h, 0CDh, 07Ah, 013h, 02Ah, 091h, 012h, 0CDh, 07Ah
	. . .
15F7	CD 7A 

15F9	13 2A 93 12              DB 013h, 02Ah, 093h, 012h, 0CDh, 07Ah, 013h, 011h, 025h, 012h
	. . .
1601	25 12 

1603	2A 95 12 22              DB 02Ah, 095h, 012h, 022h, 08Dh, 012h, 0CDh, 07Ah, 013h, 02Ah
	. . .
160B	13 2A 

160D	97 12 22 8F              DB 097h, 012h, 022h, 08Fh, 012h, 0CDh, 07Ah, 013h, 02Ah, 099h
	. . .
1615	2A 99 

1617	12 22 91 12              DB 012h, 022h, 091h, 012h, 0CDh, 07Ah, 013h, 02Ah, 09Bh, 012h
	. . .
161F	9B 12 

1621	22 93 12 CD              DB 022h, 093h, 012h, 0CDh, 07Ah, 013h, 0C9h, 021h, 0ADh, 011h
	. . .
1629	AD 11 

162B	CD 37 14 37              DB 0CDh, 037h, 014h, 037h, 03Fh, 017h, 017h, 017h, 017h, 0CDh
	. . .
1633	17 CD 

1635	1C 13 CD 31              DB 01Ch, 013h, 0CDh, 031h, 014h, 032h, 062h, 012h, 037h, 03Fh
	. . .
163D	37 3F 

163F	17 17 CD 1C              DB 017h, 017h, 0CDh, 01Ch, 013h, 022h, 063h, 012h, 011h, 065h
	. . .
1647	11 65 

1649	12 CD AD 19              DB 012h, 0CDh, 0ADh, 019h, 0D5h, 011h, 035h, 012h, 02Ah, 09Dh
	. . .
1651	2A 9D 

1653	12 CD 7A 13              DB 012h, 0CDh, 07Ah, 013h, 02Ah, 09Fh, 012h, 0CDh, 07Ah, 013h
	. . .
165B	7A 13 

165D	2A A1 12 CD              DB 02Ah, 0A1h, 012h, 0CDh, 07Ah, 013h, 02Ah, 0A3h, 012h, 0CDh
	. . .
1665	12 CD 

1667	7A 13 E1 CD              DB 07Ah, 013h, 0E1h, 0CDh, 0B5h, 015h, 011h, 025h, 012h, 02Ah
	. . .
166F	12 2A 

1671	9D 12 CD 7A              DB 09Dh, 012h, 0CDh, 07Ah, 013h, 02Ah, 09Fh, 012h, 0CDh, 07Ah
	. . .
1679	CD 7A 

167B	13 2A A1 12              DB 013h, 02Ah, 0A1h, 012h, 0CDh, 07Ah, 013h, 02Ah, 0A3h, 012h
	. . .
1683	A3 12 

1685	CD 7A 13 C9              DB 0CDh, 07Ah, 013h, 0C9h
1689	AF CD 00 24     ljoaq:   DB 0AFh, 0CDh, 000h, 024h, 0CDh, 04Fh, 014h, 0CDh, 050h, 019h
	. . .
1691	50 19 

1693	CD 47 13 CD              DB 0CDh, 047h, 013h, 0CDh, 028h, 016h, 0CDh, 0BBh, 014h, 0CDh
	. . .
169B	14 CD 

169D	F1 14 DA 8A              DB 0F1h, 014h, 0DAh, 08Ah, 016h, 0CDh, 0C5h, 015h, 03Ah, 087h
	. . .
16A5	3A 87 

16A7	12 FE 00 C2              DB 012h, 0FEh, 000h, 0C2h, 0B0h, 016h, 0CDh, 0BCh, 013h, 0FEh
	. . .
16AF	13 FE 

16B1	01 CA D2 16              DB 001h, 0CAh, 0D2h, 016h, 0FEh, 004h, 0CAh, 0E0h, 016h, 0FEh
	. . .
16B9	16 FE 

16BB	02 CA 00 17              DB 002h, 0CAh, 000h, 017h, 0FEh, 003h, 0CAh, 0F7h, 016h, 0FEh
	. . .
16C3	16 FE 

16C5	05 CA 09 17              DB 005h, 0CAh, 009h, 017h, 0CDh, 041h, 017h, 0DAh, 012h, 017h
	. . .
16CD	12 17 

16CF	C3 A2 16 21              DB 0C3h, 0A2h, 016h, 021h, 0F0h, 019h, 022h, 0F5h, 012h, 006h
	. . .
16D7	12 06 

16D9	FF 21 F9 12              DB 0FFh, 021h, 0F9h, 012h, 0C3h, 0EBh, 016h, 021h, 000h, 01Ah
	. . .
16E1	00 1A 

16E3	22 F5 12 06              DB 022h, 0F5h, 012h, 006h, 001h, 021h, 0F7h, 012h, 022h, 0F2h
	. . .
16EB	22 F2 

16ED	12 CD 97 17              DB 012h, 0CDh, 097h, 017h, 0DAh, 0C9h, 016h, 0C3h, 0A2h, 016h
	. . .
16F5	A2 16 

16F7	CD 19 18 DA              DB 0CDh, 019h, 018h, 0DAh, 0C9h, 016h, 0C3h, 0A2h, 016h, 0CDh
	. . .
16FF	16 CD 

1701	F5 17 DA C9              DB 0F5h, 017h, 0DAh, 0C9h, 016h, 0C3h, 0A2h, 016h, 0CDh, 025h
	. . .
1709	CD 25 

170B	17 DA 12 17              DB 017h, 0DAh, 012h, 017h, 0CDh, 0C5h, 015h, 0CDh, 070h, 0C1h
	. . .
1713	70 C1 

1715	CD 9F 18 2A              DB 0CDh, 09Fh, 018h, 02Ah, 05Fh, 012h, 023h, 022h, 05Fh, 012h
	. . .
171D	5F 12 

171F	CD 54 13 C3              DB 0CDh, 054h, 013h, 0C3h, 099h, 016h, 006h, 000h, 0CDh, 071h
	. . .
1727	CD 71 

1729	17 DA 31 17              DB 017h, 0DAh, 031h, 017h, 004h, 0C3h, 027h, 017h, 078h, 0FEh
	. . .
1731	78 FE 

1733	00 CA 6F 17              DB 000h, 0CAh, 06Fh, 017h, 03Ah, 084h, 012h, 03Ch, 032h, 084h
	. . .
173B	32 84 

173D	12 C3 49 17              DB 012h, 0C3h, 049h, 017h, 0CDh, 071h, 017h, 0DAh, 06Fh, 017h
	. . .
1745	6F 17 

1747	06 01 2A 8D              DB 006h, 001h, 02Ah, 08Dh, 012h, 0CDh, 002h, 013h, 022h, 095h
	. . .
174F	22 95 

1751	12 2A 8F 12              DB 012h, 02Ah, 08Fh, 012h, 0CDh, 002h, 013h, 022h, 097h, 012h
	. . .
1759	97 12 

175B	2A 91 12 CD              DB 02Ah, 091h, 012h, 0CDh, 002h, 013h, 022h, 099h, 012h, 02Ah
	. . .
1763	12 2A 

1765	93 12 CD 02              DB 093h, 012h, 0CDh, 002h, 013h, 022h, 09Bh, 012h, 0AFh, 0C9h
	. . .
176D	AF C9 

176F	37 C9 2A A5              DB 037h, 0C9h, 02Ah, 0A5h, 012h, 023h, 023h, 022h, 0A5h, 012h
	. . .
1777	A5 12 

1779	21 6D 12 CD              DB 021h, 06Dh, 012h, 0CDh, 091h, 013h, 0DAh, 08Dh, 017h, 02Ah
	. . .
1781	17 2A 

1783	A7 12 CD FB              DB 0A7h, 012h, 0CDh, 0FBh, 012h, 022h, 0A7h, 012h, 0AFh, 0C9h
	. . .
178B	AF C9 

178D	2A A5 12 2B              DB 02Ah, 0A5h, 012h, 02Bh, 02Bh, 022h, 0A5h, 012h, 037h, 0C9h
	. . .
1795	37 C9 

1797	C5 21 6D 12              DB 0C5h, 021h, 06Dh, 012h, 011h, 075h, 012h, 006h, 004h, 0CDh
	. . .
179F	04 CD 

17A1	DA 19 CD F4              DB 0DAh, 019h, 0CDh, 0F4h, 012h, 0DAh, 0F2h, 017h, 0EBh, 0CDh
	. . .
17A9	EB CD 

17AB	E5 19 EB 05              DB 0E5h, 019h, 0EBh, 005h, 0C2h, 0A0h, 017h, 021h, 075h, 012h
	. . .
17B3	75 12 

17B5	CD 91 13 DA              DB 0CDh, 091h, 013h, 0DAh, 0F2h, 017h, 021h, 075h, 012h, 011h
	. . .
17BD	12 11 

17BF	6D 12 CD AB              DB 06Dh, 012h, 0CDh, 0ABh, 013h, 0C1h, 03Ah, 083h, 012h, 080h
	. . .
17C7	12 80 

17C9	32 83 12 2A              DB 032h, 083h, 012h, 02Ah, 08Dh, 012h, 0CDh, 0F1h, 012h, 022h
	. . .
17D1	12 22 

17D3	95 12 2A 8F              DB 095h, 012h, 02Ah, 08Fh, 012h, 0CDh, 0F1h, 012h, 022h, 097h
	. . .
17DB	22 97 

17DD	12 2A 91 12              DB 012h, 02Ah, 091h, 012h, 0CDh, 0F1h, 012h, 022h, 099h, 012h
	. . .
17E5	99 12 

17E7	2A 93 12 CD              DB 02Ah, 093h, 012h, 0CDh, 0F1h, 012h, 022h, 09Bh, 012h, 0AFh
	. . .
17EF	12 AF 

17F1	C9 C1 37 C9              DB 0C9h, 0C1h, 037h, 0C9h, 02Ah, 07Dh, 012h, 03Ah, 081h, 012h
	. . .
17F9	81 12 

17FB	FE 00 CA 0C              DB 0FEh, 000h, 0CAh, 00Ch, 018h, 03Dh, 032h, 082h, 012h, 03Eh
	. . .
1803	12 3E 

1805	04 CD 23 13              DB 004h, 0CDh, 023h, 013h, 0C3h, 039h, 018h, 03Eh, 003h, 032h
	. . .
180D	03 32 

180F	82 12 3E 0C              DB 082h, 012h, 03Eh, 00Ch, 0CDh, 01Ch, 013h, 0C3h, 039h, 018h
	. . .
1817	39 18 

1819	2A 7D 12 3A              DB 02Ah, 07Dh, 012h, 03Ah, 081h, 012h, 0FEh, 003h, 0CAh, 030h
	. . .
1821	CA 30 

1823	18 3C 32 82              DB 018h, 03Ch, 032h, 082h, 012h, 03Eh, 004h, 0CDh, 01Ch, 013h
	. . .
182B	1C 13 

182D	C3 39 18 AF              DB 0C3h, 039h, 018h, 0AFh, 032h, 082h, 012h, 03Eh, 00Ch, 0CDh
	. . .
1835	0C CD 

1837	23 13 22 7F              DB 023h, 013h, 022h, 07Fh, 012h, 011h, 075h, 012h, 0CDh, 0ADh
	. . .
183F	CD AD 

1841	19 3A 83 12              DB 019h, 03Ah, 083h, 012h, 0FEh, 000h, 0CAh, 07Ch, 018h, 0F2h
	. . .
1849	18 F2 

184B	59 18 2F 3C              DB 059h, 018h, 02Fh, 03Ch, 047h, 021h, 0F0h, 019h, 022h, 0F2h
	. . .
1853	22 F2 

1855	12 C3 60 18              DB 012h, 0C3h, 060h, 018h, 047h, 021h, 000h, 01Ah, 022h, 0F2h
	. . .
185D	22 F2 

185F	12 21 75 12              DB 012h, 021h, 075h, 012h, 016h, 004h, 048h, 0CDh, 0DAh, 019h
	. . .
1867	DA 19 

1869	2B 2B CD F1              DB 02Bh, 02Bh, 0CDh, 0F1h, 012h, 0DAh, 09Eh, 018h, 00Dh, 0C2h
	. . .
1871	0D C2 

1873	6B 18 CD E5              DB 06Bh, 018h, 0CDh, 0E5h, 019h, 015h, 0C2h, 065h, 018h, 021h
	. . .
187B	18 21 

187D	75 12 CD 91              DB 075h, 012h, 0CDh, 091h, 013h, 0DAh, 09Eh, 018h, 02Ah, 07Fh
	. . .
1885	2A 7F 

1887	12 22 7D 12              DB 012h, 022h, 07Dh, 012h, 03Ah, 082h, 012h, 032h, 081h, 012h
	. . .
188F	81 12 

1891	21 75 12 11              DB 021h, 075h, 012h, 011h, 06Dh, 012h, 0CDh, 0ABh, 013h, 0CDh
	. . .
1899	13 CD 

189B	33 15 AF C9              DB 033h, 015h, 0AFh, 0C9h, 03Ah, 088h, 012h, 032h, 08Ah, 012h
	. . .
18A3	8A 12 

18A5	11 6D 12 2A              DB 011h, 06Dh, 012h, 02Ah, 0A5h, 012h, 006h, 004h, 0EBh, 0CDh
	. . .
18AD	EB CD 

18AF	DA 19 EB CD              DB 0DAh, 019h, 0EBh, 0CDh, 010h, 01Ah, 02Bh, 02Bh, 0CDh, 0E5h
	. . .
18B7	CD E5 

18B9	19 05 C2 AD              DB 019h, 005h, 0C2h, 0ADh, 018h, 021h, 0EDh, 012h, 011h, 0EBh
	. . .
18C1	11 EB 

18C3	12 06 1F 05              DB 012h, 006h, 01Fh, 005h, 0CDh, 0DAh, 019h, 02Bh, 02Bh, 0CDh
	. . .
18CB	2B CD 

18CD	21 1A CC FD              DB 021h, 01Ah, 0CCh, 0FDh, 018h, 0CDh, 0DAh, 019h, 02Bh, 02Bh
	. . .
18D5	2B 2B 

18D7	CD 21 1A CA              DB 0CDh, 021h, 01Ah, 0CAh, 0C7h, 018h, 02Bh, 02Bh, 01Bh, 01Bh
	. . .
18DF	1B 1B 

18E1	05 C2 C7 18              DB 005h, 0C2h, 0C7h, 018h, 03Ah, 088h, 012h, 047h, 03Ah, 08Ah
	. . .
18E9	3A 8A 

18EB	12 B8 CA FC              DB 012h, 0B8h, 0CAh, 0FCh, 018h, 0EBh, 023h, 023h, 0CDh, 02Dh
	. . .
18F3	CD 2D 

18F5	1A CD E5 19              DB 01Ah, 0CDh, 0E5h, 019h, 0CDh, 061h, 013h, 0C9h, 0E5h, 0D5h
	. . .
18FD	E5 D5 

18FF	C5 48 EB CD              DB 0C5h, 048h, 0EBh, 0CDh, 0DAh, 019h, 02Bh, 02Bh, 0EBh, 0CDh
	. . .
1907	EB CD 

1909	E5 19 2B 2B              DB 0E5h, 019h, 02Bh, 02Bh, 02Bh, 02Bh, 01Bh, 01Bh, 00Dh, 0C2h
	. . .
1911	0D C2 

1913	01 19 2A 88              DB 001h, 019h, 02Ah, 088h, 012h, 023h, 022h, 088h, 012h, 02Ah
	. . .
191B	12 2A 

191D	A4 11 3A A3              DB 0A4h, 011h, 03Ah, 0A3h, 011h, 03Ch, 047h, 03Ah, 084h, 012h
	. . .
1925	84 12 

1927	C6 04 CD 0C              DB 0C6h, 004h, 0CDh, 00Ch, 013h, 0CDh, 01Ch, 013h, 022h, 0A4h
	. . .
192F	22 A4 

1931	11 AF 32 84              DB 011h, 0AFh, 032h, 084h, 012h, 03Ah, 0AEh, 012h, 047h, 03Ah
	. . .
1939	47 3A 

193B	86 12 3C 32              DB 086h, 012h, 03Ch, 032h, 086h, 012h, 0B8h, 0C2h, 04Ch, 019h
	. . .
1943	4C 19 

1945	AF 32 86 12              DB 0AFh, 032h, 086h, 012h, 0CDh, 077h, 019h, 0C1h, 0D1h, 0E1h
	. . .
194D	D1 E1 

194F	C9 0E 0A 16              DB 0C9h, 00Eh, 00Ah, 016h, 00Ch, 01Eh, 097h, 03Ah, 0A3h, 011h
	. . .
1957	A3 11 

1959	A7 CA 67 19              DB 0A7h, 0CAh, 067h, 019h, 047h, 07Bh, 091h, 014h, 014h, 005h
	. . .
1961	14 05 

1963	C2 5F 19 5F              DB 0C2h, 05Fh, 019h, 05Fh, 07Bh, 032h, 0ACh, 012h, 07Ah, 032h
	. . .
196B	7A 32 

196D	AE 12 79 32              DB 0AEh, 012h, 079h, 032h, 0ADh, 012h, 0CDh, 000h, 01Ch, 0C9h
	. . .
1975	1C C9 

1977	C5 3A AD 12              DB 0C5h, 03Ah, 0ADh, 012h, 047h, 03Ah, 0ACh, 012h, 04Fh, 0E6h
	. . .
197F	4F E6 

1981	7F F6 40 B8              DB 07Fh, 0F6h, 040h, 0B8h, 0FAh, 0ABh, 019h, 0CAh, 0ABh, 019h
	. . .
1989	AB 19 

198B	79 90 32 AC              DB 079h, 090h, 032h, 0ACh, 012h, 03Ah, 0AEh, 012h, 0C6h, 001h
	. . .
1993	C6 01 

1995	32 AE 12 3A              DB 032h, 0AEh, 012h, 03Ah, 0A3h, 011h, 03Ch, 032h, 0A3h, 011h
	. . .
199D	A3 11 

199F	CD 47 13 CD              DB 0CDh, 047h, 013h, 0CDh, 003h, 01Ch, 0CDh, 015h, 024h, 0CDh
	. . .
19A7	24 CD 

19A9	18 24 C1 C9              DB 018h, 024h, 0C1h, 0C9h, 0E5h, 0D5h, 0C5h, 0D5h, 006h, 004h
	. . .
19B1	06 04 

19B3	7E 23 12 13              DB 07Eh, 023h, 012h, 013h, 0AFh, 012h, 013h, 005h, 0C2h, 0B3h
	. . .
19BB	C2 B3 

19BD	19 E1 06 04              DB 019h, 0E1h, 006h, 004h, 0AFh, 00Eh, 004h, 07Eh, 01Fh, 077h
	. . .
19C5	1F 77 

19C7	23 7E 1F 77              DB 023h, 07Eh, 01Fh, 077h, 02Bh, 00Dh, 0C2h, 0C4h, 019h, 023h
	. . .
19CF	19 23 

19D1	23 05 C2 C2              DB 023h, 005h, 0C2h, 0C2h, 019h, 0C1h, 0D1h, 0E1h, 0C9h, 07Eh
	. . .
19D9	C9 7E 

19DB	32 8B 12 23              DB 032h, 08Bh, 012h, 023h, 07Eh, 032h, 08Ch, 012h, 023h, 0C9h
	. . .
19E3	23 C9 

19E5	3A 8B 12 77              DB 03Ah, 08Bh, 012h, 077h, 023h, 03Ah, 08Ch, 012h, 077h, 023h
	. . .
19ED	77 23 

19EF	C9 AF 3A 8C              DB 0C9h, 0AFh, 03Ah, 08Ch, 012h, 017h, 032h, 08Ch, 012h, 03Ah
	. . .
19F7	12 3A 

19F9	8B 12 17 32              DB 08Bh, 012h, 017h, 032h, 08Bh, 012h, 0C9h, 0AFh, 03Ah, 08Bh
	. . .
1A01	3A 8B 

1A03	12 1F 32 8B              DB 012h, 01Fh, 032h, 08Bh, 012h, 03Ah, 08Ch, 012h, 01Fh, 032h
	. . .
1A0B	1F 32 

1A0D	8C 12 C9 3A              DB 08Ch, 012h, 0C9h, 03Ah, 08Bh, 012h, 0B6h, 032h, 08Bh, 012h
	. . .
1A15	8B 12 

1A17	23 3A 8C 12              DB 023h, 03Ah, 08Ch, 012h, 0B6h, 032h, 08Ch, 012h, 023h, 0C9h
	. . .
1A1F	23 C9 

1A21	3A 8B 12 FE              DB 03Ah, 08Bh, 012h, 0FEh, 0FFh, 0C0h, 03Ah, 08Ch, 012h, 0FEh
	. . .
1A29	12 FE 

1A2B	FF C9 AF 32              DB 0FFh, 0C9h, 0AFh, 032h, 08Bh, 012h, 032h, 08Ch, 012h, 0C9h
	. . .
1A33	12 C9 

1A35	FF 00 FF 00              DB 0FFh, 000h, 0FFh, 000h, 0FFh, 000h, 0FFh, 000h, 0FFh, 000h
	. . .
1A3D	FF 00 

1A3F	FF 00 FF 00              DB 0FFh, 000h, 0FFh, 000h, 0FFh, 000h, 0FFh, 000h, 0FFh, 000h
	. . .
1A47	FF 00 

1A49	FF 00 FF 00              DB 0FFh, 000h, 0FFh, 000h, 0FFh, 000h, 0FFh, 000h, 0FFh, 000h
	. . .
1A51	FF 00 

1A53	FF 00 FF 00              DB 0FFh, 000h, 0FFh, 000h, 0FFh, 000h, 0FFh, 000h, 0FFh, 000h
	. . .
1A5B	FF 00 

1A5D	FF 00 FF 00              DB 0FFh, 000h, 0FFh, 000h, 0FFh, 000h, 0FFh, 000h, 0FFh, 000h
	. . .
1A65	FF 00 

1A67	FF 00 FF 00              DB 0FFh, 000h, 0FFh, 000h, 0FFh, 000h, 0FFh, 000h, 0FFh, 000h
	. . .
1A6F	FF 00 

1A71	FF 00 FF 00              DB 0FFh, 000h, 0FFh, 000h, 0FFh, 000h, 0FFh, 000h, 0FFh, 000h
	. . .
1A79	FF 00 

1A7B	FF 00 FF 00              DB 0FFh, 000h, 0FFh, 000h, 0FFh, 0FFh, 000h, 0FFh, 000h, 0FFh
	. . .
1A83	00 FF 

1A85	00 FF 00 FF              DB 000h, 0FFh, 000h, 0FFh, 000h, 0FFh, 000h, 0FFh, 000h, 0FFh
	. . .
1A8D	00 FF 

1A8F	00 FF 00 FF              DB 000h, 0FFh, 000h, 0FFh, 000h, 0FFh, 000h, 0FFh, 000h, 0FFh
	. . .
1A97	00 FF 

1A99	00 FF 00 FF              DB 000h, 0FFh, 000h, 0FFh, 000h, 0FFh, 000h, 0FFh, 000h, 0FFh
	. . .
1AA1	00 FF 

1AA3	00 FF 00 FF              DB 000h, 0FFh, 000h, 0FFh, 000h, 0FFh, 000h, 0FFh, 000h, 0FFh
	. . .
1AAB	00 FF 

1AAD	00 FF 00 FF              DB 000h, 0FFh, 000h, 0FFh, 000h, 0FFh, 000h, 0FFh, 000h, 0FFh
	. . .
1AB5	00 FF 

1AB7	00 FF 00 FF              DB 000h, 0FFh, 000h, 0FFh, 000h, 0FFh, 000h, 0FFh, 000h, 0FFh
	. . .
1ABF	00 FF 

1AC1	00 FF 00 FF              DB 000h, 0FFh, 000h, 0FFh, 000h, 0FFh, 000h, 0FFh, 000h, 0FFh
	. . .
1AC9	00 FF 

1ACB	00 FF 00 FF              DB 000h, 0FFh, 000h, 0FFh, 000h, 0FFh, 000h, 0FFh, 000h, 0FFh
	. . .
1AD3	00 FF 

1AD5	00 FF 00 FF              DB 000h, 0FFh, 000h, 0FFh, 000h, 0FFh, 000h, 0FFh, 000h, 0FFh
	. . .
1ADD	00 FF 

1ADF	00 FF 00 FF              DB 000h, 0FFh, 000h, 0FFh, 000h, 0FFh, 000h, 0FFh, 000h, 0FFh
	. . .
1AE7	00 FF 

1AE9	00 FF 00 FF              DB 000h, 0FFh, 000h, 0FFh, 000h, 0FFh, 000h, 0FFh, 000h, 0FFh
	. . .
1AF1	00 FF 

1AF3	00 FF 00 FF              DB 000h, 0FFh, 000h, 0FFh, 000h, 0FFh, 000h, 0FFh, 000h, 0FFh
	. . .
1AFB	00 FF 

1AFD	00 FF 00 00              DB 000h, 0FFh, 000h, 000h, 0FFh, 000h, 07Eh, 000h, 0FFh, 000h
	. . .
1B05	FF 00 

1B07	7F 00 7F 00              DB 07Fh, 000h, 07Fh, 000h, 0FFh, 000h, 07Fh, 000h, 0FFh, 000h
	. . .
1B0F	FF 00 

1B11	FF 00 FE 00              DB 0FFh, 000h, 0FEh, 000h, 0FFh, 000h, 0FFh, 000h, 0FFh, 000h
	. . .
1B19	FF 00 

1B1B	FF 00 7F 00              DB 0FFh, 000h, 07Fh, 000h, 0FFh, 000h, 0FFh, 000h, 07Fh, 000h
	. . .
1B23	7F 00 

1B25	FF 00 7F 00              DB 0FFh, 000h, 07Fh, 000h, 0FFh, 000h, 0FFh, 000h, 07Fh, 000h
	. . .
1B2D	7F 00 

1B2F	FF 00 FF 00              DB 0FFh, 000h, 0FFh, 000h, 0FFh, 000h, 0FFh, 000h, 0FEh, 000h
	. . .
1B37	FE 00 

1B39	7F 00 FF 00              DB 07Fh, 000h, 0FFh, 000h, 0FEh, 000h, 0FFh, 000h, 0FFh, 000h
	. . .
1B41	FF 00 

1B43	7F 00 FF 00              DB 07Fh, 000h, 0FFh, 000h, 0FFh, 000h, 07Fh, 000h, 0FFh, 000h
	. . .
1B4B	FF 00 

1B4D	FF 00 FF 00              DB 0FFh, 000h, 0FFh, 000h, 0FFh, 000h, 07Fh, 000h, 0FFh, 000h
	. . .
1B55	FF 00 

1B57	7F 00 7F 00              DB 07Fh, 000h, 07Fh, 000h, 0FFh, 000h, 07Fh, 000h, 0FFh, 000h
	. . .
1B5F	FF 00 

1B61	FF 00 7F 00              DB 0FFh, 000h, 07Fh, 000h, 0FFh, 000h, 0FFh, 000h, 07Fh, 000h
	. . .
1B69	7F 00 

1B6B	FF 00 7F 00              DB 0FFh, 000h, 07Fh, 000h, 0FFh, 000h, 0FFh, 000h, 0FFh, 000h
	. . .
1B73	FF 00 

1B75	FF 00 FF 00              DB 0FFh, 000h, 0FFh, 000h, 0FFh, 000h, 0FFh, 000h, 0FFh, 000h
	. . .
1B7D	FF 00 

1B7F	FF FF 00 FF              DB 0FFh, 0FFh, 000h, 0FFh, 080h, 0FFh, 000h, 0FFh, 000h, 0FFh
	. . .
1B87	00 FF 

1B89	00 FF 00 FF              DB 000h, 0FFh, 000h, 0FFh, 000h, 0FFh, 000h, 0FFh, 000h, 0FFh
	. . .
1B91	00 FF 

1B93	00 FF 00 FF              DB 000h, 0FFh, 000h, 0FFh, 000h, 0FFh, 080h, 0FFh, 000h, 0FFh
	. . .
1B9B	00 FF 

1B9D	80 FF 00 FF              DB 080h, 0FFh, 000h, 0FFh, 000h, 0FFh, 080h, 0FFh, 000h, 0FFh
	. . .
1BA5	00 FF 

1BA7	80 FF 80 FF              DB 080h, 0FFh, 080h, 0FFh, 000h, 0FFh, 080h, 0FFh, 000h, 0FFh
	. . .
1BAF	00 FF 

1BB1	00 FF 80 FF              DB 000h, 0FFh, 080h, 0FFh, 000h, 0FFh, 000h, 0FFh, 080h, 0FFh
	. . .
1BB9	80 FF 

1BBB	00 FF 00 FF              DB 000h, 0FFh, 000h, 0FFh, 000h, 0FFh, 000h, 0FFh, 080h, 0FFh
	. . .
1BC3	80 FF 

1BC5	00 FF 00 FF              DB 000h, 0FFh, 000h, 0FFh, 000h, 0FFh, 000h, 0FFh, 000h, 0FFh
	. . .
1BCD	00 FF 

1BCF	00 FF 00 FF              DB 000h, 0FFh, 000h, 0FFh, 000h, 0FFh, 000h, 0FFh, 080h, 0FFh
	. . .
1BD7	80 FF 

1BD9	80 FF 00 FF              DB 080h, 0FFh, 000h, 0FFh, 080h, 0FFh, 000h, 0FFh, 000h, 0FFh
	. . .
1BE1	00 FF 

1BE3	80 FF 00 FF              DB 080h, 0FFh, 000h, 0FFh, 000h, 0FFh, 000h, 0FFh, 000h, 0FFh
	. . .
1BEB	00 FF 

1BED	00 FF 00 FF              DB 000h, 0FFh, 000h, 0FFh, 000h, 0FFh, 000h, 0FFh, 000h, 0FFh
	. . .
1BF5	00 FF 

1BF7	00 FF 00 FF              DB 000h, 0FFh, 000h, 0FFh, 000h, 0FFh, 080h, 0FFh, 000h, 0C3h
	. . .
1BFF	00 C3 

1C01	0B 23 C3 34              DB 00Bh, 023h, 0C3h, 034h, 023h, 000h, 000h, 000h, 000h, 000h
	. . .
1C09	00 00 

1C0B	00 01 00 00              DB 000h, 001h, 000h, 000h, 000h, 000h, 000h, 000h, 000h, 000h
	. . .
1C13	00 00 

1C15	00 00 00 00              DB 000h, 000h, 000h, 000h, 0FCh, 001h, 000h, 000h, 000h, 000h
	. . .
1C1D	00 00 

1C1F	00 00 00 00              DB 000h, 000h, 000h, 000h, 000h, 000h, 000h, 03Fh, 006h, 003h
	. . .
1C27	06 03 

1C29	80 00 00 00              DB 080h, 000h, 000h, 000h, 000h, 000h, 000h, 000h, 000h, 000h
	. . .
1C31	00 00 

1C33	00 C0 40 C7              DB 000h, 0C0h, 040h, 0C7h, 0C8h, 000h, 000h, 000h, 000h, 000h
	. . .
1C3B	00 00 

1C3D	00 0F 00 00              DB 000h, 00Fh, 000h, 000h, 001h, 000h, 080h, 01Fh, 0E0h, 000h
	. . .
1C45	E0 00 

1C47	00 00 00 00              DB 000h, 000h, 000h, 000h, 000h, 010h, 080h, 000h, 002h, 008h
	. . .
1C4F	02 08 

1C51	00 0F F0 00              DB 000h, 00Fh, 0F0h, 000h, 000h, 000h, 000h, 0FFh, 000h, 010h
	. . .
1C59	00 10 

1C5B	80 00 04 20              DB 080h, 000h, 004h, 020h, 000h, 007h, 0F8h, 000h, 000h, 000h
	. . .
1C63	00 00 

1C65	00 FF 00 10              DB 000h, 0FFh, 000h, 010h, 080h, 000h, 008h, 020h, 010h, 007h
	. . .
1C6D	10 07 

1C6F	FF C0 00 00              DB 0FFh, 0C0h, 000h, 000h, 000h, 03Ch, 000h, 010h, 080h, 000h
	. . .
1C77	80 00 

1C79	10 08 20 03              DB 010h, 008h, 020h, 003h, 0FCh, 000h, 000h, 020h, 000h, 03Ch
	. . .
1C81	00 3C 

1C83	00 10 80 00              DB 000h, 010h, 080h, 000h, 020h, 020h, 040h, 003h, 0F0h, 000h
	. . .
1C8B	F0 00 

1C8D	00 70 00 3C              DB 000h, 070h, 000h, 03Ch, 000h, 012h, 080h, 000h, 044h, 040h
	. . .
1C95	44 40 

1C97	C0 41 C0 00              DB 0C0h, 041h, 0C0h, 000h, 000h, 078h, 000h, 03Ch, 000h, 00Fh
	. . .
1C9F	00 0F 

1CA1	00 00 88 81              DB 000h, 000h, 088h, 081h, 0E0h, 041h, 0E0h, 000h, 000h, 0FEh
	. . .
1CA9	00 FE 

1CAB	00 3C 00 01              DB 000h, 03Ch, 000h, 001h, 000h, 000h, 088h, 00Fh, 0F8h, 001h
	. . .
1CB3	F8 01 

1CB5	E0 00 01 DE              DB 0E0h, 000h, 001h, 0DEh, 000h, 03Ch, 000h, 000h, 000h, 000h
	. . .
1CBD	00 00 

1CBF	A0 1F FC 21              DB 0A0h, 01Fh, 0FCh, 021h, 090h, 000h, 003h, 0BFh, 080h, 03Ch
	. . .
1CC7	80 3C 

1CC9	00 04 00 01              DB 000h, 004h, 000h, 001h, 010h, 07Fh, 0FEh, 001h, 000h, 000h
	. . .
1CD1	00 00 

1CD3	07 3F 80 3C              DB 007h, 03Fh, 080h, 03Ch, 000h, 00Eh, 000h, 001h, 001h, 0FFh
	. . .
1CDB	01 FF 

1CDD	FF 01 00 00              DB 0FFh, 001h, 000h, 000h, 007h, 079h, 0E0h, 000h, 000h, 01Fh
	. . .
1CE5	00 1F 

1CE7	00 01 41 FF              DB 000h, 001h, 041h, 0FFh, 0FFh, 001h, 000h, 008h, 007h, 071h
	. . .
1CEF	07 71 

1CF1	E0 00 00 0E              DB 0E0h, 000h, 000h, 00Eh, 000h, 001h, 043h, 0FFh, 0C7h, 009h
	. . .
1CF9	C7 09 

1CFB	00 0E 06 E6              DB 000h, 00Eh, 006h, 0E6h, 0F0h, 000h, 000h, 004h, 000h, 001h
	. . .
1D03	00 01 

1D05	46 5F 5D 29              DB 046h, 05Fh, 05Dh, 029h, 000h, 03Fh, 007h, 08Eh, 0C0h, 000h
	. . .
1D0D	C0 00 

1D0F	00 00 00 01              DB 000h, 000h, 000h, 001h, 047h, 0F7h, 0C7h, 021h, 000h, 037h
	. . .
1D17	00 37 

1D19	03 3C 80 00              DB 003h, 03Ch, 080h, 000h, 000h, 000h, 000h, 000h, 0A7h, 00Fh
	. . .
1D21	A7 0F 

1D23	91 12 00 D9              DB 091h, 012h, 000h, 0D9h, 087h, 0F1h, 000h, 0FEh, 000h, 000h
	. . .
1D2B	00 00 

1D2D	00 00 86 27              DB 000h, 000h, 086h, 027h, 083h, 002h, 007h, 0C9h, 087h, 0EEh
	. . .
1D35	87 EE 

1D37	00 C2 00 00              DB 000h, 0C2h, 000h, 000h, 000h, 000h, 086h, 007h, 0CFh, 00Ah
	. . .
1D3F	CF 0A 

1D41	07 E4 C8 FC              DB 007h, 0E4h, 0C8h, 0FCh, 000h, 0C0h, 000h, 000h, 000h, 000h
	. . .
1D49	00 00 

1D4B	83 9F FE 0A              DB 083h, 09Fh, 0FEh, 00Ah, 003h, 036h, 048h, 000h, 000h, 0C0h
	. . .
1D53	00 C0 

1D55	00 00 00 00              DB 000h, 000h, 000h, 000h, 043h, 0FFh, 0FEh, 00Ah, 003h, 099h
	. . .
1D5D	03 99 

1D5F	D8 00 00 FC              DB 0D8h, 000h, 000h, 0FCh, 000h, 000h, 000h, 000h, 043h, 0FFh
	. . .
1D67	43 FF 

1D69	FE 01 03 9D              DB 0FEh, 001h, 003h, 09Dh, 0D0h, 003h, 0F8h, 0FCh, 000h, 000h
	. . .
1D71	00 00 

1D73	00 00 53 FF              DB 000h, 000h, 053h, 0FFh, 0BEh, 001h, 003h, 0DFh, 0D0h, 04Eh
	. . .
1D7B	D0 4E 

1D7D	F0 C0 00 00              DB 0F0h, 0C0h, 000h, 000h, 000h, 000h, 093h, 0F9h, 0FCh, 011h
	. . .
1D85	FC 11 

1D87	01 FF 81 9C              DB 001h, 0FFh, 081h, 09Ch, 030h, 0C0h, 000h, 000h, 000h, 000h
	. . .
1D8F	00 00 

1D91	93 FF FC 11              DB 093h, 0FFh, 0FCh, 011h, 000h, 07Fh, 093h, 01Ch, 078h, 0C2h
	. . .
1D99	78 C2 

1D9B	00 00 00 00              DB 000h, 000h, 000h, 000h, 089h, 0FEh, 004h, 010h, 080h, 03Fh
	. . .
1DA3	80 3F 

1DA5	97 3C F8 FE              DB 097h, 03Ch, 0F8h, 0FEh, 000h, 000h, 000h, 000h, 0A1h, 0C0h
	. . .
1DAD	A1 C0 

1DAF	0C 00 80 03              DB 00Ch, 000h, 080h, 003h, 09Ch, 063h, 018h, 000h, 000h, 000h
	. . .
1DB7	00 00 

1DB9	00 00 20 F1              DB 000h, 000h, 020h, 0F1h, 0DEh, 014h, 080h, 000h, 09Eh, 07Ch
	. . .
1DC1	9E 7C 

1DC3	3C 00 00 00              DB 03Ch, 000h, 000h, 000h, 000h, 000h, 020h, 078h, 03Ch, 012h
	. . .
1DCB	3C 12 

1DCD	40 00 5C 78              DB 040h, 000h, 05Ch, 078h, 0FCh, 000h, 000h, 000h, 000h, 000h
	. . .
1DD5	00 00 

1DD7	20 3F FA 02              DB 020h, 03Fh, 0FAh, 002h, 040h, 000h, 058h, 079h, 0CEh, 000h
	. . .
1DDF	CE 00 

1DE1	00 00 00 00              DB 000h, 000h, 000h, 000h, 010h, 01Fh, 0F4h, 002h, 040h, 000h
	. . .
1DE9	40 00 

1DEB	38 7E 38 00              DB 038h, 07Eh, 038h, 000h, 000h, 000h, 000h, 000h, 010h, 00Fh
	. . .
1DF3	10 0F 

1DF5	EC 00 20 00              DB 0ECh, 000h, 020h, 000h, 038h, 0FCh, 030h, 0FFh, 000h, 000h
	. . .
1DFD	00 00 

1DFF	00 00 08 10              DB 000h, 000h, 008h, 010h, 01Ch, 001h, 020h, 000h, 018h, 0FFh
	. . .
1E07	18 FF 

1E09	80 FF 00 00              DB 080h, 0FFh, 000h, 000h, 000h, 000h, 008h, 01Fh, 0FCh, 001h
	. . .
1E11	FC 01 

1E13	20 00 12 00              DB 020h, 000h, 012h, 000h, 000h, 03Ch, 000h, 000h, 000h, 000h
	. . .
1E1B	00 00 

1E1D	08 1F FC 01              DB 008h, 01Fh, 0FCh, 001h, 010h, 000h, 014h, 000h, 000h, 03Ch
	. . .
1E25	00 3C 

1E27	00 00 00 00              DB 000h, 000h, 000h, 000h, 008h, 007h, 0FEh, 000h, 010h, 000h
	. . .
1E2F	10 00 

1E31	18 00 00 3C              DB 018h, 000h, 000h, 03Ch, 000h, 000h, 000h, 000h, 008h, 03Bh
	. . .
1E39	08 3B 

1E3B	FA 00 08 00              DB 0FAh, 000h, 008h, 000h, 080h, 000h, 000h, 03Ch, 000h, 000h
	. . .
1E43	00 00 

1E45	00 00 08 7C              DB 000h, 000h, 008h, 07Ch, 0F6h, 000h, 008h, 000h, 080h, 000h
	. . .
1E4D	80 00 

1E4F	00 3C 00 00              DB 000h, 03Ch, 000h, 000h, 000h, 000h, 008h, 0FEh, 0FFh, 000h
	. . .
1E57	FF 00 

1E59	04 01 E8 00              DB 004h, 001h, 0E8h, 000h, 000h, 03Ch, 000h, 000h, 000h, 000h
	. . .
1E61	00 00 

1E63	0B FF FF 80              DB 00Bh, 0FFh, 0FFh, 080h, 044h, 000h, 078h, 000h, 000h, 03Ch
	. . .
1E6B	00 3C 

1E6D	00 00 00 00              DB 000h, 000h, 000h, 000h, 00Fh, 0FFh, 0FFh, 080h, 042h, 000h
	. . .
1E75	42 00 

1E77	18 00 00 3C              DB 018h, 000h, 000h, 03Ch, 000h, 000h, 000h, 000h, 03Fh, 0FFh
	. . .
1E7F	3F FF 

1E81	FF 80 42 00              DB 0FFh, 080h, 042h, 000h, 080h, 000h, 000h, 000h, 01Eh, 000h
	. . .
1E89	1E 00 

1E8B	00 00 FF FF              DB 000h, 000h, 0FFh, 0FFh, 0FFh, 080h, 022h, 000h, 080h, 000h
	. . .
1E93	80 00 

1E95	00 00 12 00              DB 000h, 000h, 012h, 000h, 000h, 003h, 0FFh, 0FFh, 0FFh, 000h
	. . .
1E9D	FF 00 

1E9F	21 00 80 00              DB 021h, 000h, 080h, 000h, 000h, 000h, 010h, 000h, 000h, 00Fh
	. . .
1EA7	00 0F 

1EA9	FF FF FE 00              DB 0FFh, 0FFh, 0FEh, 000h, 021h, 000h, 080h, 000h, 000h, 000h
	. . .
1EB1	00 00 

1EB3	0E 00 00 1F              DB 00Eh, 000h, 000h, 01Fh, 0FFh, 0FFh, 0FEh, 000h, 041h, 000h
	. . .
1EBB	41 00 

1EBD	00 00 00 00              DB 000h, 000h, 000h, 000h, 002h, 000h, 000h, 01Fh, 0FFh, 0FFh
	. . .
1EC5	FF FF 

1EC7	FC 00 19 00              DB 0FCh, 000h, 019h, 000h, 000h, 000h, 000h, 0F8h, 012h, 000h
	. . .
1ECF	12 00 

1ED1	00 3F FF FF              DB 000h, 03Fh, 0FFh, 0FFh, 0FCh, 000h, 003h, 000h, 000h, 000h
	. . .
1ED9	00 00 

1EDB	00 FC 1E 00              DB 000h, 0FCh, 01Eh, 000h, 000h, 03Fh, 0FFh, 0FFh, 0F8h, 000h
	. . .
1EE3	F8 00 

1EE5	78 80 00 00              DB 078h, 080h, 000h, 000h, 000h, 0EEh, 000h, 000h, 000h, 07Fh
	. . .
1EED	00 7F 

1EEF	FF FF FC 48              DB 0FFh, 0FFh, 0FCh, 048h, 007h, 080h, 000h, 000h, 000h, 0E6h
	. . .
1EF7	00 E6 

1EF9	00 00 00 7F              DB 000h, 000h, 000h, 07Fh, 0EFh, 0FFh, 0FFh, 0FCh, 07Fh, 0C0h
	. . .
1F01	7F C0 

1F03	00 00 00 E6              DB 000h, 000h, 000h, 0E6h, 000h, 000h, 000h, 07Fh, 0EFh, 0FFh
	. . .
1F0B	EF FF 

1F0D	FF FC F7 C0              DB 0FFh, 0FCh, 0F7h, 0C0h, 000h, 000h, 000h, 0FEh, 00Ch, 000h
	. . .
1F15	0C 00 

1F17	00 7F EF FF              DB 000h, 07Fh, 0EFh, 0FFh, 0FEh, 0FFh, 0F7h, 0C0h, 000h, 000h
	. . .
1F1F	00 00 

1F21	00 FE 12 00              DB 000h, 0FEh, 012h, 000h, 000h, 07Fh, 0EFh, 0FFh, 0BEh, 0FFh
	. . .
1F29	BE FF 

1F2B	FB C0 00 00              DB 0FBh, 0C0h, 000h, 000h, 000h, 0CCh, 012h, 000h, 000h, 07Fh
	. . .
1F33	00 7F 

1F35	FD FF BD FF              DB 0FDh, 0FFh, 0BDh, 0FFh, 0FDh, 0C0h, 000h, 000h, 000h, 0C4h
	. . .
1F3D	00 C4 

1F3F	1E 00 00 7F              DB 01Eh, 000h, 000h, 07Fh, 0FFh, 0FFh, 0DFh, 0FFh, 0FFh, 0C0h
	. . .
1F47	FF C0 

1F49	00 00 00 C3              DB 000h, 000h, 000h, 0C3h, 012h, 000h, 000h, 07Fh, 0EFh, 0FFh
	. . .
1F51	EF FF 

1F53	FF FF FE 80              DB 0FFh, 0FFh, 0FEh, 080h, 000h, 000h, 000h, 000h, 012h, 000h
	. . .
1F5B	12 00 

1F5D	00 7F DF FF              DB 000h, 07Fh, 0DFh, 0FFh, 0FFh, 0FFh, 0FFh, 000h, 000h, 000h
	. . .
1F65	00 00 

1F67	00 00 12 00              DB 000h, 000h, 012h, 000h, 000h, 07Fh, 0DFh, 0FFh, 0FFh, 0FFh
	. . .
1F6F	FF FF 

1F71	FF 80 00 00              DB 0FFh, 080h, 000h, 000h, 000h, 000h, 000h, 000h, 000h, 07Fh
	. . .
1F79	00 7F 

1F7B	DF FF FF FF              DB 0DFh, 0FFh, 0FFh, 0FFh, 0FFh, 080h, 000h, 000h, 000h, 000h
	. . .
1F83	00 00 

1F85	00 00 00 7F              DB 000h, 000h, 000h, 07Fh, 03Fh, 0FFh, 0FFh, 0FFh, 0E7h, 080h
	. . .
1F8D	E7 80 

1F8F	00 00 00 00              DB 000h, 000h, 000h, 000h, 000h, 000h, 000h, 07Fh, 0BFh, 0FFh
	. . .
1F97	BF FF 

1F99	FF FF C3 80              DB 0FFh, 0FFh, 0C3h, 080h, 000h, 000h, 000h, 03Ch, 012h, 000h
	. . .
1FA1	12 00 

1FA3	00 7F BF FF              DB 000h, 07Fh, 0BFh, 0FFh, 0FFh, 0FFh, 0CBh, 080h, 000h, 000h
	. . .
1FAB	00 00 

1FAD	00 18 12 00              DB 000h, 018h, 012h, 000h, 000h, 07Fh, 0BFh, 08Fh, 0FFh, 0FFh
	. . .
1FB5	FF FF 

1FB7	E7 80 00 00              DB 0E7h, 080h, 000h, 000h, 000h, 018h, 01Ah, 000h, 000h, 07Fh
	. . .
1FBF	00 7F 

1FC1	BF 07 F6 FF              DB 0BFh, 007h, 0F6h, 0FFh, 0FFh, 007h, 0FEh, 000h, 000h, 018h
	. . .
1FC9	00 18 

1FCB	16 00 00 7F              DB 016h, 000h, 000h, 07Fh, 0BFh, 037h, 0F7h, 07Fh, 0FEh, 01Fh
	. . .
1FD3	FE 1F 

1FD5	FF 80 00 18              DB 0FFh, 080h, 000h, 018h, 016h, 000h, 000h, 07Fh, 0BFh, 08Fh
	. . .
1FDD	BF 8F 

1FDF	FF FF FC 7F              DB 0FFh, 0FFh, 0FCh, 07Fh, 0FFh, 0C0h, 000h, 018h, 016h, 000h
	. . .
1FE7	16 00 

1FE9	00 7F DF FF              DB 000h, 07Fh, 0DFh, 0FFh, 0EFh, 09Fh, 0F8h, 0FFh, 0FFh, 0E0h
	. . .
1FF1	FF E0 

1FF3	00 18 16 00              DB 000h, 018h, 016h, 000h, 000h, 07Fh, 0CFh, 0FFh, 0DFh, 0E7h
	. . .
1FFB	DF E7 

1FFD	E1 FF FF F0              DB 0E1h, 0FFh, 0FFh, 0F0h, 000h, 018h, 012h, 000h, 000h, 07Fh
	. . .
2005	00 7F 

2007	C7 FF DF F8              DB 0C7h, 0FFh, 0DFh, 0F8h, 003h, 0FFh, 0FFh, 0F8h, 000h, 018h
	. . .
200F	00 18 

2011	00 00 00 7F              DB 000h, 000h, 000h, 07Fh, 0C3h, 0FFh, 07Fh, 0FFh, 007h, 0FFh
	. . .
2019	07 FF 

201B	FF F8 00 3C              DB 0FFh, 0F8h, 000h, 03Ch, 000h, 000h, 000h, 07Fh, 0C2h, 001h
	. . .
2023	C2 01 

2025	FF FF 1F FF              DB 0FFh, 0FFh, 01Fh, 0FFh, 0FFh, 0F8h, 000h, 000h, 000h, 000h
	. . .
202D	00 00 

202F	00 7F C3 FF              DB 000h, 07Fh, 0C3h, 0FFh, 0FFh, 0FFh, 07Fh, 0FFh, 0FFh, 0F8h
	. . .
2037	FF F8 

2039	00 00 00 00              DB 000h, 000h, 000h, 000h, 000h, 07Fh, 0C3h, 0FFh, 0FFh, 0F9h
	. . .
2041	FF F9 

2043	FF F7 FF F8              DB 0FFh, 0F7h, 0FFh, 0F8h, 000h, 000h, 01Ch, 000h, 000h, 03Fh
	. . .
204B	00 3F 

204D	C3 FF FF F7              DB 0C3h, 0FFh, 0FFh, 0F7h, 0FFh, 0F7h, 07Fh, 0F8h, 000h, 000h
	. . .
2055	00 00 

2057	14 00 00 3F              DB 014h, 000h, 000h, 03Fh, 0C3h, 0FFh, 0FFh, 0CFh, 0FFh, 08Fh
	. . .
205F	FF 8F 

2061	7F F8 00 00              DB 07Fh, 0F8h, 000h, 000h, 012h, 000h, 000h, 03Fh, 0C1h, 0FFh
	. . .
2069	C1 FF 

206B	FF 3F FE 7F              DB 0FFh, 03Fh, 0FEh, 07Fh, 0BFh, 0F0h, 000h, 03Ch, 012h, 000h
	. . .
2073	12 00 

2075	00 3F C1 FF              DB 000h, 03Fh, 0C1h, 0FFh, 0FEh, 0FFh, 0FEh, 07Fh, 0FFh, 0E0h
	. . .
207D	FF E0 

207F	00 7E 12 00              DB 000h, 07Eh, 012h, 000h, 000h, 03Fh, 0C1h, 0FFh, 0F9h, 0FFh
	. . .
2087	F9 FF 

2089	FC FF FF C0              DB 0FCh, 0FFh, 0FFh, 0C0h, 000h, 072h, 014h, 000h, 000h, 03Fh
	. . .
2091	00 3F 

2093	C1 FF F7 FF              DB 0C1h, 0FFh, 0F7h, 0FFh, 0F9h, 0FFh, 0FFh, 080h, 000h, 07Ah
	. . .
209B	00 7A 

209D	1C 00 00 3F              DB 01Ch, 000h, 000h, 03Fh, 081h, 0FFh, 0EFh, 0FFh, 0F7h, 0FFh
	. . .
20A5	F7 FF 

20A7	FF 00 00 38              DB 0FFh, 000h, 000h, 038h, 000h, 000h, 000h, 03Fh, 081h, 0FFh
	. . .
20AF	81 FF 

20B1	DF FF EF FF              DB 0DFh, 0FFh, 0EFh, 0FFh, 0FEh, 000h, 000h, 01Eh, 000h, 000h
	. . .
20B9	00 00 

20BB	00 3F 81 FF              DB 000h, 03Fh, 081h, 0FFh, 0FFh, 0FFh, 0D7h, 0FFh, 0FCh, 000h
	. . .
20C3	FC 00 

20C5	00 07 00 00              DB 000h, 007h, 000h, 000h, 000h, 03Fh, 081h, 0FFh, 07Fh, 0FFh
	. . .
20CD	7F FF 

20CF	FF FF FA 00              DB 0FFh, 0FFh, 0FAh, 000h, 000h, 043h, 01Ch, 000h, 000h, 03Fh
	. . .
20D7	00 3F 

20D9	83 FE FF FF              DB 083h, 0FEh, 0FFh, 0FFh, 0BFh, 0FFh, 0F4h, 000h, 000h, 07Fh
	. . .
20E1	00 7F 

20E3	12 00 00 3F              DB 012h, 000h, 000h, 03Fh, 083h, 0FDh, 0FFh, 0FFh, 0FFh, 0FFh
	. . .
20EB	FF FF 

20ED	E8 00 00 3C              DB 0E8h, 000h, 000h, 03Ch, 012h, 000h, 000h, 03Fh, 083h, 0FBh
	. . .
20F5	83 FB 

20F7	FF FF FF FF              DB 0FFh, 0FFh, 0FFh, 0FFh, 0D0h, 000h, 000h, 000h, 012h, 000h
	. . .
20FF	12 00 

2101	00 3F 87 FB              DB 000h, 03Fh, 087h, 0FBh, 0FFh, 0FFh, 0FFh, 0FFh, 0E0h, 000h
	. . .
2109	E0 00 

210B	00 00 1E 00              DB 000h, 000h, 01Eh, 000h, 000h, 03Fh, 08Fh, 0F7h, 0FFh, 0FDh
	. . .
2113	FF FD 

2115	FF FF C0 00              DB 0FFh, 0FFh, 0C0h, 000h, 000h, 000h, 014h, 000h, 000h, 03Fh
	. . .
211D	00 3F 

211F	9F EF FF FB              DB 09Fh, 0EFh, 0FFh, 0FBh, 0FFh, 0FFh, 080h, 000h, 000h, 000h
	. . .
2127	00 00 

2129	12 00 00 3F              DB 012h, 000h, 000h, 03Fh, 09Fh, 0DFh, 0FFh, 0FFh, 0FFh, 0FFh
	. . .
2131	FF FF 

2133	00 00 00 00              DB 000h, 000h, 000h, 000h, 000h, 000h, 000h, 03Fh, 03Fh, 0BFh
	. . .
213B	3F BF 

213D	FF F7 FF FE              DB 0FFh, 0F7h, 0FFh, 0FEh, 000h, 000h, 000h, 000h, 000h, 000h
	. . .
2145	00 00 

2147	00 3F 7F FF              DB 000h, 03Fh, 07Fh, 0FFh, 0FFh, 0FFh, 0FFh, 0FCh, 000h, 000h
	. . .
214F	00 00 

2151	00 00 00 00              DB 000h, 000h, 000h, 000h, 000h, 03Fh, 07Fh, 0FFh, 0FFh, 0FFh
	. . .
2159	FF FF 

215B	FF F8 00 00              DB 0FFh, 0F8h, 000h, 000h, 000h, 050h, 000h, 000h, 000h, 03Fh
	. . .
2163	00 3F 

2165	FF FF FF EF              DB 0FFh, 0FFh, 0FFh, 0EFh, 0FFh, 0E7h, 0FCh, 000h, 000h, 070h
	. . .
216D	00 70 

216F	0C 00 00 3E              DB 00Ch, 000h, 000h, 03Eh, 0FFh, 0FFh, 0FFh, 0DFh, 0FFh, 0EFh
	. . .
2177	FF EF 

2179	FE 00 00 70              DB 0FEh, 000h, 000h, 070h, 012h, 000h, 000h, 03Dh, 0FFh, 0FFh
	. . .
2181	FF FF 

2183	FF BF FF 3F              DB 0FFh, 0BFh, 0FFh, 03Fh, 0FFh, 0C0h, 000h, 070h, 012h, 000h
	. . .
218B	12 00 

218D	00 3D FF FF              DB 000h, 03Dh, 0FFh, 0FFh, 0FFh, 0DFh, 0FEh, 0FFh, 0FFh, 0E0h
	. . .
2195	FF E0 

2197	00 78 1E 00              DB 000h, 078h, 01Eh, 000h, 000h, 03Dh, 0FFh, 0FFh, 0FFh, 07Fh
	. . .
219F	FF 7F 

21A1	F9 FF FF F0              DB 0F9h, 0FFh, 0FFh, 0F0h, 000h, 07Ch, 012h, 000h, 000h, 03Dh
	. . .
21A9	00 3D 

21AB	FF FF FF 7F              DB 0FFh, 0FFh, 0FFh, 07Fh, 0F7h, 0FCh, 00Fh, 0F8h, 000h, 05Eh
	. . .
21B3	00 5E 

21B5	12 00 00 3D              DB 012h, 000h, 000h, 03Dh, 0FFh, 0FFh, 0FEh, 0FFh, 0EEh, 003h
	. . .
21BD	EE 03 

21BF	FF FC 00 DE              DB 0FFh, 0FCh, 000h, 0DEh, 012h, 000h, 000h, 03Dh, 0FFh, 0FFh
	. . .
21C7	FF FF 

21C9	FC FF C3 FF              DB 0FCh, 0FFh, 0C3h, 0FFh, 0FFh, 0FEh, 000h, 004h, 000h, 000h
	. . .
21D1	00 00 

21D3	00 3D FF FF              DB 000h, 03Dh, 0FFh, 0FFh, 0FDh, 0FFh, 0BFh, 0FFh, 0FFh, 0FEh
	. . .
21DB	FF FE 

21DD	00 08 00 00              DB 000h, 008h, 000h, 000h, 000h, 03Dh, 0FFh, 0FFh, 0FBh, 0FFh
	. . .
21E5	FB FF 

21E7	7F FF FF FE              DB 07Fh, 0FFh, 0FFh, 0FEh, 000h, 000h, 000h, 000h, 000h, 03Dh
	. . .
21EF	00 3D 

21F1	E1 E0 0F FE              DB 0E1h, 0E0h, 00Fh, 0FEh, 0FFh, 0FFh, 0FFh, 0FEh, 000h, 000h
	. . .
21F9	00 00 

21FB	00 00 00 3D              DB 000h, 000h, 000h, 03Dh, 0C0h, 01Fh, 0EFh, 0FDh, 0FFh, 0FFh
	. . .
2203	FF FF 

2205	FF FE 00 00              DB 0FFh, 0FEh, 000h, 000h, 000h, 000h, 000h, 03Ch, 09Eh, 0FFh
	. . .
220D	9E FF 

220F	DF FB FF FF              DB 0DFh, 0FBh, 0FFh, 0FFh, 0FFh, 0FEh, 000h, 000h, 000h, 000h
	. . .
2217	00 00 

2219	00 3C 7F FF              DB 000h, 03Ch, 07Fh, 0FFh, 0BFh, 0F7h, 0FFh, 0FFh, 0FFh, 0FEh
	. . .
2221	FF FE 

2223	00 00 00 00              DB 000h, 000h, 000h, 000h, 000h, 078h, 0FFh, 0FFh, 07Fh, 0EFh
	. . .
222B	7F EF 

222D	FF FF FF FC              DB 0FFh, 0FFh, 0FFh, 0FCh, 000h, 000h, 000h, 000h, 003h, 087h
	. . .
2235	03 87 

2237	FD FF FF DF              DB 0FDh, 0FFh, 0FFh, 0DFh, 0FFh, 0FFh, 0FFh, 0F8h, 000h, 000h
	. . .
223F	00 00 

2241	00 00 07 EF              DB 000h, 000h, 007h, 0EFh, 0FFh, 0FDh, 0FFh, 0BFh, 0FFh, 0FFh
	. . .
2249	FF FF 

224B	FE F0 00 00              DB 0FEh, 0F0h, 000h, 000h, 000h, 000h, 00Fh, 0FFh, 0FFh, 0F3h
	. . .
2253	FF F3 

2255	FF 7F FF FF              DB 0FFh, 07Fh, 0FFh, 0FFh, 0E1h, 0E0h, 000h, 000h, 000h, 000h
	. . .
225D	00 00 

225F	1F FF FC F7              DB 01Fh, 0FFh, 0FCh, 0F7h, 0FEh, 0FFh, 0FFh, 0FFh, 0FFh, 0C0h
	. . .
2267	FF C0 

2269	00 00 00 00              DB 000h, 000h, 000h, 000h, 03Fh, 0FFh, 0FEh, 01Fh, 0FEh, 000h
	. . .
2271	FE 00 

2273	0F FF FF 80              DB 00Fh, 0FFh, 0FFh, 080h, 000h, 000h, 000h, 000h, 000h, 000h
	. . .
227B	00 00 

227D	00 1F FC 00              DB 000h, 01Fh, 0FCh, 000h, 000h, 000h, 000h, 000h, 000h, 000h
	. . .
2285	00 00 

2287	00 00 00 00              DB 000h, 000h, 000h, 000h, 000h, 03Fh, 0F8h, 000h, 000h, 000h
	. . .
228F	00 00 

2291	00 00 00 00              DB 000h, 000h, 000h, 000h, 000h, 000h, 000h, 000h, 000h, 03Fh
	. . .
2299	00 3F 

229B	F8 00 00 00              DB 0F8h, 000h, 000h, 000h, 000h, 000h, 000h, 000h, 000h, 000h
	. . .
22A3	00 00 

22A5	00 00 00 3F              DB 000h, 000h, 000h, 03Fh, 0F0h, 000h, 000h, 000h, 000h, 000h
	. . .
22AD	00 00 

22AF	00 00 00 00              DB 000h, 000h, 000h, 000h, 000h, 000h, 000h, 03Fh, 0E0h, 000h
	. . .
22B7	E0 00 

22B9	00 00 00 00              DB 000h, 000h, 000h, 000h, 000h, 000h, 000h, 000h, 000h, 000h
	. . .
22C1	00 00 

22C3	00 7F E0 00              DB 000h, 07Fh, 0E0h, 000h, 000h, 000h, 000h, 000h, 000h, 000h
	. . .
22CB	00 00 

22CD	00 00 00 00              DB 000h, 000h, 000h, 000h, 000h, 07Fh, 0C0h, 000h, 000h, 000h
	. . .
22D5	00 00 

22D7	00 00 00 00              DB 000h, 000h, 000h, 000h, 000h, 000h, 000h, 000h, 000h, 0FFh
	. . .
22DF	00 FF 

22E1	80 00 00 00              DB 080h, 000h, 000h, 000h, 000h, 000h, 000h, 000h, 000h, 000h
	. . .
22E9	00 00 

22EB	00 00 01 FF              DB 000h, 000h, 001h, 0FFh, 000h, 000h, 000h, 000h, 000h, 000h
	. . .
22F3	00 00 

22F5	00 00 00 00              DB 000h, 000h, 000h, 000h, 000h, 000h, 001h, 0FEh, 000h, 000h
	. . .
22FD	00 00 

22FF	00 00 00 00              DB 000h, 000h, 000h, 000h, 000h, 000h, 000h, 000h, 000h, 000h
	. . .
2307	00 00 

2309	00 00 C5 E5              DB 000h, 000h, 0C5h, 0E5h, 021h, 058h, 092h, 022h, 006h, 023h
	. . .
2311	06 23 

2313	21 06 1C 22              DB 021h, 006h, 01Ch, 022h, 008h, 023h, 03Eh, 008h, 047h, 03Ah
	. . .
231B	47 3A 

231D	A3 11 A7 CA              DB 0A3h, 011h, 0A7h, 0CAh, 030h, 023h, 04Fh, 078h, 080h, 00Dh
	. . .
2325	80 0D 

2327	C2 25 23 32              DB 0C2h, 025h, 023h, 032h, 00Ah, 023h, 0E1h, 0C1h, 0C9h, 078h
	. . .
232F	C9 78 

2331	C3 2A 23 C5              DB 0C3h, 02Ah, 023h, 0C5h, 0D5h, 0E5h, 02Ah, 008h, 023h, 05Dh
	. . .
2339	23 5D 

233B	54 2A 06 23              DB 054h, 02Ah, 006h, 023h, 03Ah, 00Ah, 023h, 047h, 00Eh, 00Eh
	. . .
2343	0E 0E 

2345	1A 77 13 24              DB 01Ah, 077h, 013h, 024h, 00Dh, 0C2h, 045h, 023h, 026h, 092h
	. . .
234D	26 92 

234F	2C 05 C2 43              DB 02Ch, 005h, 0C2h, 043h, 023h, 03Eh, 092h, 022h, 006h, 023h
	. . .
2357	06 23 

2359	6B 62 22 08              DB 06Bh, 062h, 022h, 008h, 023h, 03Eh, 008h, 032h, 00Ah, 023h
	. . .
2361	0A 23 

2363	2A F1 8F E5              DB 02Ah, 0F1h, 08Fh, 0E5h, 021h, 050h, 050h, 022h, 0F1h, 08Fh
	. . .
236B	F1 8F 

236D	CD 70 C1 E1              DB 0CDh, 070h, 0C1h, 0E1h, 022h, 0F1h, 08Fh, 0E1h, 0D1h, 0C1h
	. . .
2375	D1 C1 

2377	C9 F6 40 B8              DB 0C9h, 0F6h, 040h, 0B8h, 0FAh, 041h, 019h, 0CAh, 041h, 019h
	. . .
237F	41 19 

2381	FF 00 FF 00              DB 0FFh, 000h, 0FFh, 000h, 0FFh, 000h, 0FFh, 000h, 0FFh, 000h
	. . .
2389	FF 00 

238B	FF 00 FF 00              DB 0FFh, 000h, 0FFh, 000h, 0FFh, 000h, 0FFh, 000h, 0FFh, 000h
	. . .
2393	FF 00 

2395	FF 00 FF 00              DB 0FFh, 000h, 0FFh, 000h, 0FFh, 000h, 0FFh, 000h, 0FFh, 000h
	. . .
239D	FF 00 

239F	FF 00 FF 00              DB 0FFh, 000h, 0FFh, 000h, 0FFh, 000h, 0FFh, 000h, 0FFh, 000h
	. . .
23A7	FF 00 

23A9	FF 00 FF 00              DB 0FFh, 000h, 0FFh, 000h, 0FFh, 000h, 0FFh, 000h, 0FFh, 000h
	. . .
23B1	FF 00 

23B3	FF 00 FF 00              DB 0FFh, 000h, 0FFh, 000h, 0FFh, 000h, 0FFh, 000h, 0FFh, 000h
	. . .
23BB	FF 00 

23BD	FF 00 FF 00              DB 0FFh, 000h, 0FFh, 000h, 0FFh, 000h, 0FFh, 000h, 0FFh, 000h
	. . .
23C5	FF 00 

23C7	FF 00 FF 00              DB 0FFh, 000h, 0FFh, 000h, 0FFh, 000h, 0FFh, 000h, 0FFh, 000h
	. . .
23CF	FF 00 

23D1	FF 00 FF 00              DB 0FFh, 000h, 0FFh, 000h, 0FFh, 000h, 0FFh, 000h, 0FFh, 000h
	. . .
23D9	FF 00 

23DB	FF 00 FF 00              DB 0FFh, 000h, 0FFh, 000h, 0FFh, 000h, 0FFh, 000h, 0FFh, 000h
	. . .
23E3	FF 00 

23E5	FF 00 FF 00              DB 0FFh, 000h, 0FFh, 000h, 0FFh, 000h, 0FFh, 000h, 0FFh, 000h
	. . .
23ED	FF 00 

23EF	FF 00 FF 00              DB 0FFh, 000h, 0FFh, 000h, 0FFh, 000h, 0FFh, 000h, 0FFh, 000h
	. . .
23F7	FF 00 

23F9	FF 00 FF 00              DB 0FFh, 000h, 0FFh, 000h, 0FFh, 000h, 0FFh, 0C3h, 0E4h, 025h
	. . .
2401	E4 25 

2403	C3 79 24 C3              DB 0C3h, 079h, 024h, 0C3h, 081h, 024h, 0C3h, 095h, 024h, 0C3h
	. . .
240B	24 C3 

240D	9F 24 C3 A5              DB 09Fh, 024h, 0C3h, 0A5h, 024h, 0C3h, 0ADh, 024h, 0C3h, 055h
	. . .
2415	C3 55 

2417	28 C3 77 28              DB 028h, 0C3h, 077h, 028h, 000h, 000h, 000h, 000h, 000h, 000h
	. . .
241F	00 00 

2421	00 00 00 00              DB 000h, 000h, 000h, 000h, 000h, 03Fh, 01Fh, 0E0h, 000h, 000h
	. . .
2429	00 00 

242B	14 00 13 2F              DB 014h, 000h, 013h, 02Fh, 0FFh, 0FFh, 0C8h, 000h, 003h, 000h
	. . .
2433	03 00 

2435	00 00 14 00              DB 000h, 000h, 014h, 000h, 003h, 000h, 000h, 000h, 000h, 000h
	. . .
243D	00 00 

243F	03 3E FD F3              DB 003h, 03Eh, 0FDh, 0F3h, 07Ch, 000h, 003h, 030h, 031h, 0B3h
	. . .
2447	31 B3 

2449	60 00 03 3E              DB 060h, 000h, 003h, 03Eh, 031h, 0B3h, 07Ch, 000h, 003h, 030h
	. . .
2451	03 30 

2453	31 F3 0C 00              DB 031h, 0F3h, 00Ch, 000h, 003h, 03Eh, 031h, 09Bh, 07Ch, 000h
	. . .
245B	7C 00 

245D	00 00 00 00              DB 000h, 000h, 000h, 000h, 000h, 000h, 003h, 03Eh, 031h, 09Bh
	. . .
2465	31 9B 

2467	7C 00 00 7E              DB 07Ch, 000h, 000h, 07Eh, 07Eh, 07Eh, 07Eh, 07Eh, 07Eh, 000h
	. . .
246F	7E 00 

2471	00 00 00 00              DB 000h, 000h, 000h, 000h, 000h, 000h, 000h, 000h, 07Ch, 0CDh
	. . .
2479	7C CD 

247B	81 24 7D 00              DB 081h, 024h, 07Dh, 000h, 000h, 000h, 0F5h, 00Fh, 00Fh, 00Fh
	. . .
2483	0F 0F 

2485	0F CD 8A 24              DB 00Fh, 0CDh, 08Ah, 024h, 0F1h, 0E6h, 00Fh, 0C6h, 090h, 027h
	. . .
248D	90 27 

248F	CE 40 27 C3              DB 0CEh, 040h, 027h, 0C3h, 0ADh, 024h, 03Eh, 00Dh, 0CDh, 0ADh
	. . .
2497	CD AD 

2499	24 3E 0A C3              DB 024h, 03Eh, 00Ah, 0C3h, 0ADh, 024h, 0CDh, 0ABh, 024h, 0CDh
	. . .
24A1	24 CD 

24A3	AB 24 CD AB              DB 0ABh, 024h, 0CDh, 0ABh, 024h, 0CDh, 0ABh, 024h, 03Eh, 020h
	. . .
24AB	3E 20 

24AD	C5 4F CD 37              DB 0C5h, 04Fh, 0CDh, 037h, 0C0h, 0C1h, 0C9h, 00Ah, 00Dh, 073h
	. . .
24B5	0D 73 

24B7	6D 65 6E 69              DB 06Dh, 065h, 06Eh, 069h, 074h, 078h, 020h, 070h, 061h, 072h
	. . .
24BF	61 72 

24C1	61 6D 65 74              DB 061h, 06Dh, 065h, 074h, 072h, 079h, 028h, 059h, 02Fh, 04Eh
	. . .
24C9	2F 4E 

24CB	29 3F 00 0A              DB 029h, 03Fh, 000h, 00Ah, 00Dh, 075h, 070h, 072h, 061h, 077h
	. . .
24D3	61 77 

24D5	6C 65 6E 69              DB 06Ch, 065h, 06Eh, 069h, 065h, 03Ah, 020h, 049h, 02Ch, 054h
	. . .
24DD	2C 54 

24DF	2C 58 2C 42              DB 02Ch, 058h, 02Ch, 042h, 03Bh, 020h, 020h, 070h, 072h, 069h
	. . .
24E7	72 69 

24E9	6F 73 74 61              DB 06Fh, 073h, 074h, 061h, 06Eh, 06Fh, 077h, 03Ah, 020h, 053h
	. . .
24F1	20 53 

24F3	3B 20 70 72              DB 03Bh, 020h, 070h, 072h, 06Fh, 064h, 06Fh, 06Ch, 076h, 069h
	. . .
24FB	76 69 

24FD	74 78 3A 20              DB 074h, 078h, 03Ah, 020h, 051h, 000h, 00Ah, 00Dh, 064h, 061h
	. . .
2505	64 61 

2507	6C 78 7B 65              DB 06Ch, 078h, 07Bh, 065h, 03Fh, 000h, 00Ah, 00Dh, 069h, 06Dh
	. . .
250F	69 6D 

2511	71 28 30 2D              DB 071h, 028h, 030h, 02Dh, 06Fh, 07Eh, 069h, 073h, 074h, 06Bh
	. . .
2519	74 6B 

251B	61 20 74 61              DB 061h, 020h, 074h, 061h, 062h, 06Ch, 069h, 063h, 079h, 029h
	. . .
2523	79 29 

2525	3F 00 0A 0D              DB 03Fh, 000h, 00Ah, 00Dh, 075h, 072h, 06Fh, 077h, 065h, 06Eh
	. . .
252D	65 6E 

252F	78 28 30 2D              DB 078h, 028h, 030h, 02Dh, 046h, 029h, 03Fh, 000h, 00Ah, 00Dh
	. . .
2537	0A 0D 

2539	54 20 64 72              DB 054h, 020h, 064h, 072h, 065h, 062h, 065h, 07Ah, 067h, 061h
	. . .
2541	67 61 

2543	28 31 2D 37              DB 028h, 031h, 02Dh, 037h, 030h, 029h, 03Fh, 000h, 030h, 040h
	. . .
254B	30 40 

254D	50 40 60 50              DB 050h, 040h, 060h, 050h, 070h, 060h, 070h, 070h, 080h, 060h
	. . .
2555	80 60 

2557	60 40 40 60              DB 060h, 040h, 040h, 060h, 000h, 000h, 040h, 060h, 060h, 040h
	. . .
255F	60 40 

2561	70 50 70 60              DB 070h, 050h, 070h, 060h, 050h, 060h, 060h, 070h, 060h, 060h
	. . .
2569	60 60 

256B	40 70 00 00              DB 040h, 070h, 000h, 000h, 008h, 004h, 00Dh, 00Ah, 009h, 019h
	. . .
2573	09 19 

2575	00 09 06 0A              DB 000h, 009h, 006h, 00Ah, 000h, 00Bh, 0D0h, 04Eh, 0F0h, 0C0h
	. . .
257D	F0 C0 

257F	00 00 00 00              DB 000h, 000h, 000h, 000h, 000h, 000h, 000h, 000h, 000h, 000h
	. . .
2587	00 00 

2589	00 00 00 00              DB 000h, 000h, 000h, 000h, 000h, 000h, 000h, 000h, 000h, 000h
	. . .
2591	00 00 

2593	00 00 00 00              DB 000h, 000h, 000h, 000h, 000h, 000h, 000h, 000h, 000h, 000h
	. . .
259B	00 00 

259D	00 00 00 00              DB 000h, 000h, 000h, 000h, 000h, 000h, 000h, 000h, 000h, 000h
	. . .
25A5	00 00 

25A7	00 00 00 00              DB 000h, 000h, 000h, 000h, 000h, 000h, 000h, 000h, 000h, 000h
	. . .
25AF	00 00 

25B1	00 00 00 00              DB 000h, 000h, 000h, 000h, 000h, 000h, 000h, 000h, 000h, 000h
	. . .
25B9	00 00 

25BB	00 00 00 00              DB 000h, 000h, 000h, 000h, 000h, 000h, 000h, 000h, 000h, 000h
	. . .
25C3	00 00 

25C5	00 00 00 00              DB 000h, 000h, 000h, 000h, 000h, 000h, 000h, 000h, 000h, 000h
	. . .
25CD	00 00 

25CF	00 00 00 00              DB 000h, 000h, 000h, 000h, 000h, 000h, 000h, 000h, 000h, 000h
	. . .
25D7	00 00 

25D9	00 00 40 00              DB 000h, 000h, 040h, 000h, 058h, 079h, 0CEh, 000h, 000h, 000h
	. . .
25E1	00 00 

25E3	00 D2 FD 25              DB 000h, 0D2h, 0FDh, 025h, 0CDh, 095h, 024h, 021h, 003h, 025h
	. . .
25EB	03 25 

25ED	CD 38 C4 CD              DB 0CDh, 038h, 0C4h, 0CDh, 037h, 0C3h, 037h, 03Fh, 017h, 017h
	. . .
25F5	17 17 

25F7	32 A6 11 CD              DB 032h, 0A6h, 011h, 0CDh, 019h, 026h, 0CDh, 055h, 027h, 0CDh
	. . .
25FF	27 CD 

2601	8B 26 CD CF              DB 08Bh, 026h, 0CDh, 0CFh, 026h, 0D2h, 00Fh, 026h, 0CDh, 06Eh
	. . .
2609	CD 6E 

260B	26 C3 FD 25              DB 026h, 0C3h, 0FDh, 025h, 021h, 04Bh, 025h, 0CDh, 006h, 028h
	. . .
2613	06 28 

2615	CD 55 28 C9              DB 0CDh, 055h, 028h, 0C9h, 02Ah, 0A4h, 011h, 022h, 081h, 025h
	. . .
261D	81 25 

261F	11 00 00 CD              DB 011h, 000h, 000h, 0CDh, 027h, 0C4h, 0C8h, 006h, 00Ah, 021h
	. . .
2627	0A 21 

2629	83 25 E5 3E              DB 083h, 025h, 0E5h, 03Eh, 006h, 0CDh, 01Ah, 028h, 0CDh, 0FFh
	. . .
2631	CD FF 

2633	27 EB 2A A4              DB 027h, 0EBh, 02Ah, 0A4h, 011h, 0CDh, 041h, 028h, 0F2h, 04Bh
	. . .
263B	F2 4B 

263D	26 E1 3E 08              DB 026h, 0E1h, 03Eh, 008h, 0CDh, 01Ah, 028h, 005h, 0C2h, 02Bh
	. . .
2645	C2 2B 

2647	26 C3 6D 26              DB 026h, 0C3h, 06Dh, 026h, 048h, 00Ch, 021h, 0D3h, 025h, 011h
	. . .
264F	25 11 

2651	DB 25 06 08              DB 0DBh, 025h, 006h, 008h, 0CDh, 02Fh, 028h, 03Eh, 008h, 0CDh
	. . .
2659	08 CD 

265B	21 28 EB CD              DB 021h, 028h, 0EBh, 0CDh, 021h, 028h, 0EBh, 00Dh, 0C2h, 055h
	. . .
2663	C2 55 

2665	26 21 7B 25              DB 026h, 021h, 07Bh, 025h, 0D1h, 0CDh, 02Fh, 028h, 0C9h, 021h
	. . .
266D	C9 21 

266F	83 25 06 0A              DB 083h, 025h, 006h, 00Ah, 036h, 000h, 0E5h, 03Eh, 006h, 0CDh
	. . .
2677	06 CD 

2679	1A 28 36 00              DB 01Ah, 028h, 036h, 000h, 023h, 036h, 000h, 0E1h, 03Eh, 008h
	. . .
2681	3E 08 

2683	CD 1A 28 05              DB 0CDh, 01Ah, 028h, 005h, 0C2h, 073h, 026h, 0C9h, 021h, 083h
	. . .
268B	21 83 

268D	25 06 0A 7E              DB 025h, 006h, 00Ah, 07Eh, 0FEh, 000h, 0C8h, 0E5h, 0E5h, 0E5h
	. . .
2695	E5 E5 

2697	E5 CD 95 24              DB 0E5h, 0CDh, 095h, 024h, 0CDh, 09Fh, 024h, 0CDh, 09Fh, 024h
	. . .
269F	9F 24 

26A1	CD 9F 24 E1              DB 0CDh, 09Fh, 024h, 0E1h, 0CDh, 038h, 0C4h, 0CDh, 0A5h, 024h
	. . .
26A9	A5 24 

26AB	E1 3E 05 CD              DB 0E1h, 03Eh, 005h, 0CDh, 01Ah, 028h, 07Eh, 0CDh, 081h, 024h
	. . .
26B3	81 24 

26B5	CD A5 24 E1              DB 0CDh, 0A5h, 024h, 0E1h, 03Eh, 006h, 0CDh, 01Ah, 028h, 0CDh
	. . .
26BD	28 CD 

26BF	FF 27 CD 79              DB 0FFh, 027h, 0CDh, 079h, 024h, 0E1h, 03Eh, 008h, 0CDh, 01Ah
	. . .
26C7	CD 1A 

26C9	28 05 C2 90              DB 028h, 005h, 0C2h, 090h, 026h, 0C9h, 021h, 07Bh, 025h, 006h
	. . .
26D1	25 06 

26D3	04 3E 20 77              DB 004h, 03Eh, 020h, 077h, 023h, 005h, 0C2h, 0D6h, 026h, 036h
	. . .
26DB	26 36 

26DD	00 21 0D 25              DB 000h, 021h, 00Dh, 025h, 0CDh, 038h, 0C4h, 021h, 07Bh, 025h
	. . .
26E5	7B 25 

26E7	06 04 CD 37              DB 006h, 004h, 0CDh, 037h, 0C3h, 0FEh, 00Dh, 0CAh, 0FFh, 026h
	. . .
26EF	FF 26 

26F1	FE 30 FA FF              DB 0FEh, 030h, 0FAh, 0FFh, 026h, 077h, 0CDh, 0ADh, 024h, 023h
	. . .
26F9	24 23 

26FB	05 C2 E9 26              DB 005h, 0C2h, 0E9h, 026h, 078h, 0FEh, 004h, 0CAh, 0CFh, 026h
	. . .
2703	CF 26 

2705	3A 7B 25 FE              DB 03Ah, 07Bh, 025h, 0FEh, 030h, 0C2h, 00Fh, 027h, 037h, 0C9h
	. . .
270D	37 C9 

270F	21 27 25 CD              DB 021h, 027h, 025h, 0CDh, 038h, 0C4h, 0CDh, 0B8h, 027h, 0FEh
	. . .
2717	27 FE 

2719	10 F2 0F 27              DB 010h, 0F2h, 00Fh, 027h, 032h, 0A3h, 011h, 032h, 080h, 025h
	. . .
2721	80 25 

2723	21 B4 24 CD              DB 021h, 0B4h, 024h, 0CDh, 038h, 0C4h, 0CDh, 037h, 0C3h, 0CDh
	. . .
272B	C3 CD 

272D	AD 24 FE 59              DB 0ADh, 024h, 0FEh, 059h, 0C2h, 04Eh, 027h, 0CDh, 010h, 0C0h
	. . .
2735	10 C0 

2737	21 37 25 CD              DB 021h, 037h, 025h, 0CDh, 038h, 0C4h, 0CDh, 0B8h, 027h, 0A7h
	. . .
273F	27 A7 

2741	CA 34 27 FE              DB 0CAh, 034h, 027h, 0FEh, 071h, 0F2h, 034h, 027h, 032h, 0A8h
	. . .
2749	32 A8 

274B	11 AF C9 3E              DB 011h, 0AFh, 0C9h, 03Eh, 030h, 032h, 0A8h, 011h, 0AFh, 0C9h
	. . .
2753	AF C9 

2755	CD 10 C0 CD              DB 0CDh, 010h, 0C0h, 0CDh, 071h, 027h, 021h, 058h, 000h, 022h
	. . .
275D	00 22 

275F	FC 8F 21 5D              DB 0FCh, 08Fh, 021h, 05Dh, 025h, 0CDh, 006h, 028h, 021h, 0CEh
	. . .
2767	21 CE 

2769	24 CD 38 C4              DB 024h, 0CDh, 038h, 0C4h, 0CDh, 095h, 024h, 0C9h, 006h, 00Bh
	. . .
2771	06 0B 

2773	11 00 90 21              DB 011h, 000h, 090h, 021h, 027h, 024h, 0C5h, 00Eh, 006h, 006h
	. . .
277B	06 06 

277D	08 7E 23 EB              DB 008h, 07Eh, 023h, 0EBh, 0D5h, 0F5h, 0F1h, 017h, 0F5h, 0D2h
	. . .
2785	F5 D2 

2787	8F 27 11 69              DB 08Fh, 027h, 011h, 069h, 024h, 0C3h, 092h, 027h, 011h, 071h
	. . .
278F	11 71 

2791	24 E5 C5 06              DB 024h, 0E5h, 0C5h, 006h, 008h, 01Ah, 013h, 077h, 02Ch, 005h
	. . .
2799	2C 05 

279B	C2 96 27 C1              DB 0C2h, 096h, 027h, 0C1h, 0E1h, 024h, 005h, 0C2h, 083h, 027h
	. . .
27A3	83 27 

27A5	F1 D1 EB 0D              DB 0F1h, 0D1h, 0EBh, 00Dh, 0C2h, 07Ch, 027h, 016h, 090h, 07Bh
	. . .
27AD	90 7B 

27AF	C6 08 5F C1              DB 0C6h, 008h, 05Fh, 0C1h, 005h, 0C2h, 079h, 027h, 0C9h, 05Dh
	. . .
27B7	C9 5D 

27B9	54 CD 38 C4              DB 054h, 0CDh, 038h, 0C4h, 006h, 000h, 0C5h, 0CDh, 037h, 0C3h
	. . .
27C1	37 C3 

27C3	CD AD 24 C1              DB 0CDh, 0ADh, 024h, 0C1h, 0FEh, 041h, 0FAh, 0D1h, 027h, 0FEh
	. . .
27CB	27 FE 

27CD	47 FA EF 27              DB 047h, 0FAh, 0EFh, 027h, 0FEh, 030h, 0FAh, 0F4h, 027h, 0FEh
	. . .
27D5	27 FE 

27D7	39 F2 E9 27              DB 039h, 0F2h, 0E9h, 027h, 0D6h, 030h, 04Fh, 0AFh, 078h, 017h
	. . .
27DF	78 17 

27E1	17 17 17 B1              DB 017h, 017h, 017h, 0B1h, 047h, 0C3h, 0BFh, 027h, 0CAh, 0DBh
	. . .
27E9	CA DB 

27EB	27 C3 F4 27              DB 027h, 0C3h, 0F4h, 027h, 0D6h, 037h, 0C3h, 0DDh, 027h, 0FEh
	. . .
27F3	27 FE 

27F5	0D C2 B8 27              DB 00Dh, 0C2h, 0B8h, 027h, 078h, 0A7h, 0FAh, 0B8h, 027h, 0C9h
	. . .
27FD	27 C9 

27FF	D5 5E 23 56              DB 0D5h, 05Eh, 023h, 056h, 0EBh, 0D1h, 0C9h, 0E5h, 0CDh, 0FFh
	. . .
2807	CD FF 

2809	27 22 F1 8F              DB 027h, 022h, 0F1h, 08Fh, 0CDh, 070h, 0C1h, 0E1h, 023h, 023h
	. . .
2811	23 23 

2813	7E FE 00 C2              DB 07Eh, 0FEh, 000h, 0C2h, 006h, 028h, 0C9h, 0D5h, 05Fh, 016h
	. . .
281B	5F 16 

281D	00 19 D1 C9              DB 000h, 019h, 0D1h, 0C9h, 0C5h, 0F5h, 047h, 07Dh, 090h, 06Fh
	. . .
2825	90 6F 

2827	7C DE 00 67              DB 07Ch, 0DEh, 000h, 067h, 078h, 0F1h, 0C1h, 0C9h, 0C5h, 0D5h
	. . .
282F	C5 D5 

2831	E5 7E 12 23              DB 0E5h, 07Eh, 012h, 023h, 013h, 005h, 0C2h, 032h, 028h, 0CDh
	. . .
2839	28 CD 

283B	77 28 E1 D1              DB 077h, 028h, 0E1h, 0D1h, 0C1h, 0C9h, 07Ch, 0BAh, 0C0h, 07Dh
	. . .
2843	C0 7D 

2845	A7 FA 4F 28              DB 0A7h, 0FAh, 04Fh, 028h, 07Bh, 0A7h, 0F8h, 07Dh, 0BBh, 0C9h
	. . .
284D	BB C9 

284F	7B A7 F0 C3              DB 07Bh, 0A7h, 0F0h, 0C3h, 04Ch, 028h, 0AFh, 03Eh, 010h, 017h
	. . .
2857	10 17 

2859	17 17 C6 0F              DB 017h, 017h, 0C6h, 00Fh, 067h, 03Eh, 0A0h, 0C6h, 041h, 03Ch
	. . .
2861	41 3C 

2863	3C 6F 7E FE              DB 03Ch, 06Fh, 07Eh, 0FEh, 089h, 0C2h, 070h, 028h, 023h, 07Eh
	. . .
286B	23 7E 

286D	FE 16 C8 11              DB 0FEh, 016h, 0C8h, 011h, 071h, 027h, 0CDh, 079h, 027h, 0C9h
	. . .
2875	27 C9 

2877	3E 7E 3C 67              DB 03Eh, 07Eh, 03Ch, 067h, 03Eh, 0C4h, 03Ch, 06Fh, 07Eh, 0FEh
	. . .
287F	7E FE 

2881	78 C2 98 28              DB 078h, 0C2h, 098h, 028h, 023h, 07Eh, 0FEh, 0A7h, 0C2h, 098h
	. . .
2889	C2 98 

288B	28 23 7E FE              DB 028h, 023h, 07Eh, 0FEh, 0C2h, 0C2h, 098h, 028h, 023h, 07Eh
	. . .
2893	23 7E 

2895	FE E8 C8 11              DB 0FEh, 0E8h, 0C8h, 011h, 0A4h, 011h, 0CDh, 079h, 027h, 0C9h
	. . .
289D	27 C9 

289F	00 3F 00 FF              DB 000h, 03Fh, 000h, 0FFh, 000h, 0FFh, 000h, 0FFh, 000h, 0FFh
	. . .
28A7	00 FF 

28A9	00 FF 00 FF              DB 000h, 0FFh, 000h, 0FFh, 000h, 0FFh, 000h, 0FFh, 000h, 0FFh
	. . .
28B1	00 FF 

28B3	00 FF 00 FF              DB 000h, 0FFh, 000h, 0FFh, 000h, 0FFh, 000h, 0FFh, 000h, 0FFh
	. . .
28BB	00 FF 

28BD	00 FF 00 FF              DB 000h, 0FFh, 000h, 0FFh, 000h, 0FFh, 000h, 0FFh, 000h, 0FFh
	. . .
28C5	00 FF 

28C7	00 FF 00 FF              DB 000h, 0FFh, 000h, 0FFh, 000h, 0FFh, 000h, 0FFh, 000h, 0FFh
	. . .
28CF	00 FF 

28D1	00 FF 00 FF              DB 000h, 0FFh, 000h, 0FFh, 000h, 0FFh, 000h, 0FFh, 000h, 0FFh
	. . .
28D9	00 FF 

28DB	00 FF 00 FF              DB 000h, 0FFh, 000h, 0FFh, 000h, 0FFh, 000h, 0FFh, 000h, 0FFh
	. . .
28E3	00 FF 

28E5	00 FF 00 FF              DB 000h, 0FFh, 000h, 0FFh, 000h, 0FFh, 000h, 0FFh, 000h, 0FFh
	. . .
28ED	00 FF 

28EF	00 FF 00 FF              DB 000h, 0FFh, 000h, 0FFh, 000h, 0FFh, 000h, 0FFh, 000h, 0FFh
	. . .
28F7	00 FF 

28F9	00 FF 00 FF              DB 000h, 0FFh, 000h, 0FFh, 000h, 0FFh, 000h
	. . .
28FD	00 FF 00 

2900	31 B0 7F        lkevz:   LXI SP,lleni
2903	21 17 29                 LXI H,lnioh
2906	11 5F 29                 LXI D,lniep
2909	01 B7 7F                 LXI B,loiic
290C	CD 2D C4                 CALL lcvvd
290F	21 89 16                 LXI H,ljoaq
2912	22 E3 8F                 SHLD lftte
2915	E9                       PCHL
2916	00                       DB 000h
2917	AF 32 40 81     lnioh:   DB 0AFh, 032h, 040h, 081h, 0CDh, 014h, 081h, 0DCh, 0F5h, 07Fh
	. . .
291F	F5 7F 

2921	2A E3 8F E5              DB 02Ah, 0E3h, 08Fh, 0E5h, 078h, 0A7h, 0C2h, 0E8h, 07Fh, 079h
	. . .
2929	7F 79 

292B	A7 3A 40 81              DB 0A7h, 03Ah, 040h, 081h, 0A7h, 0CAh, 0F3h, 07Fh, 000h, 0CDh
	. . .
2933	00 CD 

2935	10 C0 00 00              DB 010h, 0C0h, 000h, 000h, 000h, 021h, 020h, 07Fh, 0CDh, 038h
	. . .
293D	CD 38 

293F	C4 CD 37 C3              DB 0C4h, 0CDh, 037h, 0C3h, 0FEh, 059h, 0CAh, 0F3h, 07Fh, 021h
	. . .
2947	7F 21 

2949	3D 7F 00 00              DB 03Dh, 07Fh, 000h, 000h, 0CDh, 038h, 0C4h, 0C3h, 0E8h, 07Fh
	. . .
2951	E8 7F 

2953	E1 E9 03 F5              DB 0E1h, 0E9h, 003h, 0F5h, 03Ah, 040h, 081h, 03Ch, 032h, 040h
	. . .
295B	32 40 

295D	81 F1                    DB 081h, 0F1h
295F	C9              lniep:   DB 0C9h
	                END
Labels:
end                     2960
lcvvd                   C42D	lftte                   8FE3
ljoaq                   1689	lkevz                   2900
lleni                   7FB0	lniep                   295F
lnioh                   2917	loiic                   7FB7

