	                ;*********************************************************************************************************
	                ; 
	                ; Autogenerated by DizAssembler:
	                ;   https://github.com/codenjoyme/8080-emulator/blob/master/src/main/java/spec/assembler/DizAssembler.java
	                ; From: src/main/resources/specialist/apps/babnik/babnik.rks
	                ; In test: DizAssemblerTest.testDizAssembly()
	                ; 
	                ;*********************************************************************************************************
	                
	                         CPU  8080
	                         .ORG 00000h
	                lkfav    EQU 02000h
	                lkeon    EQU 02018h
	                lnxnd    EQU 0201Ah
	                lnlkb    EQU 0201Bh
	                ljpkr    EQU 0201Dh
	                lnijh    EQU 0201Fh
	                lkfaf    EQU 02020h
	                lnxyv    EQU 02022h
	                lnlvt    EQU 02023h
	                lnxoz    EQU 0202Ah
	                ljpwi    EQU 020A5h
	                lnuya    EQU 020A6h
	                lnjsg    EQU 03FFFh
	                lkxfl    EQU 04000h
	                lcopl    EQU 09000h
	                lhfed    EQU 0DF5Ah
	                ldsss    EQU 0FFE0h
	                ldgpq    EQU 0FFE1h
	                lhlri    EQU 0FFE2h
	                lgzog    EQU 0FFE3h
0000	31 FF 3F                 LXI SP,lnjsg
0003	21 00 20                 LXI H,lkfav
0006	AF                       XRA A
0007	0E 00                    MVI C,000h
0009	77              ljmmj:   MOV M,A
000A	23                       INX H
000B	0D                       DCR C
000C	C2 09 00                 JNZ ljmmj
000F	3C                       INR A
0010	32 A5 20                 STA ljpwi
0013	21 01 00                 LXI H,00001h
0016	22 20 20                 SHLD lkfaf
0019	21 70 00                 LXI H,ljywj
001C	22 18 20                 SHLD lkeon
001F	3E 91                    MVI A,091h
0021	32 E3 FF                 STA lgzog
0024	3E BC                    MVI A,0BCh
0026	32 E1 FF                 STA ldgpq
0029	3E 05                    MVI A,005h
002B	32 2A 20                 STA lnxoz
002E	CD AB 04        lnomr:   CALL lnflo
0031	CD E0 04        ljmtd:   CALL ljzaa
0034	CD F1 04                 CALL ljmum
0037	21 23 20                 LXI H,lnlvt
003A	7E                       MOV A,M
003B	2F                       CMA
003C	77                       MOV M,A
003D	B7                       ORA A
003E	C2 31 00                 JNZ ljmtd
0041	C3 2E 00                 JMP lnomr
	                
0044	AF 32 29 20     ljvyr:   DB 0AFh, 032h, 029h, 020h, 0CDh, 09Dh, 003h, 031h, 0FFh, 03Fh
	. . .
004C	FF 3F 

004E	CD E0 04 CD              DB 0CDh, 0E0h, 004h, 0CDh, 0EBh, 003h, 021h, 000h, 020h, 01Eh
	. . .
0056	20 1E 

0058	06 CD 63 05              DB 006h, 0CDh, 063h, 005h, 0D5h, 05Eh, 023h, 056h, 023h, 0CDh
	. . .
0060	23 CD 

0062	8C 02 E3 7D              DB 08Ch, 002h, 0E3h, 07Dh, 0E3h, 0CCh, 081h, 000h, 0D1h, 01Dh
	. . .
006A	D1 1D 

006C	C2 59 00 3A              DB 0C2h, 059h, 000h, 03Ah
0070	1F 20 5F 1D     ljywj:   DB 01Fh, 020h, 05Fh, 01Dh, 0CAh, 07Dh, 000h, 0CDh, 063h, 005h
	. . .
0078	63 05 

007A	C3 73 00 03              DB 0C3h, 073h, 000h, 003h, 0C3h, 054h, 000h, 0E5h, 0C5h, 0FEh
	. . .
0082	C5 FE 

0084	01 CA 4B 02              DB 001h, 0CAh, 04Bh, 002h, 0D6h, 007h, 02Fh, 021h, 02Bh, 020h
	. . .
008C	2B 20 

008E	5E 23 56 23              DB 05Eh, 023h, 056h, 023h, 032h, 0A3h, 020h, 0B7h, 0C2h, 0F5h
	. . .
0096	C2 F5 

0098	00 B6 F2 A9              DB 000h, 0B6h, 0F2h, 0A9h, 000h, 021h, 040h, 020h, 0CDh, 07Ch
	. . .
00A0	CD 7C 

00A2	04 21 50 20              DB 004h, 021h, 050h, 020h, 0CDh, 07Ch, 004h, 0EBh, 07Eh, 0FEh
	. . .
00AA	7E FE 

00AC	04 CC B4 05              DB 004h, 0CCh, 0B4h, 005h, 011h, 020h, 000h, 019h, 07Eh, 0FEh
	. . .
00B4	7E FE 

00B6	04 CC B4 05              DB 004h, 0CCh, 0B4h, 005h, 03Ah, 029h, 020h, 0FEh, 064h, 0CAh
	. . .
00BE	64 CA 

00C0	30 02 3A 1D              DB 030h, 002h, 03Ah, 01Dh, 020h, 0FEh, 0FEh, 0CAh, 000h, 000h
	. . .
00C8	00 00 

00CA	1E 09 21 B8              DB 01Eh, 009h, 021h, 0B8h, 008h, 023h, 0BEh, 023h, 0CAh, 0DCh
	. . .
00D2	CA DC 

00D4	00 1D C2 CF              DB 000h, 01Dh, 0C2h, 0CFh, 000h, 0C3h, 016h, 002h, 0AFh, 032h
	. . .
00DC	AF 32 

00DE	1D 20 7E E6              DB 01Dh, 020h, 07Eh, 0E6h, 001h, 0CAh, 0EDh, 000h, 03Ah, 017h
	. . .
00E6	3A 17 

00E8	20 B7 C2 16              DB 020h, 0B7h, 0C2h, 016h, 002h, 07Eh, 021h, 02Eh, 020h, 077h
	. . .
00F0	20 77 

00F2	C3 F3 01 D5              DB 0C3h, 0F3h, 001h, 0D5h, 087h, 087h, 05Fh, 087h, 083h, 05Fh
	. . .
00FA	83 5F 

00FC	16 00 21 2B              DB 016h, 000h, 021h, 02Bh, 020h, 019h, 0C1h, 05Eh, 023h, 056h
	. . .
0104	23 56 

0106	23 7E                    DB 023h, 07Eh
0108	B7 FA F4 01     ljypn:   DB 0B7h, 0FAh, 0F4h, 001h, 0C5h, 0E3h, 0CDh, 0A2h, 002h, 0CAh
	. . .
0110	02 CA 

0112	CD 01 01 C0              DB 0CDh, 001h, 001h, 0C0h, 0FFh, 009h, 0CDh, 0B8h, 002h, 0CAh
	. . .
011A	02 CA 

011C	CD 01 23 CD              DB 0CDh, 001h, 023h, 0CDh, 0B8h, 002h, 0CAh, 0CDh, 001h, 03Ah
	. . .
0124	01 3A 

0126	A3 20 E6 01              DB 0A3h, 020h, 0E6h, 001h, 0C2h, 05Dh, 001h, 0EBh, 001h, 000h
	. . .
012E	01 00 

0130	06 09 7E FE              DB 006h, 009h, 07Eh, 0FEh, 021h, 0CAh, 0E1h, 001h, 0E6h, 001h
	. . .
0138	E6 01 

013A	7E CA 3F 01              DB 07Eh, 0CAh, 03Fh, 001h, 0AFh, 0B7h, 0CAh, 0E1h, 001h, 0FEh
	. . .
0142	01 FE 

0144	20 CA E1 01              DB 020h, 0CAh, 0E1h, 001h, 0E1h, 0E5h, 04Fh, 07Eh, 0B7h, 079h
	. . .
014C	B7 79 

014E	CA 57 01 23              DB 0CAh, 057h, 001h, 023h, 023h, 0BEh, 0C2h, 0E1h, 001h, 0E1h
	. . .
0156	01 E1 

0158	23 77 C3 F3              DB 023h, 077h, 0C3h, 0F3h, 001h, 021h, 05Ah, 0DFh, 019h, 0EBh
	. . .
0160	19 EB 

0162	21 2B 20 4E              DB 021h, 02Bh, 020h, 04Eh, 023h, 046h, 021h, 05Ah, 0DFh, 009h
	. . .
016A	DF 09 

016C	29 29 29 EB              DB 029h, 029h, 029h, 0EBh, 029h, 029h, 029h, 0EBh, 001h, 020h
	. . .
0174	01 20 

0176	20 7D BB CA              DB 020h, 07Dh, 0BBh, 0CAh, 083h, 001h, 00Eh, 0FEh, 0DAh, 083h
	. . .
017E	DA 83 

0180	01 0E 02 7C     ljyzi:   DB 001h, 00Eh, 002h, 07Ch, 0BAh, 0CAh, 08Fh, 001h, 006h, 0FCh
	. . .
0188	06 FC 

018A	DA 8F 01 06              DB 0DAh, 08Fh, 001h, 006h, 004h, 0E1h, 0E5h, 023h, 023h, 07Eh
	. . .
0192	23 7E 

0194	B7 C2 C0 01              DB 0B7h, 0C2h, 0C0h, 001h, 02Bh, 07Eh, 0FEh, 020h, 0C2h, 0ACh
	. . .
019C	C2 AC 

019E	01 CD ED 05              DB 001h, 0CDh, 0EDh, 005h, 0E6h, 004h, 0C2h, 057h, 001h, 03Eh
	. . .
01A6	01 3E 

01A8	FC C3 57 01              DB 0FCh, 0C3h, 057h, 001h, 0CDh, 0EDh, 005h, 0B7h, 07Eh, 0FAh
	. . .
01B0	7E FA 

01B2	BA 01 CD 7B              DB 0BAh, 001h, 0CDh, 07Bh, 003h, 0C3h, 057h, 001h, 0CDh, 088h
	. . .
01BA	CD 88 

01BC	03 C3 57 01              DB 003h, 0C3h, 057h, 001h, 0CDh, 0EDh, 005h, 0E6h, 001h, 079h
	. . .
01C4	01 79 

01C6	CA 57 01 78              DB 0CAh, 057h, 001h, 078h, 0C3h, 057h, 001h, 021h, 02Dh, 020h
	. . .
01CE	2D 20 

01D0	7E B7 FA DA              DB 07Eh, 0B7h, 0FAh, 0DAh, 001h, 03Eh, 005h, 0CDh, 05Eh, 002h
	. . .
01D8	5E 02 

01DA	E1 23 36 00              DB 0E1h, 023h, 036h, 000h, 0C3h, 0F3h, 001h, 0E1h, 023h, 0CDh
	. . .
01E2	23 CD 

01E4	ED 05 FE 07              DB 0EDh, 005h, 0FEh, 007h, 0DAh, 0F0h, 001h, 023h, 07Eh, 0FEh
	. . .
01EC	7E FE 

01EE	00 2B CC 1C              DB 000h, 02Bh, 0CCh, 01Ch, 002h, 02Bh, 0E5h, 02Bh, 02Bh, 0CDh
	. . .
01F6	2B CD 

01F8	0A 06 EB 2A              DB 00Ah, 006h, 0EBh, 02Ah, 018h, 020h, 0EBh, 03Ah, 0A3h, 020h
	. . .
0200	A3 20 

0202	B7 C2 09 02              DB 0B7h, 0C2h, 009h, 002h, 011h, 060h, 000h, 0E1h, 07Eh, 0FEh
	. . .
020A	7E FE 

020C	01 C2 51 02              DB 001h, 0C2h, 051h, 002h, 011h, 030h, 000h, 0C3h, 051h, 002h
	. . .
0214	51 02 

0216	21 2E 20 C3              DB 021h, 02Eh, 020h, 0C3h, 0F3h, 001h, 0CDh, 0EDh, 005h, 0E6h
	. . .
021E	05 E6 

0220	06 C6 FC C2              DB 006h, 0C6h, 0FCh, 0C2h, 028h, 002h, 03Eh, 004h, 023h, 0BEh
	. . .
0228	23 BE 

022A	2B CA 1C 02              DB 02Bh, 0CAh, 01Ch, 002h, 077h, 0C9h, 02Ah, 018h, 020h, 02Bh
	. . .
0232	20 2B 

0234	2B 2B 2B 22              DB 02Bh, 02Bh, 02Bh, 022h, 018h, 020h, 0CDh, 0ABh, 004h, 021h
	. . .
023C	04 21 

023E	2A 20 3E 09              DB 02Ah, 020h, 03Eh, 009h, 0BEh, 0D4h, 049h, 002h, 0C3h, 044h
	. . .
0246	C3 44 

0248	00 34 C9 CD              DB 000h, 034h, 0C9h, 0CDh, 0BEh, 002h, 011h, 030h, 000h, 0E1h
	. . .
0250	00 E1 

0252	E5 19 EB C1              DB 0E5h, 019h, 0EBh, 0C1h, 0E1h, 02Bh, 072h, 02Bh, 073h, 023h
	. . .
025A	73 23 

025C	23 C9 36 F0              DB 023h, 0C9h, 036h, 0F0h, 001h, 0B7h, 00Ch, 0FEh, 005h, 0C2h
	. . .
0264	05 C2 

0266	78 02 E5 21              DB 078h, 002h, 0E5h, 021h, 02Ah, 020h, 035h, 07Eh, 021h, 004h
	. . .
026E	21 04 

0270	B5 CD 99 05              DB 0B5h, 0CDh, 099h, 005h, 0E1h, 001h, 037h, 00Ah, 023h, 023h
	. . .
0278	23 23 

027A	23 23 36 02              DB 023h, 023h, 036h, 002h, 023h, 036h, 002h, 023h, 071h, 023h
	. . .
0282	71 23 

0284	70 21 50 20              DB 070h, 021h, 050h, 020h, 0CDh, 07Ch, 004h, 0C9h, 078h, 0BAh
	. . .
028C	78 BA 

028E	C0 79 BB C9              DB 0C0h, 079h, 0BBh, 0C9h, 0C5h, 04Eh, 023h, 046h, 0C5h, 001h
	. . .
0296	C5 01 

0298	0B 00 09 E3              DB 00Bh, 000h, 009h, 0E3h, 0CDh, 0A2h, 002h, 0E1h, 0C1h, 0C9h
	. . .
02A0	C1 C9 

02A2	CD B8 02 C8              DB 0CDh, 0B8h, 002h, 0C8h, 023h, 0CDh, 0B8h, 002h, 0C8h, 001h
	. . .
02AA	C8 01 

02AC	20 00 09 CD              DB 020h, 000h, 009h, 0CDh, 0B8h, 002h, 0C8h, 02Bh, 0CDh, 0B8h
	. . .
02B4	CD B8 

02B6	02 C9 7C BA              DB 002h, 0C9h, 07Ch, 0BAh, 0C0h, 07Dh, 0BBh, 0C9h, 02Ah, 014h
	. . .
02BE	2A 14 

02C0	20 3A 17 20              DB 020h, 03Ah, 017h, 020h, 0B7h, 0CAh, 035h, 003h, 03Dh, 032h
	. . .
02C8	3D 32 

02CA	17 20 CD 6F              DB 017h, 020h, 0CDh, 06Fh, 003h, 03Ah, 016h, 020h, 05Fh, 0B7h
	. . .
02D2	5F B7 

02D4	3E FF FA DA              DB 03Eh, 0FFh, 0FAh, 0DAh, 002h, 0AFh, 057h, 04Dh, 044h, 019h
	. . .
02DC	44 19 

02DE	E5 3E 03 BE              DB 0E5h, 03Eh, 003h, 0BEh, 0CAh, 0F6h, 002h, 011h, 05Ah, 0DFh
	. . .
02E6	5A DF 

02E8	19 29 29 29              DB 019h, 029h, 029h, 029h, 07Ch, 0B7h, 0FAh, 0F6h, 002h, 0FEh
	. . .
02F0	02 FE 

02F2	30 DA 00 03              DB 030h, 0DAh, 000h, 003h, 03Ah, 016h, 020h, 02Fh, 03Ch, 032h
	. . .
02FA	3C 32 

02FC	16 20 E1 C5              DB 016h, 020h, 0E1h, 0C5h, 0E1h, 022h, 014h, 020h, 03Ah, 017h
	. . .
0304	3A 17 

0306	20 B7 C8 CD              DB 020h, 0B7h, 0C8h, 0CDh, 06Fh, 003h, 00Eh, 005h, 0EBh, 021h
	. . .
030E	EB 21 

0310	2B 20 CD 92              DB 02Bh, 020h, 0CDh, 092h, 002h, 0CCh, 01Dh, 003h, 00Dh, 0C2h
	. . .
0318	0D C2 

031A	12 03 C9 E5              DB 012h, 003h, 0C9h, 0E5h, 0C5h, 079h, 001h, 0F6h, 0FFh, 009h
	. . .
0322	FF 09 

0324	4F 7E B7 FA              DB 04Fh, 07Eh, 0B7h, 0FAh, 032h, 003h, 079h, 0CDh, 05Eh, 002h
	. . .
032C	5E 02 

032E	AF 32 17 20              DB 0AFh, 032h, 017h, 020h, 0C1h, 0E1h, 0C9h, 021h, 02Fh, 020h
	. . .
0336	2F 20 

0338	7E 5F E6 01              DB 07Eh, 05Fh, 0E6h, 001h, 0C8h, 023h, 023h, 07Eh, 023h, 0BEh
	. . .
0340	23 BE 

0342	C0 2B 2B 2B              DB 0C0h, 02Bh, 02Bh, 02Bh, 036h, 000h, 03Eh, 030h, 032h, 017h
	. . .
034A	32 17 

034C	20 7B E6 E0              DB 020h, 07Bh, 0E6h, 0E0h, 0F6h, 020h, 032h, 016h, 020h, 021h
	. . .
0354	20 21 

0356	40 20 CD 7C              DB 040h, 020h, 0CDh, 07Ch, 004h, 021h, 02Bh, 020h, 05Eh, 023h
	. . .
035E	5E 23 

0360	56 EB FA 69              DB 056h, 0EBh, 0FAh, 069h, 003h, 011h, 020h, 000h, 019h, 022h
	. . .
0368	19 22 

036A	14 20 C3 BE              DB 014h, 020h, 0C3h, 0BEh, 002h, 0E5h, 0CDh, 035h, 005h, 023h
	. . .
0372	05 23 

0374	23 23 7E 2F              DB 023h, 023h, 07Eh, 02Fh, 077h, 0E1h, 0C9h, 087h, 05Fh, 0E6h
	. . .
037C	5F E6 

037E	07 7B C0 B7              DB 007h, 07Bh, 0C0h, 0B7h, 03Eh, 002h, 0F8h, 02Fh, 03Ch, 0C9h
	. . .
0386	3C C9 

0388	B7 F2 8D 03              DB 0B7h, 0F2h, 08Dh, 003h, 037h, 01Fh, 0CAh, 097h, 003h, 05Fh
	. . .
0390	03 5F 

0392	E6 01 7B C8              DB 0E6h, 001h, 07Bh, 0C8h, 0B7h, 03Eh, 004h, 0F8h, 02Fh, 03Ch
	. . .
039A	2F 3C 

039C	C9 0E 64 CD              DB 0C9h, 00Eh, 064h, 0CDh, 0EDh, 005h, 0E6h, 01Fh, 0FEh, 002h
	. . .
03A4	FE 02 

03A6	DA 9F 03 FE              DB 0DAh, 09Fh, 003h, 0FEh, 01Eh, 0D2h, 09Fh, 003h, 047h, 02Ah
	. . .
03AE	47 2A 

03B0	20 20 7C E6              DB 020h, 020h, 07Ch, 0E6h, 01Fh, 06Fh, 0CDh, 0EDh, 005h, 0E6h
	. . .
03B8	05 E6 

03BA	0F 85 6F 26              DB 00Fh, 085h, 06Fh, 026h, 000h, 029h, 029h, 029h, 029h, 029h
	. . .
03C2	29 29 

03C4	7D B0 6F 11              DB 07Dh, 0B0h, 06Fh, 011h, 0A6h, 020h, 019h, 0AFh, 0BEh, 0C2h
	. . .
03CC	BE C2 

03CE	9F 03 23 BE              DB 09Fh, 003h, 023h, 0BEh, 0C2h, 09Fh, 003h, 023h, 0BEh, 0CAh
	. . .
03D6	BE CA 

03D8	9F 03 7E FE              DB 09Fh, 003h, 07Eh, 0FEh, 004h, 0D2h, 09Fh, 003h, 02Bh, 036h
	. . .
03E0	2B 36 

03E2	05 2B 36 04              DB 005h, 02Bh, 036h, 004h, 00Dh, 0C2h, 09Fh, 003h, 0C9h, 021h
	. . .
03EA	C9 21 

03EC	04 9B 11 97              DB 004h, 09Bh, 011h, 097h, 00Dh, 001h, 007h, 005h, 0CDh, 018h
	. . .
03F4	CD 18 

03F6	05 CD B0 05              DB 005h, 0CDh, 0B0h, 005h, 021h, 004h, 0ACh, 011h, 0BAh, 00Dh
	. . .
03FE	BA 0D 

0400	01 07 08 CD              DB 001h, 007h, 008h, 0CDh, 018h, 005h, 021h, 004h, 0B5h, 03Ah
	. . .
0408	B5 3A 

040A	2A 20 CD 99              DB 02Ah, 020h, 0CDh, 099h, 005h, 021h, 02Bh, 020h, 011h, 0D0h
	. . .
0412	11 D0 

0414	20 0E 08 C3              DB 020h, 00Eh, 008h, 0C3h, 01Dh, 004h, 011h, 0C9h, 020h, 073h
	. . .
041C	20 73 

041E	23 72 23 36              DB 023h, 072h, 023h, 036h, 000h, 023h, 036h, 020h, 023h, 036h
	. . .
0426	23 36 

0428	00 23 36 00              DB 000h, 023h, 036h, 000h, 023h, 036h, 004h, 023h, 036h, 001h
	. . .
0430	36 01 

0432	23 11 B7 0C              DB 023h, 011h, 0B7h, 00Ch, 079h, 0FEh, 008h, 0C2h, 03Fh, 004h
	. . .
043A	3F 04 

043C	11 77 0A 73              DB 011h, 077h, 00Ah, 073h, 023h, 072h, 023h, 073h, 023h, 072h
	. . .
0444	23 72 

0446	23 0D C2 1A              DB 023h, 00Dh, 0C2h, 01Ah, 004h, 021h, 000h, 020h, 00Eh, 005h
	. . .
044E	0E 05 

0450	11 00 00 73              DB 011h, 000h, 000h, 073h, 023h, 072h, 023h, 03Eh, 07Fh, 083h
	. . .
0458	7F 83 

045A	5F D2 5F 04              DB 05Fh, 0D2h, 05Fh, 004h, 014h, 00Dh, 0C2h, 053h, 004h, 0AFh
	. . .
0462	04 AF 

0464	47 4F 77 23              DB 047h, 04Fh, 077h, 023h, 077h, 032h, 017h, 020h, 021h, 0A6h
	. . .
046C	21 A6 

046E	26 11 00 06              DB 026h, 011h, 000h, 006h, 036h, 021h, 023h, 01Bh, 07Bh, 0B2h
	. . .
0476	7B B2 

0478	C2 72 04 C9              DB 0C2h, 072h, 004h, 0C9h, 0F5h, 03Eh, 00Bh, 032h, 0E3h, 0FFh
	. . .
0480	E3 FF 

0482	CD 93 04 3E              DB 0CDh, 093h, 004h, 03Eh, 00Ah, 032h, 0E3h, 0FFh, 0CDh, 093h
	. . .
048A	CD 93 

048C	04 25 C2 7D              DB 004h, 025h, 0C2h, 07Dh, 004h, 0F1h, 0C9h, 07Dh, 03Dh, 0C2h
	. . .
0494	3D C2 

0496	94 04 C9 3A              DB 094h, 004h, 0C9h, 03Ah, 02Ah, 020h, 0B7h, 0C2h, 04Bh, 000h
	. . .
049E	4B 00 

04A0	CD 63 05 FE              DB 0CDh, 063h, 005h, 0FEh, 0FEh, 0C2h, 0A0h, 004h, 0C3h, 000h
	. . .
04A8	C3 00 

04AA	00                       DB 000h
04AB	21 00 0D        lnflo:   LXI H,ljyvr
04AE	01 80 01                 LXI B,ljyzi
04B1	3A A5 20                 LDA ljpwi
04B4	09              ljvwq:   DAD B
04B5	3D                       DCR A
04B6	C2 B4 04                 JNZ ljvwq
04B9	EB                       XCHG
04BA	21 A6 20                 LXI H,lnuya
04BD	C5              ljjjs:   PUSH B
04BE	0E 04                    MVI C,004h
04C0	1A                       LDAX D
04C1	13                       INX D
04C2	07              lnrzg:   RLC
04C3	07                       RLC
04C4	47                       MOV B,A
04C5	E6 03                    ANI 003h
04C7	77                       MOV M,A
04C8	23                       INX H
04C9	0D                       DCR C
04CA	78                       MOV A,B
04CB	C2 C2 04                 JNZ lnrzg
04CE	C1                       POP B
04CF	0B                       DCX B
04D0	78                       MOV A,B
04D1	B1                       ORA C
04D2	C2 BD 04                 JNZ ljjjs
04D5	21 A5 20                 LXI H,ljpwi
04D8	7E                       MOV A,M
04D9	FE 01                    CPI 001h
04DB	34                       INR M
04DC	D8                       RC
04DD	36 01                    MVI M,001h
04DF	C9                       RET
04E0	21 A6 20        ljzaa:   LXI H,lnuya
04E3	11 00 06                 LXI D,ljzaf
04E6	CD 43 05        lnoxw:   CALL lnfwh
04E9	23                       INX H
04EA	1B                       DCX D
04EB	7B                       MOV A,E
04EC	B2                       ORA D
04ED	C2 E6 04                 JNZ lnoxw
04F0	C9                       RET
04F1	21 44 00        ljmum:   LXI H,ljvyr
04F4	E5                       PUSH H
04F5	01 00 40                 LXI B,lkxfl
04F8	21 1F 20                 LXI H,lnijh
04FB	CD 63 05        lnfjg:   CALL lnfvr
04FE	3A 1D 20                 LDA ljpkr
0501	36 01                    MVI M,001h
0503	FE 0B                    CPI 00Bh
0505	C8                       RZ
0506	36 10                    MVI M,010h
0508	FE 0D                    CPI 00Dh
050A	C8                       RZ
050B	36 20                    MVI M,020h
050D	FE 0E                    CPI 00Eh
050F	C8                       RZ
0510	0B                       DCX B
0511	79                       MOV A,C
0512	B0                       ORA B
0513	C2 FB 04                 JNZ lnfjg
0516	E1                       POP H
0517	C9                       RET
0518	F5              ljyoh:   PUSH PSW
0519	E5                       PUSH H
051A	C5                       PUSH B
051B	E5              lnfjv:   PUSH H
051C	C5                       PUSH B
051D	3A 23 20        ljjkl:   LDA lnlvt
0520	EB                       XCHG
0521	AE                       XRA M
0522	23                       INX H
0523	EB                       XCHG
0524	77                       MOV M,A
0525	2C                       INR L
0526	0D                       DCR C
0527	C2 1D 05                 JNZ ljjkl
052A	C1                       POP B
052B	E1                       POP H
052C	24                       INR H
052D	05                       DCR B
052E	C2 1B 05                 JNZ lnfjv
0531	C1                       POP B
0532	E1                       POP H
0533	F1                       POP PSW
0534	C9                       RET
0535	D5              ljjtr:   PUSH D
0536	11 5A DF                 LXI D,lhfed
0539	19                       DAD D
053A	29                       DAD H
053B	29                       DAD H
053C	29                       DAD H
053D	11 00 90                 LXI D,lcopl
0540	19                       DAD D
0541	D1                       POP D
0542	C9                       RET
0543	F5              lnfwh:   PUSH PSW
0544	D5                       PUSH D
0545	C5                       PUSH B
0546	E5                       PUSH H
0547	7E                       MOV A,M
0548	07                       RLC
0549	07                       RLC
054A	07                       RLC
054B	5F                       MOV E,A
054C	16 00                    MVI D,000h
054E	21 42 0E                 LXI H,lnrub
0551	19                       DAD D
0552	EB                       XCHG
0553	E1                       POP H
0554	E5                       PUSH H
0555	CD 35 05                 CALL ljjtr
0558	01 08 01                 LXI B,ljypn
055B	CD 18 05                 CALL ljyoh
055E	E1                       POP H
055F	C1                       POP B
0560	D1                       POP D
0561	F1                       POP PSW
0562	C9                       RET
0563	E5              lnfvr:   PUSH H
0564	21 1A 20                 LXI H,lnxnd
0567	34                       INR M
0568	2A 1B 20                 LHLD lnlkb
056B	3A E2 FF                 LDA lhlri
056E	E6 0F                    ANI 00Fh
0570	FE 0F                    CPI 00Fh
0572	C2 78 05                 JNZ ljynv
0575	3A E0 FF                 LDA ldsss
0578	BD              ljynv:   CMP L
0579	CA 7F 05                 JZ lncip
057C	6F                       MOV L,A
057D	26 00                    MVI H,000h
057F	24              lncip:   INR H
0580	3C                       INR A
0581	CA 94 05                 JZ ljvxi
0584	7C                       MOV A,H
0585	FE 04                    CPI 004h
0587	DA 94 05                 JC ljvxi
058A	3A 1A 20                 LDA lnxnd
058D	32 22 20                 STA lnxyv
0590	7D                       MOV A,L
0591	32 1D 20                 STA ljpkr
0594	22 1B 20        ljvxi:   SHLD lnlkb
0597	E1                       POP H
0598	C9                       RET
0599	C5 D5 EB 6F              DB 0C5h, 0D5h, 0EBh, 06Fh, 026h, 000h, 029h, 029h, 029h, 001h
	. . .
05A1	29 01 

05A3	F2 0D 09 EB              DB 0F2h, 00Dh, 009h, 0EBh, 001h, 008h, 001h, 0CDh, 018h, 005h
	. . .
05AB	18 05 

05AD	D1 C1 C9 E5              DB 0D1h, 0C1h, 0C9h, 0E5h, 0C3h, 0C2h, 005h, 036h, 000h, 0E5h
	. . .
05B5	00 E5 

05B7	23 36 00 21              DB 023h, 036h, 000h, 021h, 029h, 020h, 034h, 02Bh, 0CDh, 0E2h
	. . .
05BF	CD E2 

05C1	05 0E 05 21              DB 005h, 00Eh, 005h, 021h, 023h, 020h, 0AFh, 023h, 0BEh, 0C2h
	. . .
05C9	BE C2 

05CB	D2 05 0D C2              DB 0D2h, 005h, 00Dh, 0C2h, 0C8h, 005h, 00Ch, 0EBh, 021h, 004h
	. . .
05D3	21 04 

05D5	A1 1A 13 CD              DB 0A1h, 01Ah, 013h, 0CDh, 099h, 005h, 024h, 00Dh, 0C2h, 0D6h
	. . .
05DD	C2 D6 

05DF	05 E1 C9 34              DB 005h, 0E1h, 0C9h, 034h, 07Eh, 0FEh, 00Ah, 0D8h, 036h, 000h
	. . .
05E7	36 00 

05E9	2B C3 E2 05              DB 02Bh, 0C3h, 0E2h, 005h, 0E5h, 0C5h, 02Ah, 020h, 020h, 00Eh
	. . .
05F1	20 0E 

05F3	10 7C 29 E6              DB 010h, 07Ch, 029h, 0E6h, 060h, 0EAh, 0FCh, 005h, 023h, 00Dh
	. . .
05FB	23 0D 

05FD	C2 F4 05                 DB 0C2h, 0F4h, 005h
0600	22 20 20 3A     ljzaf:   DB 022h, 020h, 020h, 03Ah, 022h, 020h, 085h, 0C1h, 0E1h, 0C9h
	. . .
0608	E1 C9 

060A	5E 23 56 23              DB 05Eh, 023h, 056h, 023h, 07Eh, 0B7h, 0FAh, 006h, 007h, 0CDh
	. . .
0612	07 CD 

0614	57 07 23 7E              DB 057h, 007h, 023h, 07Eh, 0FEh, 020h, 0CAh, 02Fh, 006h, 023h
	. . .
061C	06 23 

061E	BE 2B CA 01              DB 0BEh, 02Bh, 0CAh, 001h, 007h, 0CDh, 02Ah, 008h, 0C2h, 0D7h
	. . .
0626	C2 D7 

0628	07 CD A7 08              DB 007h, 0CDh, 0A7h, 008h, 0C2h, 0EFh, 007h, 02Bh, 0AFh, 0BEh
	. . .
0630	AF BE 

0632	77 23 23 C2              DB 077h, 023h, 023h, 0C2h, 001h, 008h, 07Eh, 0CDh, 02Ah, 008h
	. . .
063A	2A 08 

063C	7E C2 C1 07              DB 07Eh, 0C2h, 0C1h, 007h, 0CDh, 0A7h, 008h, 0C2h, 0C6h, 007h
	. . .
0644	C6 07 

0646	4E AF 77 23              DB 04Eh, 0AFh, 077h, 023h, 071h, 023h, 04Bh, 042h, 0F5h, 0C5h
	. . .
064E	F5 C5 

0650	D5 E5 57 E6              DB 0D5h, 0E5h, 057h, 0E6h, 001h, 07Ah, 0CAh, 068h, 006h, 00Eh
	. . .
0658	06 0E 

065A	06 21 EB 08              DB 006h, 021h, 0EBh, 008h, 0B7h, 0F2h, 08Ah, 006h, 021h, 0F1h
	. . .
0662	21 F1 

0664	08 C3 8A 06              DB 008h, 0C3h, 08Ah, 006h, 0B7h, 0F2h, 075h, 006h, 02Fh, 03Ch
	. . .
066C	2F 3C 

066E	FE 02 CA 75              DB 0FEh, 002h, 0CAh, 075h, 006h, 03Eh, 006h, 087h, 016h, 000h
	. . .
0676	16 00 

0678	5F 3A A3 20              DB 05Fh, 03Ah, 0A3h, 020h, 0B7h, 0CAh, 084h, 006h, 07Bh, 0C6h
	. . .
0680	7B C6 

0682	10 5F 21 CB              DB 010h, 05Fh, 021h, 0CBh, 008h, 019h, 00Eh, 004h, 0D1h, 0D5h
	. . .
068A	D1 D5 

068C	7E 12 13 23              DB 07Eh, 012h, 013h, 023h, 00Dh, 0C2h, 08Ch, 006h, 0E1h, 0D1h
	. . .
0694	E1 D1 

0696	C1 F1 F5 D5              DB 0C1h, 0F1h, 0F5h, 0D5h, 0C5h, 07Eh, 023h, 0BEh, 0C2h, 0ABh
	. . .
069E	C2 AB 

06A0	06 36 01 23              DB 006h, 036h, 001h, 023h, 05Eh, 023h, 056h, 023h, 0C3h, 0B3h
	. . .
06A8	C3 B3 

06AA	06 34 23 23              DB 006h, 034h, 023h, 023h, 023h, 05Eh, 023h, 056h, 02Bh, 0E3h
	. . .
06B2	2B E3 

06B4	E5 CD 35 05              DB 0E5h, 0CDh, 035h, 005h, 001h, 010h, 002h, 0CDh, 018h, 005h
	. . .
06BC	18 05 

06BE	E1 E3 73 23              DB 0E1h, 0E3h, 073h, 023h, 072h, 001h, 0F5h, 0FFh, 009h, 0C1h
	. . .
06C6	09 C1 

06C8	71 23 70 23              DB 071h, 023h, 070h, 023h, 03Ah, 0A3h, 020h, 0B7h, 0C2h, 0DDh
	. . .
06D0	C2 DD 

06D2	06 23 23 7E              DB 006h, 023h, 023h, 07Eh, 0D1h, 0D5h, 021h, 000h, 006h, 019h
	. . .
06DA	06 19 

06DC	77 E1 F1 01              DB 077h, 0E1h, 0F1h, 001h, 01Fh, 000h, 0FEh, 002h, 0D8h, 0FEh
	. . .
06E4	D8 FE 

06E6	FF C8 B7 F2              DB 0FFh, 0C8h, 0B7h, 0F2h, 0F3h, 006h, 0FEh, 0FEh, 0CAh, 0F2h
	. . .
06EE	CA F2 

06F0	06 09 23 CD              DB 006h, 009h, 023h, 0CDh, 043h, 005h, 0E6h, 002h, 0CAh, 0FCh
	. . .
06F8	CA FC 

06FA	06 09 23 CD              DB 006h, 009h, 023h, 0CDh, 043h, 005h, 0C9h, 036h, 020h, 0C3h
	. . .
0702	20 C3 

0704	2F 06 34 CA              DB 02Fh, 006h, 034h, 0CAh, 02Eh, 007h, 023h, 023h, 023h, 023h
	. . .
070C	23 23 

070E	FE FA C2 28              DB 0FEh, 0FAh, 0C2h, 028h, 007h
	. . .
0712	07 

0713	3A A3 20 B7     lnftj:   DB 03Ah, 0A3h, 020h, 0B7h, 0CAh, 028h, 007h, 0E5h, 001h, 0F7h
	. . .
071B	01 F7 

071D	0C 36 05 23              DB 00Ch, 036h, 005h, 023h, 036h, 005h, 023h, 071h, 023h, 070h
	. . .
0725	23 70 

0727	E1 AF 4B 42              DB 0E1h, 0AFh, 04Bh, 042h, 0C3h, 098h, 006h, 0EBh, 0CDh, 043h
	. . .
072F	CD 43 

0731	05 23 CD 43              DB 005h, 023h, 0CDh, 043h, 005h, 001h, 020h, 000h, 009h, 0CDh
	. . .
0739	09 CD 

073B	43 05 2B CD              DB 043h, 005h, 02Bh, 0CDh, 043h, 005h, 0EBh, 023h, 036h, 000h
	. . .
0743	36 00 

0745	2B 2B 01 C9              DB 02Bh, 02Bh, 001h, 0C9h, 020h, 070h, 02Bh, 071h, 03Ah, 0A3h
	. . .
074D	3A A3 

074F	20 B7 CA 99              DB 020h, 0B7h, 0CAh, 099h, 004h, 0C3h, 00Ah, 006h, 03Eh, 002h
	. . .
0757	3E 02 

0759	CD 2A 08 C8              DB 0CDh, 02Ah, 008h, 0C8h, 0E5h, 0D5h, 0EBh, 011h, 0A4h, 008h
	. . .
0761	A4 08 

0763	D5 23 CD B2              DB 0D5h, 023h, 0CDh, 0B2h, 008h, 0C8h, 023h, 0CDh, 0B2h, 008h
	. . .
076B	B2 08 

076D	C8 11 1F 00              DB 0C8h, 011h, 01Fh, 000h, 019h, 0CDh, 0B2h, 008h, 0C8h, 023h
	. . .
0775	C8 23 

0777	CD B2 08 C8              DB 0CDh, 0B2h, 008h, 0C8h, 0D1h, 0D1h, 0E1h, 0E3h, 0E1h, 07Eh
	. . .
077F	E1 7E 

0781	FE 01 CA BD              DB 0FEh, 001h, 0CAh, 0BDh, 007h, 036h, 000h, 023h, 023h, 07Eh
	. . .
0789	23 7E 

078B	FE FE C2 AC              DB 0FEh, 0FEh, 0C2h, 0ACh, 007h, 023h, 07Eh, 0CDh, 02Ah, 008h
	. . .
0793	2A 08 

0795	7E CA 9F 07              DB 07Eh, 0CAh, 09Fh, 007h, 0E6h, 002h, 07Eh, 0CAh, 0A2h, 007h
	. . .
079D	A2 07 

079F	AF 4B 42 2B              DB 0AFh, 04Bh, 042h, 02Bh, 077h, 07Eh, 023h, 036h, 000h, 023h
	. . .
07A7	00 23 

07A9	C3 4E 06 2B              DB 0C3h, 04Eh, 006h, 02Bh, 02Bh, 036h, 001h, 023h, 023h, 07Eh
	. . .
07B1	23 7E 

07B3	36 02 23 77              DB 036h, 002h, 023h, 077h, 023h, 03Eh, 002h, 0C3h, 04Eh, 006h
	. . .
07BB	4E 06 

07BD	3E 02 23 23              DB 03Eh, 002h, 023h, 023h, 023h, 023h, 0C3h, 098h, 006h, 02Bh
	. . .
07C5	06 2B 

07C7	2B 36 02 23              DB 02Bh, 036h, 002h, 023h, 023h, 07Eh, 036h, 0FEh, 023h, 077h
	. . .
07CF	23 77 

07D1	23 3E FE C3              DB 023h, 03Eh, 0FEh, 0C3h, 04Eh, 006h, 02Bh, 036h, 000h, 023h
	. . .
07D9	00 23 

07DB	7E F5 C5 06              DB 07Eh, 0F5h, 0C5h, 006h, 003h, 03Eh, 020h, 04Eh, 077h, 079h
	. . .
07E3	77 79 

07E5	23 05 C2 E2              DB 023h, 005h, 0C2h, 0E2h, 007h, 0C1h, 0F1h, 0C3h, 04Eh, 006h
	. . .
07ED	4E 06 

07EF	2B 36 02 23              DB 02Bh, 036h, 002h, 023h, 07Eh, 036h, 020h, 023h, 036h, 0FEh
	. . .
07F7	36 FE 

07F9	23 77 23 3E              DB 023h, 077h, 023h, 03Eh, 0FEh, 0C3h, 04Eh, 006h, 023h, 07Eh
	. . .
0801	23 7E 

0803	CD 2A 08 CA              DB 0CDh, 02Ah, 008h, 0CAh, 015h, 008h, 0C5h, 07Eh, 02Bh, 046h
	. . .
080B	2B 46 

080D	77 23 70 23              DB 077h, 023h, 070h, 023h, 0C1h, 0C3h, 04Eh, 006h, 0CDh, 0A7h
	. . .
0815	CD A7 

0817	08 2B CA 46              DB 008h, 02Bh, 0CAh, 046h, 006h, 02Bh, 02Bh, 036h, 002h, 023h
	. . .
081F	02 23 

0821	23 3E FE 77              DB 023h, 03Eh, 0FEh, 077h, 023h, 023h, 0C3h, 04Eh, 006h, 0EBh
	. . .
0829	06 EB 

082B	D5 4D 44 E5              DB 0D5h, 04Dh, 044h, 0E5h, 0E5h, 021h, 0A4h, 020h, 036h, 000h
	. . .
0833	36 00 

0835	21 A4 08 E3              DB 021h, 0A4h, 008h, 0E3h, 0FEh, 002h, 0CAh, 05Ch, 008h, 0D8h
	. . .
083D	08 D8 

083F	FE FC CA 74              DB 0FEh, 0FCh, 0CAh, 074h, 008h, 0DAh, 08Dh, 008h, 0FEh, 0FEh
	. . .
0847	FE FE 

0849	C0 E5 11 5A              DB 0C0h, 0E5h, 011h, 05Ah, 0DFh, 019h, 07Dh, 0E6h, 01Fh, 0FEh
	. . .
0851	1F FE 

0853	02 E1 C8 2B              DB 002h, 0E1h, 0C8h, 02Bh, 04Dh, 044h, 0C3h, 06Ah, 008h, 0E5h
	. . .
085B	08 E5 

085D	11 5C DF 19              DB 011h, 05Ch, 0DFh, 019h, 07Dh, 0E6h, 01Fh, 0E1h, 0C8h, 023h
	. . .
0865	C8 23 

0867	4D 44 23 3E              DB 04Dh, 044h, 023h, 03Eh, 003h, 0BEh, 0C8h, 011h, 020h, 000h
	. . .
086F	20 00 

0871	19 BE C9 11              DB 019h, 0BEh, 0C9h, 011h, 03Ah, 0DFh, 019h, 07Dh, 0F6h, 01Fh
	. . .
0879	F6 1F 

087B	BC C8 11 A6              DB 0BCh, 0C8h, 011h, 0A6h, 020h, 019h, 04Dh, 044h, 03Eh, 003h
	. . .
0883	3E 03 

0885	BE C8 32 A4              DB 0BEh, 0C8h, 032h, 0A4h, 020h, 023h, 0BEh, 0C9h, 0E5h, 011h
	. . .
088D	E5 11 

088F	7A DF 19 29              DB 07Ah, 0DFh, 019h, 029h, 029h, 029h, 03Eh, 030h, 0BCh, 0E1h
	. . .
0897	BC E1 

0899	C8 11 20 00              DB 0C8h, 011h, 020h, 000h, 019h, 04Dh, 044h, 019h, 0C3h, 083h
	. . .
08A1	C3 83 

08A3	08 D1 E1 C9              DB 008h, 0D1h, 0E1h, 0C9h, 03Ah, 0A4h, 020h, 0B7h, 0C8h, 03Eh
	. . .
08AB	C8 3E 

08AD	FE CD 2A 08              DB 0FEh, 0CDh, 02Ah, 008h, 0C9h, 07Eh, 0FEh, 001h, 0C8h, 0FEh
	. . .
08B5	C8 FE 

08B7	02 C9 7F FC              DB 002h, 0C9h, 07Fh, 0FCh, 0BFh, 002h, 0DFh, 004h, 0EFh, 0FFh
	. . .
08BF	EF FF 

08C1	F7 FE FB 01              DB 0F7h, 0FEh, 0FBh, 001h, 0FDh, 000h, 0FEh, 000h, 0DCh, 000h
	. . .
08C9	DC 00 

08CB	04 04 77 0A              DB 004h, 004h, 077h, 00Ah, 002h, 002h, 037h, 00Ah, 005h, 005h
	. . .
08D3	05 05 

08D5	F7 08 05 05              DB 0F7h, 008h, 005h, 005h, 097h, 009h, 002h, 002h, 0B7h, 00Ch
	. . .
08DD	B7 0C 

08DF	02 02 B7 0C              DB 002h, 002h, 0B7h, 00Ch, 005h, 005h, 017h, 00Ch, 005h, 005h
	. . .
08E7	05 05 

08E9	77 0B 04 02              DB 077h, 00Bh, 004h, 002h, 077h, 00Ah, 0F7h, 00Ah, 004h, 002h
	. . .
08F1	04 02 

08F3	77 0A 37 0B              DB 077h, 00Ah, 037h, 00Bh, 000h, 001h, 001h, 000h, 00Fh, 01Fh
	. . .
08FB	0F 1F 

08FD	37 1F 07 07              DB 037h, 01Fh, 007h, 007h, 007h, 006h, 006h, 00Ch, 018h, 018h
	. . .
0905	18 18 

0907	E0 F0 E0 C0              DB 0E0h, 0F0h, 0E0h, 0C0h, 0E0h, 0ECh, 0F8h, 0E0h, 0C0h, 0F0h
	. . .
090F	C0 F0 

0911	1C 0C 18 30              DB 01Ch, 00Ch, 018h, 030h, 000h, 000h, 000h, 001h, 001h, 000h
	. . .
0919	01 00 

091B	07 0F 0F 07              DB 007h, 00Fh, 00Fh, 007h, 007h, 007h, 007h, 006h, 07Ch, 040h
	. . .
0923	7C 40 

0925	00 00 E0 F0              DB 000h, 000h, 0E0h, 0F0h, 0E0h, 0C0h, 0E0h, 0E0h, 0F8h, 0E0h
	. . .
092D	F8 E0 

092F	C0 F8 0C 06              DB 0C0h, 0F8h, 00Ch, 006h, 007h, 000h, 000h, 000h, 000h, 001h
	. . .
0937	00 01 

0939	01 00 1F 37              DB 001h, 000h, 01Fh, 037h, 027h, 037h, 007h, 0E7h, 036h, 01Ch
	. . .
0941	36 1C 

0943	00 00 00 00              DB 000h, 000h, 000h, 000h, 060h, 0F0h, 0E0h, 0C0h, 0E0h, 0E6h
	. . .
094B	E0 E6 

094D	FC E0 C0 E0              DB 0FCh, 0E0h, 0C0h, 0E0h, 030h, 018h, 030h, 060h, 030h, 000h
	. . .
0955	30 00 

0957	00 01 01 00              DB 000h, 001h, 001h, 000h, 03Fh, 0EFh, 0C7h, 0C7h, 007h, 003h
	. . .
095F	07 03 

0961	19 0E 03 00              DB 019h, 00Eh, 003h, 000h, 001h, 003h, 0E0h, 0F0h, 0E0h, 0C3h
	. . .
0969	E0 C3 

096B	E3 F6 FC E0              DB 0E3h, 0F6h, 0FCh, 0E0h, 0C0h, 0E0h, 0F0h, 0F0h, 0E0h, 0C0h
	. . .
0973	E0 C0 

0975	80 00 00 01              DB 080h, 000h, 000h, 001h, 001h, 000h, 01Fh, 06Fh, 067h, 037h
	. . .
097D	67 37 

097F	07 03 00 03              DB 007h, 003h, 000h, 003h, 000h, 001h, 003h, 006h, 0E0h, 0F0h
	. . .
0987	E0 F0 

0989	E0 C0 E0 F6              DB 0E0h, 0C0h, 0E0h, 0F6h, 0F6h, 0F3h, 0C0h, 0E0h, 0F8h, 0CCh
	. . .
0991	F8 CC 

0993	F8 80 00 00              DB 0F8h, 080h, 000h, 000h, 007h, 00Fh, 007h, 003h, 007h, 037h
	. . .
099B	07 37 

099D	1F 07 03 0F              DB 01Fh, 007h, 003h, 00Fh, 038h, 030h, 018h, 00Ch, 000h, 000h
	. . .
09A5	00 00 

09A7	00 80 80 00              DB 000h, 080h, 080h, 000h, 0F0h, 0F8h, 0ECh, 0F8h, 0E0h, 0E0h
	. . .
09AF	E0 E0 

09B1	E0 60 60 30              DB 0E0h, 060h, 060h, 030h, 018h, 018h, 007h, 00Fh, 007h, 003h
	. . .
09B9	07 03 

09BB	07 07 1F 07              DB 007h, 007h, 01Fh, 007h, 003h, 01Fh, 030h, 060h, 0E0h, 000h
	. . .
09C3	E0 00 

09C5	00 00 00 80              DB 000h, 000h, 000h, 080h, 080h, 000h, 0E0h, 0F0h, 0F0h, 0E0h
	. . .
09CD	F0 E0 

09CF	E0 E0 E0 60              DB 0E0h, 0E0h, 0E0h, 060h, 03Eh, 002h, 000h, 000h, 007h, 00Fh
	. . .
09D7	07 0F 

09D9	07 03 07 67              DB 007h, 003h, 007h, 067h, 03Fh, 007h, 003h, 007h, 00Ch, 018h
	. . .
09E1	0C 18 

09E3	0C 06 0C 00              DB 00Ch, 006h, 00Ch, 000h, 000h, 080h, 080h, 000h, 0F8h, 0ECh
	. . .
09EB	F8 EC 

09ED	E4 EC E0 E7              DB 0E4h, 0ECh, 0E0h, 0E7h, 06Ch, 038h, 000h, 000h, 000h, 000h
	. . .
09F5	00 00 

09F7	07 0F 07 C3              DB 007h, 00Fh, 007h, 0C3h, 0C7h, 06Fh, 03Fh, 007h, 003h, 007h
	. . .
09FF	03 07 

0A01	0F 0F 07 03              DB 00Fh, 00Fh, 007h, 003h, 001h, 000h, 000h, 080h, 080h, 000h
	. . .
0A09	80 00 

0A0B	FC F7 E3 E3              DB 0FCh, 0F7h, 0E3h, 0E3h, 0E0h, 0C0h, 098h, 070h, 0C0h, 000h
	. . .
0A13	C0 00 

0A15	80 C0 07 0F              DB 080h, 0C0h, 007h, 00Fh, 007h, 003h, 007h, 06Fh, 06Fh, 03Fh
	. . .
0A1D	6F 3F 

0A1F	03 07 1F 33              DB 003h, 007h, 01Fh, 033h, 01Fh, 001h, 000h, 000h, 000h, 080h
	. . .
0A27	00 80 

0A29	80 00 F8 F6              DB 080h, 000h, 0F8h, 0F6h, 0E6h, 0ECh, 0E0h, 0C0h, 000h, 0C0h
	. . .
0A31	00 C0 

0A33	00 80 C0 60              DB 000h, 080h, 0C0h, 060h, 001h, 003h, 003h, 001h, 03Fh, 0ECh
	. . .
0A3B	3F EC 

0A3D	C7 47 63 07              DB 0C7h, 047h, 063h, 007h, 006h, 00Eh, 000h, 000h, 000h, 000h
	. . .
0A45	00 00 

0A47	86 C2 C2 86              DB 086h, 0C2h, 0C2h, 086h, 0FCh, 030h, 0E0h, 0E0h, 0C0h, 0E0h
	. . .
0A4F	C0 E0 

0A51	70 30 30 30              DB 070h, 030h, 030h, 030h, 030h, 038h, 061h, 043h, 043h, 061h
	. . .
0A59	43 61 

0A5B	3F 0C 07 07              DB 03Fh, 00Ch, 007h, 007h, 003h, 007h, 00Eh, 00Ch, 00Ch, 00Ch
	. . .
0A63	0C 0C 

0A65	0C 1C 80 C0              DB 00Ch, 01Ch, 080h, 0C0h, 0C0h, 080h, 0FCh, 037h, 0E3h, 0E2h
	. . .
0A6D	E3 E2 

0A6F	C6 E0 60 70              DB 0C6h, 0E0h, 060h, 070h, 000h, 000h, 000h, 000h, 000h, 001h
	. . .
0A77	00 01 

0A79	01 00 1F 7C              DB 001h, 000h, 01Fh, 07Ch, 067h, 047h, 0C3h, 007h, 00Eh, 00Ch
	. . .
0A81	0E 0C 

0A83	0C 0C 0C 1C              DB 00Ch, 00Ch, 00Ch, 01Ch, 0E0h, 0F0h, 0E0h, 0C0h, 0F8h, 03Ch
	. . .
0A8B	F8 3C 

0A8D	EC E8 D8 E0              DB 0ECh, 0E8h, 0D8h, 0E0h, 070h, 030h, 030h, 030h, 030h, 038h
	. . .
0A95	30 38 

0A97	01 03 03 01              DB 001h, 003h, 003h, 001h, 03Fh, 06Ch, 06Fh, 047h, 063h, 007h
	. . .
0A9F	63 07 

0AA1	0E 0C 0C 0C              DB 00Eh, 00Ch, 00Ch, 00Ch, 00Ch, 01Ch, 080h, 0C0h, 0C0h, 080h
	. . .
0AA9	C0 80 

0AAB	FC 36 F6 E2              DB 0FCh, 036h, 0F6h, 0E2h, 0C6h, 0E0h, 070h, 030h, 030h, 030h
	. . .
0AB3	30 30 

0AB5	30 38 07 0F              DB 030h, 038h, 007h, 00Fh, 007h, 003h, 01Fh, 03Ch, 037h, 017h
	. . .
0ABD	37 17 

0ABF	1B 0E 0E 0C              DB 01Bh, 00Eh, 00Eh, 00Ch, 00Ch, 00Ch, 00Ch, 01Ch, 000h, 080h
	. . .
0AC7	00 80 

0AC9	80 00 F8 3E              DB 080h, 000h, 0F8h, 03Eh, 0E6h, 0E2h, 0C3h, 0E0h, 070h, 030h
	. . .
0AD1	70 30 

0AD3	30 30 30 38              DB 030h, 030h, 030h, 038h, 001h, 003h, 003h, 001h, 03Fh, 06Ch
	. . .
0ADB	3F 6C 

0ADD	6F 47 63 07              DB 06Fh, 047h, 063h, 007h, 00Eh, 00Ch, 00Ch, 00Ch, 00Ch, 01Ch
	. . .
0AE5	0C 1C 

0AE7	80 C0 C0 80              DB 080h, 0C0h, 0C0h, 080h, 0FCh, 036h, 0F6h, 0E2h, 0C6h, 0E0h
	. . .
0AEF	C6 E0 

0AF1	70 30 30 30              DB 070h, 030h, 030h, 030h, 030h, 038h, 038h, 07Ch, 078h, 030h
	. . .
0AF9	78 30 

0AFB	7F C3 FF FF              DB 07Fh, 0C3h, 0FFh, 0FFh, 07Ch, 07Ch, 066h, 066h, 063h, 061h
	. . .
0B03	63 61 

0B05	61 61 00 00              DB 061h, 061h, 000h, 000h, 000h, 000h, 000h, 080h, 080h, 0C0h
	. . .
0B0D	80 C0 

0B0F	D0 F0 30 10              DB 0D0h, 0F0h, 030h, 010h, 000h, 080h, 080h, 0C0h, 038h, 07Ch
	. . .
0B17	38 7C 

0B19	78 30 7F C3              DB 078h, 030h, 07Fh, 0C3h, 0FEh, 0FEh, 07Ch, 07Ch, 06Eh, 066h
	. . .
0B21	6E 66 

0B23	63 61 61 61              DB 063h, 061h, 061h, 061h, 000h, 000h, 000h, 00Fh, 0FCh, 0C0h
	. . .
0B2B	FC C0 

0B2D	00 00 00 00              DB 000h, 000h, 000h, 000h, 000h, 000h, 000h, 080h, 080h, 0C0h
	. . .
0B35	80 C0 

0B37	00 00 00 00              DB 000h, 000h, 000h, 000h, 000h, 001h, 001h, 003h, 00Bh, 00Fh
	. . .
0B3F	0B 0F 

0B41	0C 08 00 01              DB 00Ch, 008h, 000h, 001h, 001h, 003h, 01Ch, 03Eh, 01Eh, 00Ch
	. . .
0B49	1E 0C 

0B4B	FE C3 FF FF              DB 0FEh, 0C3h, 0FFh, 0FFh, 03Eh, 03Eh, 066h, 066h, 0C6h, 086h
	. . .
0B53	C6 86 

0B55	86 86 00 00              DB 086h, 086h, 000h, 000h, 000h, 0F0h, 03Fh, 003h, 000h, 000h
	. . .
0B5D	00 00 

0B5F	00 00 00 00              DB 000h, 000h, 000h, 000h, 000h, 001h, 001h, 003h, 01Ch, 03Eh
	. . .
0B67	1C 3E 

0B69	1E 0C FE C3              DB 01Eh, 00Ch, 0FEh, 0C3h, 07Fh, 07Fh, 03Eh, 03Eh, 066h, 066h
	. . .
0B71	66 66 

0B73	C6 86 86 86              DB 0C6h, 086h, 086h, 086h, 007h, 007h, 003h, 0C1h, 0C7h, 06Fh
	. . .
0B7B	C7 6F 

0B7D	3E 0D 01 07              DB 03Eh, 00Dh, 001h, 007h, 00Fh, 00Fh, 007h, 003h, 001h, 000h
	. . .
0B85	01 00 

0B87	C0 E0 B8 84              DB 0C0h, 0E0h, 0B8h, 084h, 0F8h, 0F6h, 0E3h, 083h, 0C0h, 0E0h
	. . .
0B8F	C0 E0 

0B91	98 74 C0 00              DB 098h, 074h, 0C0h, 000h, 080h, 0C0h, 003h, 007h, 003h, 001h
	. . .
0B99	03 01 

0B9B	07 6F 5B 37              DB 007h, 06Fh, 05Bh, 037h, 003h, 007h, 01Fh, 033h, 01Fh, 001h
	. . .
0BA3	1F 01 

0BA5	00 00 80 D8              DB 000h, 000h, 080h, 0D8h, 0F0h, 0A0h, 0C0h, 0F4h, 066h, 0CCh
	. . .
0BAD	66 CC 

0BAF	E0 E0 00 C0              DB 0E0h, 0E0h, 000h, 0C0h, 020h, 080h, 0C0h, 060h, 003h, 007h
	. . .
0BB7	03 07 

0BB9	07 03 07 37              DB 007h, 003h, 007h, 037h, 01Dh, 007h, 003h, 00Fh, 03Ah, 030h
	. . .
0BC1	3A 30 

0BC3	18 0C 18 00              DB 018h, 00Ch, 018h, 000h, 098h, 0E4h, 0C0h, 000h, 0F0h, 0F8h
	. . .
0BCB	F0 F8 

0BCD	AC D8 F0 C0              DB 0ACh, 0D8h, 0F0h, 0C0h, 0E0h, 0E0h, 070h, 010h, 018h, 030h
	. . .
0BD5	18 30 

0BD7	07 0F 0F 03              DB 007h, 00Fh, 00Fh, 003h, 007h, 00Fh, 03Fh, 006h, 001h, 01Fh
	. . .
0BDF	01 1F 

0BE1	30 60 E0 00              DB 030h, 060h, 0E0h, 000h, 000h, 000h, 000h, 0C0h, 0E0h, 010h
	. . .
0BE9	E0 10 

0BEB	C8 F4 F0 E0              DB 0C8h, 0F4h, 0F0h, 0E0h, 0D0h, 0F0h, 0E0h, 060h, 03Eh, 002h
	. . .
0BF3	3E 02 

0BF5	00 00 03 07              DB 000h, 000h, 003h, 007h, 007h, 003h, 007h, 06Fh, 03Fh, 006h
	. . .
0BFD	3F 06 

0BFF	01 07 0D 18              DB 001h, 007h, 00Dh, 018h, 00Ch, 006h, 00Ch, 000h, 088h, 0F4h
	. . .
0C07	88 F4 

0C09	E0 00 B8 EC              DB 0E0h, 000h, 0B8h, 0ECh, 0E4h, 0CCh, 0C8h, 0E7h, 06Ch, 038h
	. . .
0C11	6C 38 

0C13	00 00 00 00              DB 000h, 000h, 000h, 000h, 001h, 013h, 00Fh, 001h, 03Fh, 06Fh
	. . .
0C1B	3F 6F 

0C1D	C7 C2 07 03              DB 0C7h, 0C2h, 007h, 003h, 019h, 02Eh, 003h, 000h, 001h, 003h
	. . .
0C25	01 03 

0C27	C0 E0 E0 C3              DB 0C0h, 0E0h, 0E0h, 0C3h, 0E3h, 0F6h, 0FCh, 0A0h, 0C0h, 0C0h
	. . .
0C2F	C0 C0 

0C31	E0 70 F0 C0              DB 0E0h, 070h, 0F0h, 0C0h, 080h, 000h, 001h, 007h, 00Fh, 011h
	. . .
0C39	0F 11 

0C3B	1F 6F 66 33              DB 01Fh, 06Fh, 066h, 033h, 007h, 007h, 001h, 003h, 004h, 001h
	. . .
0C43	04 01 

0C45	03 06 C0 E0              DB 003h, 006h, 0C0h, 0E0h, 0E0h, 0C3h, 0E3h, 0F6h, 0FCh, 0A0h
	. . .
0C4D	FC A0 

0C4F	C0 60 F0 F0              DB 0C0h, 060h, 0F0h, 0F0h, 0E0h, 0C0h, 080h, 000h, 001h, 007h
	. . .
0C57	01 07 

0C59	0F 11 1F 6F              DB 00Fh, 011h, 01Fh, 06Fh, 067h, 032h, 007h, 007h, 001h, 003h
	. . .
0C61	01 03 

0C63	04 01 03 06              DB 004h, 001h, 003h, 006h, 0C0h, 0E0h, 0C0h, 080h, 0E0h, 0F2h
	. . .
0C6B	E0 F2 

0C6D	D6 FC C0 E0              DB 0D6h, 0FCh, 0C0h, 0E0h, 0F8h, 0CCh, 0F8h, 080h, 000h, 000h
	. . .
0C75	00 00 

0C77	19 07 03 00              DB 019h, 007h, 003h, 000h, 00Fh, 01Fh, 037h, 01Dh, 007h, 007h
	. . .
0C7F	07 07 

0C81	06 07 0E 0C              DB 006h, 007h, 00Eh, 00Ch, 010h, 010h, 0C0h, 0E0h, 0E0h, 0C0h
	. . .
0C89	E0 C0 

0C8B	E0 EC F8 A0              DB 0E0h, 0ECh, 0F8h, 0A0h, 0C0h, 0F0h, 0B8h, 00Ch, 018h, 010h
	. . .
0C93	18 10 

0C95	08 00 01 03              DB 008h, 000h, 001h, 003h, 007h, 009h, 037h, 00Fh, 01Dh, 00Bh
	. . .
0C9D	1D 0B 

0C9F	0D 0F 07 06              DB 00Dh, 00Fh, 007h, 006h, 07Ch, 040h, 000h, 000h, 0C0h, 0E0h
	. . .
0CA7	C0 E0 

0CA9	C0 80 E0 F2              DB 0C0h, 080h, 0E0h, 0F2h, 0DCh, 060h, 0C0h, 0F8h, 00Ch, 006h
	. . .
0CB1	0C 06 

0CB3	07 00 00 00              DB 007h, 000h, 000h, 000h, 031h, 023h, 023h, 031h, 018h, 00Fh
	. . .
0CBB	18 0F 

0CBD	0D 07 03 03              DB 00Dh, 007h, 003h, 003h, 003h, 007h, 006h, 006h, 004h, 00Ch
	. . .
0CC5	04 0C 

0CC7	C0 F2 F4 F8              DB 0C0h, 0F2h, 0F4h, 0F8h, 0C0h, 0F8h, 0DCh, 0F2h, 0E6h, 0F4h
	. . .
0CCF	E6 F4 

0CD1	B0 30 18 00              DB 0B0h, 030h, 018h, 000h, 000h, 000h, 003h, 007h, 007h, 00Dh
	. . .
0CD9	07 0D 

0CDB	0D 7F D5 47              DB 00Dh, 07Fh, 0D5h, 047h, 063h, 007h, 007h, 006h, 00Ch, 000h
	. . .
0CE3	0C 00 

0CE5	00 00 C6 E2              DB 000h, 000h, 0C6h, 0E2h, 0C2h, 086h, 08Ch, 0F8h, 0B0h, 0E0h
	. . .
0CED	B0 E0 

0CEF	E0 E0 70 70              DB 0E0h, 0E0h, 070h, 070h, 030h, 030h, 010h, 018h, 003h, 003h
	. . .
0CF7	03 03 

0CF9	03 05 3F 6D              DB 003h, 005h, 03Fh, 06Dh, 047h, 04Bh, 06Ah
	. . .
0CFD	47 4B 6A 

0D00	06 0E 0C 0C     ljyvr:   DB 006h, 00Eh, 00Ch, 00Ch, 008h, 008h, 018h, 080h, 0C0h, 0E0h
	. . .
0D08	C0 E0 

0D0A	90 FC B6 E3              DB 090h, 0FCh, 0B6h, 0E3h, 062h, 0D6h, 0E0h, 030h, 030h, 030h
	. . .
0D12	30 30 

0D14	10 10 08 01              DB 010h, 010h, 008h, 001h, 003h, 023h, 019h, 004h, 064h, 010h
	. . .
0D1C	64 10 

0D1E	4A 22 08 16              DB 04Ah, 022h, 008h, 016h, 00Ch, 00Ch, 00Ch, 008h, 018h, 080h
	. . .
0D26	18 80 

0D28	C0 E0 8C 60              DB 0C0h, 0E0h, 08Ch, 060h, 022h, 0D2h, 054h, 080h, 098h, 060h
	. . .
0D30	98 60 

0D32	B0 30 10 10              DB 0B0h, 030h, 010h, 010h, 008h, 012h, 00Bh, 04Eh, 028h, 028h
	. . .
0D3A	28 28 

0D3C	04 10 70 00              DB 004h, 010h, 070h, 000h, 058h, 0C2h, 004h, 018h, 005h, 009h
	. . .
0D44	05 09 

0D46	1C 20 88 D2              DB 01Ch, 020h, 088h, 0D2h, 040h, 084h, 058h, 010h, 006h, 012h
	. . .
0D4E	06 12 

0D50	0C 42 60 14              DB 00Ch, 042h, 060h, 014h, 090h, 020h, 038h, 005h, 042h, 010h
	. . .
0D58	42 10 

0D5A	08 80 00 40              DB 008h, 080h, 000h, 040h, 080h, 000h, 040h, 000h, 090h, 000h
	. . .
0D62	90 00 

0D64	24 00 09 40              DB 024h, 000h, 009h, 040h, 024h, 088h, 001h, 004h, 000h, 002h
	. . .
0D6C	00 02 

0D6E	00 01 00 04              DB 000h, 001h, 000h, 004h, 002h, 020h, 010h, 040h, 020h, 002h
	. . .
0D76	20 02 

0D78	01 10 40 00              DB 001h, 010h, 040h, 000h, 006h, 04Fh, 00Fh, 007h, 083h, 003h
	. . .
0D80	83 03 

0D82	14 18 1C 40              DB 014h, 018h, 01Ch, 040h, 001h, 000h, 022h, 009h, 003h, 003h
	. . .
0D8A	03 03 

0D8C	34 79 F8 B0              DB 034h, 079h, 0F8h, 0B0h, 060h, 0C0h, 081h, 000h, 002h, 020h
	. . .
0D94	02 20 

0D96	00 3E 63 63              DB 000h, 03Eh, 063h, 063h, 060h, 063h, 063h, 03Eh, 063h, 063h
	. . .
0D9E	63 63 

0DA0	63 7F 03 03              DB 063h, 07Fh, 003h, 003h, 003h, 07Fh, 060h, 060h, 07Eh, 060h
	. . .
0DA8	7E 60 

0DAA	60 7F 7F 7F              DB 060h, 07Fh, 07Fh, 07Fh, 01Ch, 01Ch, 01Ch, 01Ch, 01Ch, 000h
	. . .
0DB2	1C 00 

0DB4	1C 1C 00 1C              DB 01Ch, 01Ch, 000h, 01Ch, 01Ch, 000h, 07Fh, 07Fh, 063h, 063h
	. . .
0DBC	63 63 

0DBE	63 63 63 3E              DB 063h, 063h, 063h, 03Eh, 063h, 063h, 063h, 063h, 063h, 03Eh
	. . .
0DC6	63 3E 

0DC8	7F 7F 63 63              DB 07Fh, 07Fh, 063h, 063h, 063h, 063h, 063h, 063h, 063h, 07Bh
	. . .
0DD0	63 7B 

0DD2	6D 6D 6D 7B              DB 06Dh, 06Dh, 06Dh, 07Bh, 07Fh, 07Fh, 01Ch, 01Ch, 01Ch, 01Ch
	. . .
0DDA	1C 1C 

0DDC	1C 3E 63 63              DB 01Ch, 03Eh, 063h, 063h, 063h, 063h, 063h, 03Eh, 063h, 066h
	. . .
0DE4	63 66 

0DE6	6C 78 6C 66              DB 06Ch, 078h, 06Ch, 066h, 063h, 000h, 01Ch, 01Ch, 000h, 01Ch
	. . .
0DEE	00 1C 

0DF0	1C 00 1C 36              DB 01Ch, 000h, 01Ch, 036h, 077h, 077h, 077h, 036h, 01Ch, 000h
	. . .
0DF8	1C 00 

0DFA	1E 3E 6E 0E              DB 01Eh, 03Eh, 06Eh, 00Eh, 00Eh, 00Eh, 03Fh, 000h, 01Eh, 067h
	. . .
0E02	1E 67 

0E04	67 0E 38 60              DB 067h, 00Eh, 038h, 060h, 07Fh, 000h, 01Eh, 067h, 067h, 00Eh
	. . .
0E0C	67 0E 

0E0E	67 67 1E 00              DB 067h, 067h, 01Eh, 000h, 006h, 00Eh, 016h, 026h, 07Fh, 006h
	. . .
0E16	7F 06 

0E18	06 00 7F 60              DB 006h, 000h, 07Fh, 060h, 07Eh, 007h, 067h, 067h, 03Eh, 000h
	. . .
0E20	3E 00 

0E22	3E 60 7E 67              DB 03Eh, 060h, 07Eh, 067h, 067h, 067h, 03Eh, 000h, 07Fh, 07Fh
	. . .
0E2A	7F 7F 

0E2C	07 0E 1C 1C              DB 007h, 00Eh, 01Ch, 01Ch, 01Ch, 000h, 03Eh, 077h, 077h, 03Eh
	. . .
0E34	77 3E 

0E36	77 77 3E 00              DB 077h, 077h, 03Eh, 000h, 03Eh, 073h, 073h, 073h, 03Fh, 006h
	. . .
0E3E	3F 06 

0E40	3C 00                    DB 03Ch, 000h
0E42	00 00 00 00     lnrub:   DB 000h, 000h, 000h, 000h, 000h, 000h, 000h, 000h, 0DFh, 020h
	. . .
0E4A	DF 20 

0E4C	20 20 20 20              DB 020h, 020h, 020h, 020h, 020h, 020h, 0FBh, 004h, 004h, 004h
	. . .
0E54	04 04 

0E56	04 04 04 04              DB 004h, 004h, 004h, 004h, 07Fh, 07Fh, 07Fh, 000h, 0F7h, 0F7h
	. . .
0E5E	F7 F7 

0E60	F7 00 00 00              DB 0F7h, 000h, 000h, 000h, 018h, 03Ch, 018h, 018h, 018h, 03Ch
	. . .
0E68	18 3C 

0E6A	7E 7E 42 42              DB 07Eh, 07Eh, 042h, 042h, 042h, 042h, 07Eh, 03Ch, 0F0h, 0AAh
	. . .
0E72	F0 AA 

0E74	55 AA 55 AA              DB 055h, 0AAh, 055h, 0AAh, 055h, 0AAh, 055h, 0AAh, 055h, 0AAh
	. . .
0E7C	55 AA 

0E7E	55 00 0F FF              DB 055h, 000h, 00Fh, 0FFh, 0C0h, 0FFh, 0FFh, 0FFh, 0FFh, 0FFh
	. . .
0E86	FF FF 

0E88	0C 15 40 FF              DB 00Ch, 015h, 040h, 0FFh, 005h, 055h, 055h, 057h, 00Ch, 02Ah
	. . .
0E90	0C 2A 

0E92	80 FF 0A AA              DB 080h, 0FFh, 00Ah, 0AAh, 0AAh, 0ABh, 00Ch, 030h, 0C0h, 000h
	. . .
0E9A	C0 00 

0E9C	00 00 F0 C3              DB 000h, 000h, 0F0h, 0C3h, 00Ch, 030h, 055h, 055h, 05Ch, 000h
	. . .
0EA4	5C 00 

0EA6	F0 C3 0C 30              DB 0F0h, 0C3h, 00Ch, 030h, 0AAh, 0AAh, 0AFh, 0F0h, 0F0h, 0C3h
	. . .
0EAE	F0 C3 

0EB0	0C 30 C0 0F              DB 00Ch, 030h, 0C0h, 00Fh, 00Fh, 0F0h, 0F0h, 0C3h, 00Ch, 030h
	. . .
0EB8	0C 30 

0EBA	C0 0F 00 30              DB 0C0h, 00Fh, 000h, 030h, 0F0h, 003h, 00Ch, 000h, 0C3h, 00Fh
	. . .
0EC2	C3 0F 

0EC4	00 30 F0 03              DB 000h, 030h, 0F0h, 003h, 00Ch, 000h, 0C3h, 00Fh, 00Ch, 030h
	. . .
0ECC	0C 30 

0ECE	F0 C3 0F F0              DB 0F0h, 0C3h, 00Fh, 0F0h, 0C3h, 00Fh, 00Ch, 030h, 000h, 0C3h
	. . .
0ED6	00 C3 

0ED8	0F F0 C3 0F              DB 00Fh, 0F0h, 0C3h, 00Fh, 00Ch, 030h, 000h, 0C3h, 00Ch, 000h
	. . .
0EE0	0C 00 

0EE2	C3 0F 0C 30              DB 0C3h, 00Fh, 00Ch, 030h, 000h, 0C3h, 00Ch, 000h, 0C3h, 000h
	. . .
0EEA	C3 00 

0EEC	55 55 54 C3              DB 055h, 055h, 054h, 0C3h, 00Ch, 015h, 0C3h, 000h, 0AAh, 0AAh
	. . .
0EF4	AA AA 

0EF6	A8 C3 0C 2A              DB 0A8h, 0C3h, 00Ch, 02Ah, 0C3h, 0C0h, 003h, 00Fh, 0F0h, 0C3h
	. . .
0EFE	F0 C3 

0F00	0C 30 C0 C0              DB 00Ch, 030h, 0C0h, 0C0h, 00Fh, 00Fh, 0F0h, 0C3h, 00Ch, 030h
	. . .
0F08	0C 30 

0F0A	C0 C0 3C 0F              DB 0C0h, 0C0h, 03Ch, 00Fh, 0F0h, 0C3h, 00Ch, 030h, 0F0h, 0C0h
	. . .
0F12	F0 C0 

0F14	F0 03 F0 C3              DB 0F0h, 003h, 0F0h, 0C3h, 00Ch, 030h, 0F0h, 055h, 055h, 040h
	. . .
0F1C	55 40 

0F1E	F0 C3 0C 30              DB 0F0h, 0C3h, 00Ch, 030h, 0F0h, 0AAh, 0AAh, 080h, 030h, 0C3h
	. . .
0F26	30 C3 

0F28	0C 30 00 00              DB 00Ch, 030h, 000h, 000h, 030h, 0F0h, 015h, 055h, 00Ch, 030h
	. . .
0F30	0C 30 

0F32	00 00 30 F0              DB 000h, 000h, 030h, 0F0h, 02Ah, 0AAh, 00Ch, 03Fh, 0FCh, 03Ch
	. . .
0F3A	FC 3C 

0F3C	30 F0 03 C3              DB 030h, 0F0h, 003h, 0C3h, 00Ch, 00Fh, 00Ch, 03Ch, 030h, 0F0h
	. . .
0F44	30 F0 

0F46	03 C3 0C 03              DB 003h, 0C3h, 00Ch, 003h, 00Ch, 03Ch, 030h, 0FFh, 0C3h, 0C3h
	. . .
0F4E	C3 C3 

0F50	0C 15 55 70              DB 00Ch, 015h, 055h, 070h, 030h, 0FFh, 0C3h, 0C3h, 00Ch, 02Ah
	. . .
0F58	0C 2A 

0F5A	AA 80 30 57              DB 0AAh, 080h, 030h, 057h, 0C3h, 0C3h, 00Ch, 03Fh, 00Fh, 000h
	. . .
0F62	0F 00 

0F64	F0 AB C3 C3              DB 0F0h, 0ABh, 0C3h, 0C3h, 00Ch, 03Fh, 00Fh, 003h, 0C0h, 0C0h
	. . .
0F6C	C0 C0 

0F6E	C3 C3 0C 3F              DB 0C3h, 0C3h, 00Ch, 03Fh, 00Fh, 00Fh, 000h, 0C0h, 0C3h, 0C3h
	. . .
0F76	C3 C3 

0F78	0C 3F 0F 0C              DB 00Ch, 03Fh, 00Fh, 00Ch, 000h, 0F0h, 0C3h, 0C3h, 00Ch, 03Fh
	. . .
0F80	0C 3F 

0F82	0F 0C 00 F0              DB 00Fh, 00Ch, 000h, 0F0h, 0C0h, 003h, 005h, 055h, 04Fh, 00Ch
	. . .
0F8A	4F 0C 

0F8C	00 F0 C0 03              DB 000h, 0F0h, 0C0h, 003h, 00Ah, 0AAh, 08Fh, 00Ch, 015h, 0F0h
	. . .
0F94	15 F0 

0F96	F0 0F 0C 30              DB 0F0h, 00Fh, 00Ch, 030h, 000h, 00Ch, 02Ah, 0F0h, 0F0h, 03Fh
	. . .
0F9E	F0 3F 

0FA0	0C 30 00 0C              DB 00Ch, 030h, 000h, 00Ch, 030h, 000h, 0F0h, 0FFh, 00Ch, 030h
	. . .
0FA8	0C 30 

0FAA	FF 0C 30 00              DB 0FFh, 00Ch, 030h, 000h, 0F0h, 0F3h, 00Ch, 000h, 0FFh, 00Ch
	. . .
0FB2	FF 0C 

0FB4	30 F0 F0 F3              DB 030h, 0F0h, 0F0h, 0F3h, 00Ch, 030h, 055h, 055h, 055h, 0F0h
	. . .
0FBC	55 F0 

0FBE	00 FF 0C 30              DB 000h, 0FFh, 00Ch, 030h, 0AAh, 0AAh, 0AAh, 0F0h, 000h, 03Fh
	. . .
0FC6	00 3F 

0FC8	0C 30 03 0F              DB 00Ch, 030h, 003h, 00Fh, 000h, 0F0h, 000h, 00Fh, 00Ch, 030h
	. . .
0FD0	0C 30 

0FD2	03 0C 03 F0              DB 003h, 00Ch, 003h, 0F0h, 0F0h, 003h, 00Ch, 030h, 003h, 000h
	. . .
0FDA	03 00 

0FDC	0F 00 F0 03              DB 00Fh, 000h, 0F0h, 003h, 00Ch, 030h, 003h, 000h, 03Fh, 000h
	. . .
0FE4	3F 00 

0FE6	F0 03 0D 55              DB 0F0h, 003h, 00Dh, 055h, 055h, 054h, 015h, 055h, 055h, 057h
	. . .
0FEE	55 57 

0FF0	0E AA AA A8              DB 00Eh, 0AAh, 0AAh, 0A8h, 02Ah, 0AAh, 0AAh, 0ABh, 00Fh, 0FFh
	. . .
0FF8	0F FF 

0FFA	FF FC 3F FF              DB 0FFh, 0FCh, 03Fh, 0FFh, 0FFh, 0FFh
	. . .
0FFE	FF FF 

	                END
Labels:
end                     1000
lcopl                   9000	ldgpq                   FFE1
ldsss                   FFE0	lgzog                   FFE3
lhfed                   DF5A	lhlri                   FFE2
ljjjs                   04BD	ljjkl                   051D
ljjtr                   0535	ljmmj                   0009
ljmtd                   0031	ljmum                   04F1
ljpkr                   201D	ljpwi                   20A5
ljvwq                   04B4	ljvxi                   0594
ljvyr                   0044	ljynv                   0578
ljyoh                   0518	ljypn                   0108
ljyvr                   0D00	ljywj                   0070
ljyzi                   0180	ljzaa                   04E0
ljzaf                   0600	lkeon                   2018
lkfaf                   2020	lkfav                   2000
lkxfl                   4000	lncip                   057F
lnfjg                   04FB	lnfjv                   051B
lnflo                   04AB	lnftj                   0713
lnfvr                   0563	lnfwh                   0543
lnijh                   201F	lnjsg                   3FFF
lnlkb                   201B	lnlvt                   2023
lnomr                   002E	lnoxw                   04E6
lnrub                   0E42	lnrzg                   04C2
lnuya                   20A6	lnxnd                   201A
lnxoz                   202A	lnxyv                   2022

