	                ;*********************************************************************************************************
	                ; 
	                ; Autogenerated by DizAssembler:
	                ;   https://github.com/codenjoyme/8080-emulator/blob/master/src/main/java/spec/assembler/DizAssembler.java
	                ; From: src/main/resources/lik/apps/xonix/xonix.rks
	                ; In test: DizAssemblerTest.testDizAssembly()
	                ; 
	                ;*********************************************************************************************************
	                
	                         CPU  8080
	                         .ORG 00000h
	                logul    EQU 06917h
0000	D7                       RST 2
0001	17                       RAL
0002	69                       MOV L,C
0003	6E                       MOV L,M
0004	73                       MOV M,E
0005	6B                       MOV L,E
0006	3E 8D                    MVI A,08Dh
0008	BC                       CMP H
0009	C0                       RNZ
000A	3E FC                    MVI A,0FCh
000C	BD                       CMP L
000D	D8                       RC
000E	AF                       XRA A
000F	C9                       RET
0010	C3 63 05 C5              DB 0C3h, 063h, 005h, 0C5h, 0E5h, 05Fh, 021h, 008h, 000h, 00Eh
	. . .
0018	00 0E 

001A	00 7B 17 5F              DB 000h, 07Bh, 017h, 05Fh, 079h, 017h, 092h, 0D2h, 025h, 000h
	. . .
0022	25 00 

0024	82 4F 3F 7C              DB 082h, 04Fh, 03Fh, 07Ch, 017h, 067h, 02Dh, 0C2h, 01Bh, 000h
	. . .
002C	1B 00 

002E	7C 51 E1 C1              DB 07Ch, 051h, 0E1h, 0C1h, 0C9h, 020h, 020h, 020h, 020h, 020h
	. . .
0036	20 20 

0038	20 20 20 20              DB 020h, 020h, 020h, 020h, 020h, 020h, 020h, 020h, 020h, 020h
	. . .
0040	20 20 

0042	20 20 20 20              DB 020h, 020h, 020h, 020h, 020h, 020h, 020h, 020h, 020h, 020h
	. . .
004A	20 20 

004C	F5 2A BC 8F              DB 0F5h, 02Ah, 0BCh, 08Fh, 029h, 029h, 07Ch, 017h, 017h, 017h
	. . .
0054	17 17 

0056	84 84 C6 08              DB 084h, 084h, 0C6h, 008h, 065h, 06Fh, 07Ch, 00Fh, 067h, 00Fh
	. . .
005E	67 0F 

0060	84 67 22 FC              DB 084h, 067h, 022h, 0FCh, 08Fh, 0F1h, 0C9h, 021h, 000h, 086h
	. . .
0068	00 86 

006A	F5 3A A4 03              DB 0F5h, 03Ah, 0A4h, 003h, 0FEh, 009h, 0D2h, 017h, 00Ah, 0F1h
	. . .
0072	0A F1 

0074	E5 01 01 00              DB 0E5h, 001h, 001h, 000h, 01Eh, 037h, 0CDh, 065h, 009h, 0E5h
	. . .
007C	09 E5 

007E	21 C0 8B 1E              DB 021h, 0C0h, 08Bh, 01Eh, 037h, 0CDh, 065h, 009h, 0E1h, 00Eh
	. . .
0086	E1 0E 

0088	40 1E 19 CD              DB 040h, 01Eh, 019h, 0CDh, 065h, 009h, 0E1h, 01Eh, 019h, 0CDh
	. . .
0090	19 CD 

0092	65 09 21 40              DB 065h, 009h, 021h, 040h, 086h, 001h, 001h, 000h, 01Eh, 037h
	. . .
009A	1E 37 

009C	CD 65 09 21              DB 0CDh, 065h, 009h, 021h, 080h, 08Bh, 01Eh, 037h, 0C3h, 065h
	. . .
00A4	C3 65 

00A6	09 21 E0 DF              DB 009h, 021h, 0E0h, 0DFh, 057h, 059h, 019h, 0CDh, 060h, 008h
	. . .
00AE	60 08 

00B0	CD 4C 00 21              DB 0CDh, 04Ch, 000h, 021h, 011h, 011h, 022h, 069h, 08Fh, 0C3h
	. . .
00B8	8F C3 

00BA	0E 0A D5 C5              DB 00Eh, 00Ah, 0D5h, 0C5h, 0F5h, 02Ah, 0FCh, 08Fh, 07Ch, 016h
	. . .
00C2	7C 16 

00C4	03 CD 13 00              DB 003h, 0CDh, 013h, 000h, 067h, 07Dh, 0D6h, 008h, 016h, 00Ah
	. . .
00CC	16 0A 

00CE	CD 13 00 6C              DB 0CDh, 013h, 000h, 06Ch, 067h, 0CDh, 060h, 008h, 022h, 0BCh
	. . .
00D6	22 BC 

00D8	8F F1 C1 D1              DB 08Fh, 0F1h, 0C1h, 0D1h, 0C9h, 011h, 001h, 000h, 0AFh, 032h
	. . .
00E0	AF 32 

00E2	06 02 21 9D              DB 006h, 002h, 021h, 09Dh, 001h, 019h, 07Eh, 0E6h, 003h, 001h
	. . .
00EA	03 01 

00EC	41 00 A7 CA              DB 041h, 000h, 0A7h, 0CAh, 005h, 001h, 001h, 03Fh, 000h, 0FEh
	. . .
00F4	00 FE 

00F6	01 CA 05 01              DB 001h, 0CAh, 005h, 001h, 001h, 0BFh, 0FFh, 0FEh, 002h, 0CAh
	. . .
00FE	02 CA 

0100	05 01 01 C1              DB 005h, 001h, 001h, 0C1h, 0FFh, 0E5h, 0C5h, 021h, 0D4h, 001h
	. . .
0108	D4 01 

010A	19 19 4E 23              DB 019h, 019h, 04Eh, 023h, 046h, 0E1h, 009h, 07Eh, 0A7h, 0CAh
	. . .
0112	A7 CA 

0114	7E 01 FE 23              DB 07Eh, 001h, 0FEh, 023h, 0CCh, 0DEh, 004h, 0FEh, 04Fh, 0CAh
	. . .
011C	4F CA 

011E	7E 01 C5 D5              DB 07Eh, 001h, 0C5h, 0D5h, 001h, 003h, 005h, 0CDh, 039h, 005h
	. . .
0126	39 05 

0128	D1 C1 E1 3A              DB 0D1h, 0C1h, 0E1h, 03Ah, 006h, 002h, 0A7h, 0C2h, 03Ah, 001h
	. . .
0130	3A 01 

0132	3C 32 06 02              DB 03Ch, 032h, 006h, 002h, 07Eh, 0C6h, 002h, 077h, 07Eh, 03Ch
	. . .
013A	7E 3C 

013C	77 C3 E4 00              DB 077h, 0C3h, 0E4h, 000h, 011h, 000h, 086h, 021h, 040h, 006h
	. . .
0144	40 06 

0146	19 EB 36 00              DB 019h, 0EBh, 036h, 000h, 023h, 0CDh, 027h, 0C4h, 0C2h, 048h
	. . .
014E	C2 48 

0150	01 C3 57 C1              DB 001h, 0C3h, 057h, 0C1h, 021h, 06Ah, 08Fh, 07Eh, 0B7h, 0C2h
	. . .
0158	B7 C2 

015A	6F 01 3E 59              DB 06Fh, 001h, 03Eh, 059h, 0B9h, 0CAh, 06Bh, 001h, 021h, 011h
	. . .
0162	21 11 

0164	11 22 69 8F              DB 011h, 022h, 069h, 08Fh, 0C3h, 087h, 009h, 034h, 0C3h, 00Eh
	. . .
016C	C3 0E 

016E	0A 3D 3A 6B              DB 00Ah, 03Dh, 03Ah, 06Bh, 08Fh, 0C2h, 0A7h, 000h, 079h, 034h
	. . .
0176	79 34 

0178	32 6B 8F C3              DB 032h, 06Bh, 08Fh, 0C3h, 00Eh, 00Ah, 0E3h, 021h, 0D4h, 001h
	. . .
0180	D4 01 

0182	19 19 4E 23              DB 019h, 019h, 04Eh, 023h, 046h, 0AFh, 0CDh, 022h, 009h, 0C1h
	. . .
018A	09 C1 

018C	3E 4F CD 22              DB 03Eh, 04Fh, 0CDh, 022h, 009h, 070h, 02Bh, 071h, 03Ah, 0A4h
	. . .
0194	3A A4 

0196	03 BB C8 13              DB 003h, 0BBh, 0C8h, 013h, 0C3h, 0E0h, 000h, 001h, 049h, 03Ch
	. . .
019E	49 3C 

01A0	7F 05 06 07              DB 07Fh, 005h, 006h, 007h, 008h, 001h, 002h, 003h, 004h, 005h
	. . .
01A8	04 05 

01AA	06 07 08 01              DB 006h, 007h, 008h, 001h, 002h, 003h, 004h, 005h, 006h, 007h
	. . .
01B2	06 07 

01B4	08 1B 73 09              DB 008h, 01Bh, 073h, 009h, 00Ch, 051h, 0C1h, 00Ah, 011h, 009h
	. . .
01BC	11 09 

01BE	0D 28 C1 08              DB 00Dh, 028h, 0C1h, 008h, 02Dh, 0C1h, 018h, 065h, 002h, 019h
	. . .
01C6	02 19 

01C8	33 09 1A 5A              DB 033h, 009h, 01Ah, 05Ah, 002h, 007h, 011h, 00Ah, 01Fh, 040h
	. . .
01D0	1F 40 

01D2	01 00 94 86              DB 001h, 000h, 094h, 086h, 061h, 08Bh, 09Ah, 089h, 063h, 088h
	. . .
01DA	63 88 

01DC	9C 86 9E 86              DB 09Ch, 086h, 09Eh, 086h, 0A0h, 086h, 082h, 086h, 084h, 086h
	. . .
01E4	84 86 

01E6	86 86 88 86              DB 086h, 086h, 088h, 086h, 08Ah, 086h, 08Ch, 086h, 08Eh, 086h
	. . .
01EE	8E 86 

01F0	90 86 92 86              DB 090h, 086h, 092h, 086h, 0C2h, 086h, 0C4h, 086h, 0F8h, 086h
	. . .
01F8	F8 86 

01FA	C8 86 CA 86              DB 0C8h, 086h, 0CAh, 086h, 0CCh, 086h, 0C0h, 086h, 0C2h, 086h
	. . .
0202	C2 86 

0204	C4 86 00 02              DB 0C4h, 086h, 000h, 002h, 0AFh, 032h, 006h, 002h, 03Ah, 080h
	. . .
020C	3A 80 

020E	02 E6 03 01              DB 002h, 0E6h, 003h, 001h, 041h, 000h, 0A7h, 0CAh, 02Bh, 002h
	. . .
0216	2B 02 

0218	01 3F 00 FE              DB 001h, 03Fh, 000h, 0FEh, 001h, 0CAh, 02Bh, 002h, 001h, 0BFh
	. . .
0220	01 BF 

0222	FF FE 02 CA              DB 0FFh, 0FEh, 002h, 0CAh, 02Bh, 002h, 001h, 0C1h, 0FFh, 02Ah
	. . .
022A	FF 2A 

022C	7E 02 CD F1              DB 07Eh, 002h, 0CDh, 0F1h, 007h, 009h, 07Eh, 0FEh, 017h, 0CAh
	. . .
0234	17 CA 

0236	77 02 FE 24              DB 077h, 002h, 0FEh, 024h, 0CAh, 074h, 002h, 03Ah, 006h, 002h
	. . .
023E	06 02 

0240	A7 C2 50 02              DB 0A7h, 0C2h, 050h, 002h, 03Ch, 032h, 006h, 002h, 03Ah, 080h
	. . .
0248	3A 80 

024A	02 C6 02 32              DB 002h, 0C6h, 002h, 032h, 080h, 002h, 03Ah, 080h, 002h, 03Ch
	. . .
0252	02 3C 

0254	32 80 02 C3              DB 032h, 080h, 002h, 0C3h, 00Ch, 002h, 07Dh, 0FEh, 0F8h, 0C2h
	. . .
025C	F8 C2 

025E	45 C1 2E 08              DB 045h, 0C1h, 02Eh, 008h, 0C3h, 05Dh, 0C1h, 07Dh, 0FEh, 0F8h
	. . .
0266	FE F8 

0268	C2 07 C1 7C              DB 0C2h, 007h, 0C1h, 07Ch, 0FEh, 0BDh, 0CAh, 051h, 0C1h, 0C3h
	. . .
0270	C1 C3 

0272	0D C1 CD DE              DB 00Dh, 0C1h, 0CDh, 0DEh, 004h, 0CDh, 006h, 009h, 022h, 07Eh
	. . .
027A	22 7E 

027C	02 C9 41 86              DB 002h, 0C9h, 041h, 086h, 090h, 0CDh, 054h, 0C2h, 03Ah, 001h
	. . .
0284	3A 01 

0286	FF F6 03 FE              DB 0FFh, 0F6h, 003h, 0FEh, 0FFh, 0CAh, 094h, 002h, 0CDh, 0B1h
	. . .
028E	CD B1 

0290	C1 CD B0 C2              DB 0C1h, 0CDh, 0B0h, 0C2h, 0FEh, 01Fh, 0CAh, 000h, 0C8h, 0FEh
	. . .
0298	C8 FE 

029A	0D CA 63 05              DB 00Dh, 0CAh, 063h, 005h, 001h, 0FFh, 0FFh, 0FEh, 008h, 0CAh
	. . .
02A2	08 CA 

02A4	BF 02 01 01              DB 0BFh, 002h, 001h, 001h, 000h, 0FEh, 018h, 0CAh, 0BFh, 002h
	. . .
02AC	BF 02 

02AE	01 C0 FF FE              DB 001h, 0C0h, 0FFh, 0FEh, 019h, 0CAh, 0BFh, 002h, 001h, 040h
	. . .
02B6	01 40 

02B8	00 FE 1A CA              DB 000h, 0FEh, 01Ah, 0CAh, 0BFh, 002h, 0C9h, 02Ah, 019h, 003h
	. . .
02C0	19 03 

02C2	E5 09 3E 85              DB 0E5h, 009h, 03Eh, 085h, 0BCh, 0C2h, 0DAh, 002h, 0E1h, 0C9h
	. . .
02CA	E1 C9 

02CC	21 B5 01 CD              DB 021h, 0B5h, 001h, 0CDh, 0F8h, 008h, 02Ah, 0FCh, 08Fh, 0CAh
	. . .
02D4	8F CA 

02D6	3E 09 C5 C9              DB 03Eh, 009h, 0C5h, 0C9h, 03Eh, 08Ch, 0BCh, 0C2h, 0E2h, 002h
	. . .
02DE	E2 02 

02E0	E1 C9 7E FE              DB 0E1h, 0C9h, 07Eh, 0FEh, 023h, 0CAh, 0E0h, 002h, 032h, 018h
	. . .
02E8	32 18 

02EA	03 CD DE 07              DB 003h, 0CDh, 0DEh, 007h, 03Ah, 017h, 003h, 0FEh, 017h, 0C2h
	. . .
02F2	17 C2 

02F4	04 03 3A 18              DB 004h, 003h, 03Ah, 018h, 003h, 032h, 017h, 003h, 022h, 019h
	. . .
02FC	22 19 

02FE	03 E1 CD F1              DB 003h, 0E1h, 0CDh, 0F1h, 007h, 0C9h, 03Ah, 018h, 003h, 032h
	. . .
0306	03 32 

0308	17 03 22 19              DB 017h, 003h, 022h, 019h, 003h, 0E1h, 0CDh, 0E6h, 007h, 0FEh
	. . .
0310	07 FE 

0312	17 CA 1B 03              DB 017h, 0CAh, 01Bh, 003h, 0C9h, 017h, 017h, 0D6h, 08Bh, 0E5h
	. . .
031A	8B E5 

031C	CD 46 03 E1              DB 0CDh, 046h, 003h, 0E1h, 0E5h, 001h, 001h, 000h, 009h, 0CDh
	. . .
0324	09 CD 

0326	5A 03 E1 E5              DB 05Ah, 003h, 0E1h, 0E5h, 001h, 0FFh, 0FFh, 009h, 0CDh, 05Ah
	. . .
032E	CD 5A 

0330	03 E1 E5 01              DB 003h, 0E1h, 0E5h, 001h, 0C0h, 0FFh, 009h, 0CDh, 05Ah, 003h
	. . .
0338	5A 03 

033A	E1 01 40 00              DB 0E1h, 001h, 040h, 000h, 009h, 0CDh, 05Ah, 003h, 0CDh, 07Ch
	. . .
0342	CD 7C 

0344	04 C9 21 00              DB 004h, 0C9h, 021h, 000h, 086h, 07Eh, 0FEh, 023h, 0C2h, 052h
	. . .
034C	C2 52 

034E	03 CD F1 07              DB 003h, 0CDh, 0F1h, 007h, 023h, 03Eh, 08Ch, 0BCh, 0C2h, 049h
	. . .
0356	C2 49 

0358	03 C9 7E A7              DB 003h, 0C9h, 07Eh, 0A7h, 0C0h, 022h, 015h, 004h, 0AFh, 032h
	. . .
0360	AF 32 

0362	17 04 CD 8C              DB 017h, 004h, 0CDh, 08Ch, 003h, 03Ah, 017h, 004h, 0A7h, 0C2h
	. . .
036A	A7 C2 

036C	02 04 CD 18              DB 002h, 004h, 0CDh, 018h, 004h, 03Ah, 017h, 004h, 0A7h, 0C2h
	. . .
0374	A7 C2 

0376	02 04 21 00              DB 002h, 004h, 021h, 000h, 086h, 07Eh, 0FEh, 07Fh, 0C2h, 084h
	. . .
037E	C2 84 

0380	03 CD F1 07              DB 003h, 0CDh, 0F1h, 007h, 023h, 03Eh, 08Ch, 0BCh, 0C2h, 07Bh
	. . .
0388	C2 7B 

038A	03 C9 7E A7              DB 003h, 0C9h, 07Eh, 0A7h, 0C2h, 097h, 003h, 036h, 07Fh, 023h
	. . .
0392	7F 23 

0394	C3 8C 03 FE              DB 0C3h, 08Ch, 003h, 0FEh, 04Fh, 0CAh, 0FCh, 003h, 0FEh, 07Fh
	. . .
039C	FE 7F 

039E	CA 93 03 2A              DB 0CAh, 093h, 003h, 02Ah, 015h, 004h, 002h, 0A7h, 0C2h, 0AFh
	. . .
03A6	C2 AF 

03A8	03 36 7F 2B              DB 003h, 036h, 07Fh, 02Bh, 0C3h, 0A4h, 003h, 0FEh, 04Fh, 0CAh
	. . .
03B0	4F CA 

03B2	FC 03 FE 7F              DB 0FCh, 003h, 0FEh, 07Fh, 0CAh, 0ABh, 003h, 02Ah, 015h, 004h
	. . .
03BA	15 04 

03BC	01 40 00 7E              DB 001h, 040h, 000h, 07Eh, 0A7h, 0C2h, 0CDh, 003h, 036h, 07Fh
	. . .
03C4	36 7F 

03C6	09 CD 06 00              DB 009h, 0CDh, 006h, 000h, 0C2h, 0BFh, 003h, 0FEh, 04Fh, 0CAh
	. . .
03CE	4F CA 

03D0	FC 03 FE 7F              DB 0FCh, 003h, 0FEh, 07Fh, 0CAh, 0C6h, 003h, 02Ah, 015h, 004h
	. . .
03D8	15 04 

03DA	01 C0 FF 7E              DB 001h, 0C0h, 0FFh, 07Eh, 0A7h, 0C2h, 0F1h, 003h, 036h, 07Fh
	. . .
03E2	36 7F 

03E4	09 3E 86 BC              DB 009h, 03Eh, 086h, 0BCh, 0C2h, 0DDh, 003h, 03Eh, 040h, 0BDh
	. . .
03EC	40 BD 

03EE	DA DD 03 FE              DB 0DAh, 0DDh, 003h, 0FEh, 04Fh, 0CAh, 0FCh, 003h, 0FEh, 07Fh
	. . .
03F6	FE 7F 

03F8	CA E4 03 C9              DB 0CAh, 0E4h, 003h, 0C9h, 03Eh, 007h, 032h, 017h, 004h, 0C9h
	. . .
0400	04 C9 

0402	21 00 86 7E              DB 021h, 000h, 086h, 07Eh, 0FEh, 07Fh, 0C2h, 00Dh, 004h, 036h
	. . .
040A	04 36 

040C	00 23 3E 8C              DB 000h, 023h, 03Eh, 08Ch, 0BCh, 0C2h, 005h, 004h, 0C9h, 049h
	. . .
0414	C9 49 

0416	8B 00 21 40              DB 08Bh, 000h, 021h, 040h, 086h, 022h, 07Ah, 004h, 0AFh, 032h
	. . .
041E	AF 32 

0420	79 04 2A 7A              DB 079h, 004h, 02Ah, 07Ah, 004h, 07Eh, 0FEh, 07Fh, 0CAh, 042h
	. . .
0428	CA 42 

042A	04 23 22 7A              DB 004h, 023h, 022h, 07Ah, 004h, 0CDh, 006h, 000h, 0C2h, 022h
	. . .
0432	C2 22 

0434	04 3A 17 04              DB 004h, 03Ah, 017h, 004h, 0A7h, 0C0h, 03Ah, 079h, 004h, 0A7h
	. . .
043C	04 A7 

043E	C2 01 07 C9              DB 0C2h, 001h, 007h, 0C9h, 001h, 001h, 000h, 0CDh, 060h, 004h
	. . .
0446	60 04 

0448	01 FF FF CD              DB 001h, 0FFh, 0FFh, 0CDh, 060h, 004h, 001h, 040h, 000h, 0CDh
	. . .
0450	00 CD 

0452	60 04 01 C0              DB 060h, 004h, 001h, 0C0h, 0FFh, 0CDh, 060h, 004h, 02Ah, 07Ah
	. . .
045A	2A 7A 

045C	04 C3 2B 04              DB 004h, 0C3h, 02Bh, 004h, 02Ah, 07Ah, 004h, 009h, 07Eh, 0FEh
	. . .
0464	7E FE 

0466	4F CA 74 04              DB 04Fh, 0CAh, 074h, 004h, 0A7h, 0C0h, 036h, 07Fh, 03Ch, 03Ch
	. . .
046E	3C 3C 

0470	32 79 04 C9              DB 032h, 079h, 004h, 0C9h, 03Ch, 032h, 017h, 004h, 0C9h, 000h
	. . .
0478	C9 00 

047A	00 8D 21 01              DB 000h, 08Dh, 021h, 001h, 000h, 022h, 0CEh, 004h, 0AFh, 032h
	. . .
0482	AF 32 

0484	17 04 2A CE              DB 017h, 004h, 02Ah, 0CEh, 004h, 0EBh, 021h, 0D4h, 001h, 019h
	. . .
048C	01 19 

048E	19 4E 23 46              DB 019h, 04Eh, 023h, 046h, 060h, 069h, 022h, 015h, 004h, 036h
	. . .
0496	04 36 

0498	7F CD 8C 03              DB 07Fh, 0CDh, 08Ch, 003h, 03Ah, 017h, 004h, 0A7h, 0C2h, 0D0h
	. . .
04A0	C2 D0 

04A2	04 CD 18 04              DB 004h, 0CDh, 018h, 004h, 03Ah, 017h, 004h, 0A7h, 0C2h, 0D0h
	. . .
04AA	C2 D0 

04AC	04 CD 02 04              DB 004h, 0CDh, 002h, 004h, 02Ah, 015h, 004h, 0CDh, 0F7h, 007h
	. . .
04B4	F7 07 

04B6	2A CE 04 3A              DB 02Ah, 0CEh, 004h, 03Ah, 0A4h, 003h, 0BDh, 0CAh, 0C7h, 004h
	. . .
04BE	C7 04 

04C0	23 22 CE 04              DB 023h, 022h, 0CEh, 004h, 0C3h, 086h, 004h, 03Eh, 001h, 032h
	. . .
04C8	01 32 

04CA	CD 04 C9 00              DB 0CDh, 004h, 0C9h, 000h, 002h, 000h, 0CDh, 002h, 004h, 02Ah
	. . .
04D2	04 2A 

04D4	15 04 CD F7              DB 015h, 004h, 0CDh, 0F7h, 007h, 0AFh, 032h, 0CDh, 004h, 0C9h
	. . .
04DC	04 C9 

04DE	E5 D5 C5 F5              DB 0E5h, 0D5h, 0C5h, 0F5h, 001h, 050h, 050h, 0CDh, 039h, 005h
	. . .
04E6	39 05 

04E8	01 40 40 CD              DB 001h, 040h, 040h, 0CDh, 039h, 005h, 001h, 030h, 030h, 0CDh
	. . .
04F0	30 CD 

04F2	39 05 01 20              DB 039h, 005h, 001h, 020h, 020h, 0CDh, 039h, 005h, 001h, 010h
	. . .
04FA	01 10 

04FC	FF CD 39 05              DB 0FFh, 0CDh, 039h, 005h, 02Ah, 019h, 003h, 03Ah, 017h, 003h
	. . .
0504	17 03 

0506	CD EC 07 21              DB 0CDh, 0ECh, 007h, 021h, 000h, 086h, 07Eh, 0FEh, 023h, 0C2h
	. . .
050E	23 C2 

0510	17 05 3E 00              DB 017h, 005h, 03Eh, 000h, 0CDh, 0ECh, 007h, 023h, 03Eh, 08Ch
	. . .
0518	3E 8C 

051A	BC C2 0C 05              DB 0BCh, 0C2h, 00Ch, 005h, 03Ah, 038h, 005h, 03Dh, 032h, 038h
	. . .
0522	32 38 

0524	05 21 D6 8B              DB 005h, 021h, 0D6h, 08Bh, 022h, 019h, 003h, 0CDh, 0DEh, 007h
	. . .
052C	DE 07 

052E	3E 17 32 17              DB 03Eh, 017h, 032h, 017h, 003h, 0F1h, 0C1h, 0D1h, 0E1h, 0C9h
	. . .
0536	E1 C9 

0538	02 C5 59 CD              DB 002h, 0C5h, 059h, 0CDh, 05Ah, 005h, 01Dh, 0C2h, 03Bh, 005h
	. . .
0540	3B 05 

0542	3E 0B 32 03              DB 03Eh, 00Bh, 032h, 003h, 0FFh, 059h, 0CDh, 05Ah, 005h, 01Dh
	. . .
054A	05 1D 

054C	C2 48 05 3E              DB 0C2h, 048h, 005h, 03Eh, 00Ah, 032h, 003h, 0FFh, 005h, 0C2h
	. . .
0554	05 C2 

0556	3A 05 C1 C9              DB 03Ah, 005h, 0C1h, 0C9h, 0C9h, 0C5h, 00Eh, 01Fh, 0CDh, 07Ch
	. . .
055E	CD 7C 

0560	09 C1 C9 31              DB 009h, 0C1h, 0C9h, 031h, 0FFh, 07Fh, 001h, 0FFh, 020h, 0CDh
	. . .
0568	20 CD 

056A	39 05 3E 02              DB 039h, 005h, 03Eh, 002h, 032h, 0A4h, 003h, 021h, 007h, 006h
	. . .
0572	07 06 

0574	CD 8B 07 CD              DB 0CDh, 08Bh, 007h, 0CDh, 037h, 0C3h, 0FEh, 01Fh, 0CAh, 000h
	. . .
057C	CA 00 

057E	C8 3A A4 03              DB 0C8h, 03Ah, 0A4h, 003h, 032h, 038h, 005h, 0CDh, 05Bh, 005h
	. . .
0586	5B 05 

0588	CD 67 00 21              DB 0CDh, 067h, 000h, 021h, 0D6h, 08Bh, 022h, 019h, 003h, 0CDh
	. . .
0590	03 CD 

0592	DE 07 21 00              DB 0DEh, 007h, 021h, 000h, 086h, 022h, 07Eh, 002h, 016h, 007h
	. . .
059A	16 07 

059C	21 F0 06 CD              DB 021h, 0F0h, 006h, 0CDh, 0FBh, 005h, 0AFh, 032h, 0CDh, 004h
	. . .
05A4	CD 04 

05A6	CD DD 00 CD              DB 0CDh, 0DDh, 000h, 0CDh, 081h, 002h, 0CDh, 067h, 007h, 03Ah
	. . .
05AE	07 3A 

05B0	00 07 3C 32              DB 000h, 007h, 03Ch, 032h, 000h, 007h, 0FEh, 003h, 0C2h, 0C2h
	. . .
05B8	C2 C2 

05BA	05 AF 32 00              DB 005h, 0AFh, 032h, 000h, 007h, 0CDh, 008h, 002h, 03Ah, 0CDh
	. . .
05C2	3A CD 

05C4	04 A7 CA E5              DB 004h, 0A7h, 0CAh, 0E5h, 005h, 03Ah, 0A4h, 003h, 047h, 03Ah
	. . .
05CC	47 3A 

05CE	96 07 FE 00              DB 096h, 007h, 0FEh, 000h, 078h, 0DAh, 0D9h, 005h, 032h, 096h
	. . .
05D6	32 96 

05D8	07 3C FE 17              DB 007h, 03Ch, 0FEh, 017h, 0CAh, 063h, 005h, 032h, 0A4h, 003h
	. . .
05E0	A4 03 

05E2	C3 7F 05 3A              DB 0C3h, 07Fh, 005h, 03Ah, 038h, 005h, 0A7h, 0C2h, 0A2h, 005h
	. . .
05EA	A2 05 

05EC	3A A4 03 3D              DB 03Ah, 0A4h, 003h, 03Dh, 0FEh, 002h, 0DAh, 063h, 005h, 032h
	. . .
05F4	05 32 

05F6	A4 03 C3 7F              DB 0A4h, 003h, 0C3h, 07Fh, 005h, 04Eh, 023h, 046h, 023h, 0CDh
	. . .
05FE	23 CD 

0600	39 05 15 C2              DB 039h, 005h, 015h, 0C2h, 0FBh, 005h, 0C9h, 01Fh, 01Bh, 059h
	. . .
0608	1B 59 

060A	37 49 20 6D              DB 037h, 049h, 020h, 06Dh, 069h, 06Eh, 073h, 06Bh, 02Ch, 020h
	. . .
0612	2C 20 

0614	55 43 32 41              DB 055h, 043h, 032h, 041h, 043h, 054h, 00Ah, 01Bh, 059h, 023h
	. . .
061C	59 23 

061E	21 20 20 20              DB 021h, 020h, 020h, 020h, 020h, 020h, 020h, 020h, 020h, 020h
	. . .
0626	20 20 

0628	20 2A 20 2A              DB 020h, 02Ah, 020h, 02Ah, 020h, 02Ah, 020h, 058h, 020h, 04Fh
	. . .
0630	20 4F 

0632	20 4E 20 49              DB 020h, 04Eh, 020h, 049h, 020h, 058h, 020h, 02Ah, 020h, 02Ah
	. . .
063A	20 2A 

063C	20 2A 0A 0D              DB 020h, 02Ah, 00Ah, 00Dh, 00Ah, 00Ah, 00Ah, 020h, 020h, 020h
	. . .
0644	20 20 

0646	20 20 20 20              DB 020h, 020h, 020h, 020h, 020h, 077h, 061h, 07Bh, 061h, 020h
	. . .
064E	61 20 

0650	7A 61 64 61              DB 07Ah, 061h, 064h, 061h, 07Eh, 061h, 020h, 072h, 061h, 07Ah
	. . .
0658	61 7A 

065A	64 65 6C 69              DB 064h, 065h, 06Ch, 069h, 074h, 078h, 020h, 077h, 073h, 065h
	. . .
0662	73 65 

0664	20 71 6A 63              DB 020h, 071h, 06Ah, 063h, 061h, 02Ch, 00Ah, 00Dh, 020h, 020h
	. . .
066C	20 20 

066E	20 20 20 20              DB 020h, 020h, 020h, 020h, 020h, 020h, 075h, 070h, 072h, 061h
	. . .
0676	72 61 

0678	77 6C 71 71              DB 077h, 06Ch, 071h, 071h, 020h, 07Eh, 065h, 072h, 074h, 069h
	. . .
0680	74 69 

0682	6B 6F 6D 20              DB 06Bh, 06Fh, 06Dh, 020h, 070h, 072h, 069h, 020h, 070h, 06Fh
	. . .
068A	70 6F 

068C	6D 6F 7D 69              DB 06Dh, 06Fh, 07Dh, 069h, 00Ah, 00Dh, 020h, 020h, 020h, 020h
	. . .
0694	20 20 

0696	20 20 20 20              DB 020h, 020h, 020h, 020h, 06Bh, 06Ch, 061h, 077h, 069h, 07Bh
	. . .
069E	69 7B 

06A0	20 75 70 72              DB 020h, 075h, 070h, 072h, 061h, 077h, 06Ch, 065h, 06Eh, 069h
	. . .
06A8	6E 69 

06AA	71 20 6B 75              DB 071h, 020h, 06Bh, 075h, 072h, 073h, 06Fh, 072h, 06Fh, 06Dh
	. . .
06B2	6F 6D 

06B4	0A 0A 0D 20              DB 00Ah, 00Ah, 00Dh, 020h, 020h, 020h, 020h, 020h, 020h, 020h
	. . .
06BC	20 20 

06BE	20 20 77 6B              DB 020h, 020h, 077h, 06Bh, 02Dh, 020h, 020h, 06Eh, 061h, 07Eh
	. . .
06C6	61 7E 

06C8	61 74 78 20              DB 061h, 074h, 078h, 020h, 069h, 067h, 072h, 075h, 02Ch, 00Ah
	. . .
06D0	2C 0A 

06D2	0D 20 20 20              DB 00Dh, 020h, 020h, 020h, 020h, 020h, 020h, 020h, 020h, 020h
	. . .
06DA	20 20 

06DC	73 74 72 2D              DB 073h, 074h, 072h, 02Dh, 020h, 06Fh, 06Bh, 06Fh, 06Eh, 07Eh
	. . .
06E4	6E 7E 

06E6	69 74 78 20              DB 069h, 074h, 078h, 020h, 069h, 067h, 072h, 075h, 02Eh, 000h
	. . .
06EE	2E 00 

06F0	05 F0 10 E0              DB 005h, 0F0h, 010h, 0E0h, 015h, 0D0h, 020h, 0C0h, 025h, 0B0h
	. . .
06F8	25 B0 

06FA	15 A0 30 90              DB 015h, 0A0h, 030h, 090h, 010h, 0F0h, 002h, 02Ah, 07Ah, 004h
	. . .
0702	7A 04 

0704	7E FE 7F CA              DB 07Eh, 0FEh, 07Fh, 0CAh, 01Dh, 007h, 02Bh, 022h, 07Ah, 004h
	. . .
070C	7A 04 

070E	3E 86 BC C2              DB 03Eh, 086h, 0BCh, 0C2h, 001h, 007h, 03Eh, 040h, 0BDh, 0C2h
	. . .
0716	BD C2 

0718	01 07 C3 18              DB 001h, 007h, 0C3h, 018h, 004h, 001h, 001h, 000h, 0CDh, 060h
	. . .
0720	CD 60 

0722	04 01 FF FF              DB 004h, 001h, 0FFh, 0FFh, 0CDh, 060h, 004h, 001h, 040h, 000h
	. . .
072A	40 00 

072C	CD 60 04 01              DB 0CDh, 060h, 004h, 001h, 0C0h, 0FFh, 0CDh, 060h, 004h, 02Ah
	. . .
0734	04 2A 

0736	7A 04 C3 0A              DB 07Ah, 004h, 0C3h, 00Ah, 007h, 047h, 036h, 020h, 02Bh, 0E6h
	. . .
073E	2B E6 

0740	07 C6 30 77              DB 007h, 0C6h, 030h, 077h, 02Bh, 078h, 00Fh, 00Fh, 00Fh, 047h
	. . .
0748	0F 47 

074A	E6 07 CA 56              DB 0E6h, 007h, 0CAh, 056h, 007h, 0C6h, 030h, 077h, 02Bh, 0C3h
	. . .
0752	2B C3 

0754	59 07 36 20              DB 059h, 007h, 036h, 020h, 02Bh, 078h, 00Fh, 00Fh, 00Fh, 047h
	. . .
075C	0F 47 

075E	E6 03 CA 50              DB 0E6h, 003h, 0CAh, 050h, 008h, 0C6h, 030h, 077h, 0C9h, 03Ah
	. . .
0766	C9 3A 

0768	A4 03 21 A5              DB 0A4h, 003h, 021h, 0A5h, 007h, 0CDh, 03Bh, 007h, 03Ah, 038h
	. . .
0770	3A 38 

0772	05 21 B3 07              DB 005h, 021h, 0B3h, 007h, 0CDh, 03Bh, 007h, 03Ah, 096h, 007h
	. . .
077A	96 07 

077C	21 CA 07 CD              DB 021h, 0CAh, 007h, 0CDh, 03Bh, 007h, 021h, 0F8h, 000h, 022h
	. . .
0784	00 22 

0786	FC 8F 21 97              DB 0FCh, 08Fh, 021h, 097h, 007h, 07Eh, 04Fh, 0B7h, 0C8h, 0CDh
	. . .
078E	C8 CD 

0790	7C 09 23 C3              DB 07Ch, 009h, 023h, 0C3h, 08Bh, 007h, 002h, 06Bh, 06Fh, 06Ch
	. . .
0798	6F 6C 

079A	69 7E 65 73              DB 069h, 07Eh, 065h, 073h, 074h, 077h, 06Fh, 02Dh, 020h, 020h
	. . .
07A2	20 20 

07A4	32 20 20 20              DB 032h, 020h, 020h, 020h, 070h, 06Fh, 070h, 079h, 074h, 06Bh
	. . .
07AC	74 6B 

07AE	69 2D 20 20              DB 069h, 02Dh, 020h, 020h, 032h, 020h, 020h, 020h, 06Ch, 075h
	. . .
07B6	6C 75 

07B8	7E 7B 69 6A              DB 07Eh, 07Bh, 069h, 06Ah, 020h, 072h, 065h, 07Ah, 075h, 06Ch
	. . .
07C0	75 6C 

07C2	78 74 61 74              DB 078h, 074h, 061h, 074h, 02Dh, 020h, 020h, 032h, 020h, 000h
	. . .
07CA	20 00 

07CC	E5 F5 7C D6              DB 0E5h, 0F5h, 07Ch, 0D6h, 086h, 067h, 022h, 0BCh, 08Fh, 0CDh
	. . .
07D4	8F CD 

07D6	4C 00 CD 7C              DB 04Ch, 000h, 0CDh, 07Ch, 009h, 0F1h, 0E1h, 0C9h, 0C5h, 00Eh
	. . .
07DE	C5 0E 

07E0	24 CD CC 07              DB 024h, 0CDh, 0CCh, 007h, 0C1h, 0C9h, 0C5h, 00Eh, 023h, 0C3h
	. . .
07E8	23 C3 

07EA	E1 07 C5 4F              DB 0E1h, 007h, 0C5h, 04Fh, 0C3h, 0E1h, 007h, 0C5h, 00Eh, 017h
	. . .
07F2	0E 17 

07F4	C3 E1 07 C5              DB 0C3h, 0E1h, 007h, 0C5h, 00Eh, 04Fh, 0C3h, 0E1h, 007h, 023h
	. . .
07FC	07 23 

07FE	23 23 00 00              DB 023h, 023h, 000h, 000h, 000h, 000h, 000h, 000h, 000h, 000h
	. . .
0806	00 00 

0808	38 38 38 38              DB 038h, 038h, 038h, 038h, 000h, 000h, 000h, 000h, 007h, 007h
	. . .
0810	07 07 

0812	07 07 00 00              DB 007h, 007h, 000h, 000h, 000h, 000h, 03Fh, 03Fh, 03Fh, 03Fh
	. . .
081A	3F 3F 

081C	00 00 00 00              DB 000h, 000h, 000h, 000h, 000h, 000h, 000h, 000h, 007h, 007h
	. . .
0824	07 07 

0826	07 07 38 38              DB 007h, 007h, 038h, 038h, 038h, 038h, 007h, 007h, 007h, 007h
	. . .
082E	07 07 

0830	07 07 07 07              DB 007h, 007h, 007h, 007h, 007h, 007h, 007h, 007h, 03Fh, 03Fh
	. . .
0838	3F 3F 

083A	3F 3F 07 07              DB 03Fh, 03Fh, 007h, 007h, 007h, 007h, 055h, 043h, 032h, 041h
	. . .
0842	32 41 

0844	43 54 23 23              DB 043h, 054h, 023h, 023h, 00Ch, 00Ch, 03Fh, 02Dh, 00Ch, 00Ch
	. . .
084C	0C 0C 

084E	12 21 36 20              DB 012h, 021h, 036h, 020h, 0C9h, 023h, 023h, 023h, 023h, 023h
	. . .
0856	23 23 

0858	0C 1E 3F 0C              DB 00Ch, 01Eh, 03Fh, 00Ch, 00Ch, 00Ch, 00Ch, 00Ch, 07Ch, 00Fh
	. . .
0860	7C 0F 

0862	0F 47 E6 C0              DB 00Fh, 047h, 0E6h, 0C0h, 0B5h, 06Fh, 078h, 0E6h, 007h, 067h
	. . .
086A	07 67 

086C	22 BC 8F C9              DB 022h, 0BCh, 08Fh, 0C9h, 008h, 00Ch, 02Eh, 03Fh, 03Fh, 02Eh
	. . .
0874	3F 2E 

0876	0C 08 0C 0C              DB 00Ch, 008h, 00Ch, 00Ch, 00Ch, 00Ch, 00Ch, 03Fh, 01Eh, 00Ch
	. . .
087E	1E 0C 

0880	00 00 00 00              DB 000h, 000h, 000h, 000h, 038h, 038h, 038h, 038h, 038h, 038h
	. . .
0888	38 38 

088A	38 38 38 38              DB 038h, 038h, 038h, 038h, 038h, 038h, 007h, 007h, 007h, 007h
	. . .
0892	07 07 

0894	38 38 38 38              DB 038h, 038h, 038h, 038h, 03Fh, 03Fh, 03Fh, 03Fh, 038h, 038h
	. . .
089C	38 38 

089E	38 38 00 00              DB 038h, 038h, 000h, 000h, 000h, 000h, 03Fh, 03Fh, 03Fh, 03Fh
	. . .
08A6	3F 3F 

08A8	38 38 38 38              DB 038h, 038h, 038h, 038h, 03Fh, 03Fh, 03Fh, 03Fh, 007h, 007h
	. . .
08B0	07 07 

08B2	07 07 3F 3F              DB 007h, 007h, 03Fh, 03Fh, 03Fh, 03Fh, 03Fh, 03Fh, 03Fh, 03Fh
	. . .
08BA	3F 3F 

08BC	3F 3F 3F 3F              DB 03Fh, 03Fh, 03Fh, 03Fh, 023h, 023h, 023h, 023h, 023h, 023h
	. . .
08C4	23 23 

08C6	23 23 23 23              DB 023h, 023h, 023h, 023h, 023h, 023h, 023h, 023h, 023h, 023h
	. . .
08CE	23 23 

08D0	23 23 23 23              DB 023h, 023h, 023h, 023h, 023h, 023h, 023h, 023h, 00Ch, 00Ch
	. . .
08D8	0C 0C 

08DA	0C 0C 0C 0C              DB 00Ch, 00Ch, 00Ch, 00Ch, 00Ch, 00Ch, 000h, 000h, 000h, 03Fh
	. . .
08E2	00 3F 

08E4	3F 00 00 00              DB 03Fh, 000h, 000h, 000h, 004h, 00Ch, 01Dh, 03Fh, 03Fh, 01Bh
	. . .
08EC	3F 1B 

08EE	0C 04 03 04              DB 00Ch, 004h, 003h, 004h, 016h, 02Dh, 021h, 021h, 012h, 00Ch
	. . .
08F6	12 0C 

08F8	4F 7E A6 C8              DB 04Fh, 07Eh, 0A6h, 0C8h, 0B9h, 023h, 0CAh, 00Ch, 009h, 023h
	. . .
0900	09 23 

0902	23 C3 F9 08              DB 023h, 0C3h, 0F9h, 008h, 0C5h, 00Eh, 040h, 0C3h, 0E1h, 007h
	. . .
090A	E1 07 

090C	4E 23 46 B7              DB 04Eh, 023h, 046h, 0B7h, 0C9h, 07Dh, 0FEh, 0F8h, 0CAh, 01Ch
	. . .
0914	CA 1C 

0916	09 FE 02 C2              DB 009h, 0FEh, 002h, 0C2h, 013h, 0C1h, 0CDh, 05Bh, 005h, 0C3h
	. . .
091E	05 C3 

0920	9E C0 E5 60              DB 09Eh, 0C0h, 0E5h, 060h, 069h, 0C5h, 04Fh, 0CDh, 0CCh, 007h
	. . .
0928	CC 07 

092A	C1 E1 C9 C5              DB 0C1h, 0E1h, 0C9h, 0C5h, 00Eh, 07Fh, 0C3h, 0E1h, 007h, 07Dh
	. . .
0932	07 7D 

0934	FE 08 C2 39              DB 0FEh, 008h, 0C2h, 039h, 0C1h, 02Eh, 0F8h, 0C3h, 05Dh, 0C1h
	. . .
093C	5D C1 

093E	2A E7 8F 67              DB 02Ah, 0E7h, 08Fh, 067h, 07Dh, 0FEh, 0A0h, 0C2h, 055h, 009h
	. . .
0946	55 09 

0948	21 20 01 22              DB 021h, 020h, 001h, 022h, 0E7h, 08Fh, 07Ch, 02Ah, 0FCh, 08Fh
	. . .
0950	FC 8F 

0952	CD 5E 09 21              DB 0CDh, 05Eh, 009h, 021h, 0A0h, 018h, 022h, 0E7h, 08Fh, 0C3h
	. . .
095A	8F C3 

095C	0E 0A E5 E5              DB 00Eh, 00Ah, 0E5h, 0E5h, 0E5h, 0E5h, 0C3h, 096h, 009h, 0CDh
	. . .
0964	09 CD 

0966	F1 07 23 CD              DB 0F1h, 007h, 023h, 0CDh, 0F1h, 007h, 02Bh, 009h, 01Dh, 0C2h
	. . .
096E	1D C2 

0970	65 09 C9 21              DB 065h, 009h, 0C9h, 021h, 000h, 000h, 022h, 069h, 08Fh, 0C3h
	. . .
0978	8F C3 

097A	0E 0A E5 D5              DB 00Eh, 00Ah, 0E5h, 0D5h, 0C5h, 0F5h, 03Ah, 069h, 08Fh, 0B7h
	. . .
0982	8F B7 

0984	CA 54 01 2A              DB 0CAh, 054h, 001h, 02Ah, 0FCh, 08Fh, 079h, 0FEh, 020h, 0DAh
	. . .
098C	20 DA 

098E	CC 02 7D 3D              DB 0CCh, 002h, 07Dh, 03Dh, 03Dh, 0CCh, 05Bh, 005h, 0CDh, 0BCh
	. . .
0996	CD BC 

0998	00 EB 21 00              DB 000h, 0EBh, 021h, 000h, 086h, 019h, 071h, 0EBh, 023h, 022h
	. . .
09A0	23 22 

09A2	BC 8F 2A FC              DB 0BCh, 08Fh, 02Ah, 0FCh, 08Fh, 0EBh, 0CDh, 04Ch, 000h, 079h
	. . .
09AA	00 79 

09AC	32 E9 8F D6              DB 032h, 0E9h, 08Fh, 0D6h, 020h, 02Ah, 0E7h, 08Fh, 085h, 06Fh
	. . .
09B4	85 6F 

09B6	29 29 29 EB              DB 029h, 029h, 029h, 0EBh, 07Ch, 0E6h, 003h, 04Fh, 03Eh, 005h
	. . .
09BE	3E 05 

09C0	91 4F 7C E6              DB 091h, 04Fh, 07Ch, 0E6h, 0FCh, 00Fh, 00Fh, 0C6h, 090h, 067h
	. . .
09C8	90 67 

09CA	22 F8 8F 21              DB 022h, 0F8h, 08Fh, 021h, 03Fh, 000h, 079h, 029h, 029h, 03Dh
	. . .
09D2	29 3D 

09D4	C2 D1 09 7C              DB 0C2h, 0D1h, 009h, 07Ch, 02Fh, 067h, 07Dh, 02Fh, 06Fh, 0E5h
	. . .
09DC	6F E5 

09DE	06 08 1A 6F              DB 006h, 008h, 01Ah, 06Fh, 026h, 000h, 079h, 029h, 029h, 03Dh
	. . .
09E6	29 3D 

09E8	C2 E5 09 E3              DB 0C2h, 0E5h, 009h, 0E3h, 0E5h, 013h, 005h, 0C2h, 0E0h, 009h
	. . .
09F0	E0 09 

09F2	06 08 2A F8              DB 006h, 008h, 02Ah, 0F8h, 08Fh, 0EBh, 0E1h, 006h, 008h, 01Ah
	. . .
09FA	08 1A 

09FC	A4 E3 B4 E3              DB 0A4h, 0E3h, 0B4h, 0E3h, 012h, 014h, 01Ah, 0A5h, 0E3h, 0B5h
	. . .
0A04	E3 B5 

0A06	12 15 05 E1              DB 012h, 015h, 005h, 0E1h, 01Bh, 0C2h, 0FBh, 009h, 0C3h, 09Eh
	. . .
0A0E	C3 9E 

0A10	C0 CD 95 C1              DB 0C0h, 0CDh, 095h, 0C1h, 0C3h, 00Eh, 00Ah, 0F1h, 021h, 04Ah
	. . .
0A18	21 4A 

0A1A	0A CD 8B 07              DB 00Ah, 0CDh, 08Bh, 007h, 016h, 007h, 021h, 03Ah, 00Ah, 0CDh
	. . .
0A22	0A CD 

0A24	FB 05 2E FF              DB 0FBh, 005h, 02Eh, 0FFh, 026h, 003h, 00Eh, 0FFh, 0CDh, 08Fh
	. . .
0A2C	CD 8F 

0A2E	C1 0D C2 2C              DB 0C1h, 00Dh, 0C2h, 02Ch, 00Ah, 025h, 0C2h, 02Ah, 00Ah, 0C3h
	. . .
0A36	0A C3 

0A38	63 05 1A F0              DB 063h, 005h, 01Ah, 0F0h, 020h, 0E0h, 01Ah, 0F0h, 020h, 0E0h
	. . .
0A40	20 E0 

0A42	19 F0                    DB 019h, 0F0h
	                END
Labels:
end                     0A44
logul                   6917	
